#
# There is insufficient memory for the Java Runtime Environment to continue.
# Native memory allocation (malloc) failed to allocate 910736 bytes. Error detail: Chunk::new
# Possible reasons:
#   The system is out of physical RAM or swap space
#   This process is running with CompressedOops enabled, and the Java Heap may be blocking the growth of the native heap
# Possible solutions:
#   Reduce memory load on the system
#   Increase physical memory or swap space
#   Check if swap backing store is full
#   Decrease Java heap size (-Xmx/-Xms)
#   Decrease number of Java threads
#   Decrease Java thread stack sizes (-Xss)
#   Set larger code cache with -XX:ReservedCodeCacheSize=
#   JVM is running with Unscaled Compressed Oops mode in which the Java heap is
#     placed in the first 4GB address space. The Java Heap base address is the
#     maximum limit for the native heap growth. Please use -XX:HeapBaseMinAddress
#     to set the Java Heap base and to place the Java Heap above 4GB virtual address.
# This output file may be truncated or incomplete.
#
#  Out of Memory Error (arena.cpp:168), pid=7856, tid=15220
#
# JRE version: OpenJDK Runtime Environment Temurin-21.0.6+7 (21.0.6+7) (build 21.0.6+7-LTS)
# Java VM: OpenJDK 64-Bit Server VM Temurin-21.0.6+7 (21.0.6+7-LTS, mixed mode, sharing, tiered, compressed oops, compressed class ptrs, parallel gc, windows-amd64)
# No core dump will be written. Minidumps are not enabled by default on client versions of Windows
#

---------------  S U M M A R Y ------------

Command Line: --add-modules=ALL-SYSTEM --add-opens=java.base/java.util=ALL-UNNAMED --add-opens=java.base/java.lang=ALL-UNNAMED --add-opens=java.base/sun.nio.fs=ALL-UNNAMED -Declipse.application=org.eclipse.jdt.ls.core.id1 -Dosgi.bundles.defaultStartLevel=4 -Declipse.product=org.eclipse.jdt.ls.core.product -Djava.import.generatesMetadataFilesAtProjectRoot=false -DDetectVMInstallationsJob.disabled=true -Dfile.encoding=utf8 -XX:+UseParallelGC -XX:GCTimeRatio=4 -XX:AdaptiveSizePolicyWeight=90 -Dsun.zip.disableMemoryMapping=true -Xmx1G -Xms100m -Xlog:disable -javaagent:c:\Users\User\.vscode\extensions\redhat.java-1.40.0-win32-x64\lombok\lombok-1.18.36.jar c:\Users\User\.vscode\extensions\redhat.java-1.40.0-win32-x64\server\plugins\org.eclipse.equinox.launcher_1.6.1000.v20250131-0606.jar -configuration c:\Users\User\AppData\Roaming\Code\User\globalStorage\redhat.java\1.40.0\config_ss_win -data c:\Users\User\AppData\Roaming\Code\User\workspaceStorage\c4408599922379a783a3e01f84d06afc\redhat.java\ss_ws --pipe=\\.\pipe\lsp-cd62c610e9a7f43129c60a5e74d8be4f-sock

Host: Intel(R) Core(TM) i3-1005G1 CPU @ 1.20GHz, 4 cores, 3G,  Windows 10 , 64 bit Build 19041 (10.0.19041.5438)
Time: Wed Mar  5 12:11:51 2025 India Standard Time elapsed time: 7.553095 seconds (0d 0h 0m 7s)

---------------  T H R E A D  ---------------

Current thread (0x000002a1631070f0):  JavaThread "C2 CompilerThread0" daemon [_thread_in_native, id=15220, stack(0x000000f73a800000,0x000000f73a900000) (1024K)]


Current CompileTask:
C2:7553 2767       4       java.lang.invoke.MethodType::makeImpl (109 bytes)

Stack: [0x000000f73a800000,0x000000f73a900000]
Native frames: (J=compiled Java code, j=interpreted, Vv=VM code, C=native code)
V  [jvm.dll+0x6cdee9]
V  [jvm.dll+0x8a83d1]
V  [jvm.dll+0x8aa8fe]
V  [jvm.dll+0x8aafe3]
V  [jvm.dll+0x27f706]
V  [jvm.dll+0xc500d]
V  [jvm.dll+0xc5543]
V  [jvm.dll+0x2f2acd]
V  [jvm.dll+0x5f6a2a]
V  [jvm.dll+0x250bb2]
V  [jvm.dll+0x24965f]
V  [jvm.dll+0x246ec4]
V  [jvm.dll+0x1c75ee]
V  [jvm.dll+0x25685a]
V  [jvm.dll+0x254dfa]
V  [jvm.dll+0x3f0256]
V  [jvm.dll+0x851f8b]
V  [jvm.dll+0x6cc5ed]
C  [ucrtbase.dll+0x21bb2]
C  [KERNEL32.DLL+0x17374]
C  [ntdll.dll+0x4cc91]


---------------  P R O C E S S  ---------------

Threads class SMR info:
_java_thread_list=0x000002a168d14750, length=21, elements={
0x000002a14edcf570, 0x000002a1630f89a0, 0x000002a1630fa2a0, 0x000002a1630fcbb0,
0x000002a1630fdd40, 0x000002a163101910, 0x000002a163102360, 0x000002a1631070f0,
0x000002a163173300, 0x000002a1631cd940, 0x000002a168281250, 0x000002a168963760,
0x000002a168750b70, 0x000002a1687511d0, 0x000002a168928d80, 0x000002a168983100,
0x000002a168b47380, 0x000002a168db99a0, 0x000002a168dd1280, 0x000002a168e1e7c0,
0x000002a168e20200
}

Java Threads: ( => current thread )
  0x000002a14edcf570 JavaThread "main"                              [_thread_blocked, id=12712, stack(0x000000f739e00000,0x000000f739f00000) (1024K)]
  0x000002a1630f89a0 JavaThread "Reference Handler"          daemon [_thread_blocked, id=8052, stack(0x000000f73a200000,0x000000f73a300000) (1024K)]
  0x000002a1630fa2a0 JavaThread "Finalizer"                  daemon [_thread_blocked, id=18172, stack(0x000000f73a300000,0x000000f73a400000) (1024K)]
  0x000002a1630fcbb0 JavaThread "Signal Dispatcher"          daemon [_thread_blocked, id=2604, stack(0x000000f73a400000,0x000000f73a500000) (1024K)]
  0x000002a1630fdd40 JavaThread "Attach Listener"            daemon [_thread_blocked, id=12848, stack(0x000000f73a500000,0x000000f73a600000) (1024K)]
  0x000002a163101910 JavaThread "Service Thread"             daemon [_thread_blocked, id=6604, stack(0x000000f73a600000,0x000000f73a700000) (1024K)]
  0x000002a163102360 JavaThread "Monitor Deflation Thread"   daemon [_thread_blocked, id=4292, stack(0x000000f73a700000,0x000000f73a800000) (1024K)]
=>0x000002a1631070f0 JavaThread "C2 CompilerThread0"         daemon [_thread_in_native, id=15220, stack(0x000000f73a800000,0x000000f73a900000) (1024K)]
  0x000002a163173300 JavaThread "C1 CompilerThread0"         daemon [_thread_blocked, id=17904, stack(0x000000f73a900000,0x000000f73aa00000) (1024K)]
  0x000002a1631cd940 JavaThread "Common-Cleaner"             daemon [_thread_blocked, id=18152, stack(0x000000f73aa00000,0x000000f73ab00000) (1024K)]
  0x000002a168281250 JavaThread "Notification Thread"        daemon [_thread_blocked, id=16716, stack(0x000000f73ab00000,0x000000f73ac00000) (1024K)]
  0x000002a168963760 JavaThread "Active Thread: Equinox Container: ffe93c76-a48f-4dbe-93d9-4b77027482a0"        [_thread_blocked, id=12064, stack(0x000000f73af00000,0x000000f73b000000) (1024K)]
  0x000002a168750b70 JavaThread "Framework Event Dispatcher: Equinox Container: ffe93c76-a48f-4dbe-93d9-4b77027482a0" daemon [_thread_blocked, id=12524, stack(0x000000f73b000000,0x000000f73b100000) (1024K)]
  0x000002a1687511d0 JavaThread "Start Level: Equinox Container: ffe93c76-a48f-4dbe-93d9-4b77027482a0" daemon [_thread_in_vm, id=12840, stack(0x000000f73b100000,0x000000f73b200000) (1024K)]
  0x000002a168928d80 JavaThread "SCR Component Actor"        daemon [_thread_blocked, id=13792, stack(0x000000f73b200000,0x000000f73b300000) (1024K)]
  0x000002a168983100 JavaThread "SCR Component Registry"     daemon [_thread_blocked, id=12344, stack(0x000000f73b300000,0x000000f73b400000) (1024K)]
  0x000002a168b47380 JavaThread "Worker-JM"                         [_thread_blocked, id=7652, stack(0x000000f73b400000,0x000000f73b500000) (1024K)]
  0x000002a168db99a0 JavaThread "JNA Cleaner"                daemon [_thread_blocked, id=18236, stack(0x000000f73b500000,0x000000f73b600000) (1024K)]
  0x000002a168dd1280 JavaThread "Worker-0"                          [_thread_blocked, id=17428, stack(0x000000f73b600000,0x000000f73b700000) (1024K)]
  0x000002a168e1e7c0 JavaThread "Worker-1"                          [_thread_blocked, id=13464, stack(0x000000f73b700000,0x000000f73b800000) (1024K)]
  0x000002a168e20200 JavaThread "Java indexing"              daemon [_thread_blocked, id=4808, stack(0x000000f73b800000,0x000000f73b900000) (1024K)]
Total: 21

Other Threads:
  0x000002a1630ded90 VMThread "VM Thread"                           [id=16332, stack(0x000000f73a100000,0x000000f73a200000) (1024K)]
  0x000002a14ee97f80 WatcherThread "VM Periodic Task Thread"        [id=11452, stack(0x000000f73a000000,0x000000f73a100000) (1024K)]
  0x000002a14edec890 WorkerThread "GC Thread#0"                     [id=11744, stack(0x000000f739f00000,0x000000f73a000000) (1024K)]
  0x000002a168554d20 WorkerThread "GC Thread#1"                     [id=15004, stack(0x000000f73ac00000,0x000000f73ad00000) (1024K)]
  0x000002a1685550c0 WorkerThread "GC Thread#2"                     [id=11880, stack(0x000000f73ad00000,0x000000f73ae00000) (1024K)]
  0x000002a168555460 WorkerThread "GC Thread#3"                     [id=13324, stack(0x000000f73ae00000,0x000000f73af00000) (1024K)]
Total: 6

Threads with active compile tasks:
C2 CompilerThread0  7605 2767       4       java.lang.invoke.MethodType::makeImpl (109 bytes)
Total: 1

VM state: not at safepoint (normal execution)

VM Mutex/Monitor currently owned by a thread: None

Heap address: 0x00000000c0000000, size: 1024 MB, Compressed Oops mode: 32-bit

CDS archive(s) mapped at: [0x000002a100000000-0x000002a100ba0000-0x000002a100ba0000), size 12189696, SharedBaseAddress: 0x000002a100000000, ArchiveRelocationMode: 1.
Compressed class space mapped at: 0x000002a101000000-0x000002a141000000, reserved size: 1073741824
Narrow klass base: 0x000002a100000000, Narrow klass shift: 0, Narrow klass range: 0x100000000

GC Precious Log:
 CardTable entry size: 512
 CPUs: 4 total, 4 available
 Memory: 3877M
 Large Page Support: Disabled
 NUMA Support: Disabled
 Compressed Oops: Enabled (32-bit)
 Alignments: Space 512K, Generation 512K, Heap 2M
 Heap Min Capacity: 100M
 Heap Initial Capacity: 100M
 Heap Max Capacity: 1G
 Pre-touch: Disabled
 Parallel Workers: 4

Heap:
 PSYoungGen      total 27648K, used 3875K [0x00000000eab00000, 0x00000000eca00000, 0x0000000100000000)
  eden space 24576K, 3% used [0x00000000eab00000,0x00000000eabee470,0x00000000ec300000)
  from space 3072K, 95% used [0x00000000ec400000,0x00000000ec6da920,0x00000000ec700000)
  to   space 3072K, 0% used [0x00000000ec700000,0x00000000ec700000,0x00000000eca00000)
 ParOldGen       total 68608K, used 8391K [0x00000000c0000000, 0x00000000c4300000, 0x00000000eab00000)
  object space 68608K, 12% used [0x00000000c0000000,0x00000000c0831cb0,0x00000000c4300000)
 Metaspace       used 22872K, committed 23616K, reserved 1114112K
  class space    used 2133K, committed 2432K, reserved 1048576K

Card table byte_map: [0x000002a14e780000,0x000002a14e990000] _byte_map_base: 0x000002a14e180000

Marking Bits: (ParMarkBitMap*) 0x00007ffc51c83260
 Begin Bits: [0x000002a160fd0000, 0x000002a161fd0000)
 End Bits:   [0x000002a161fd0000, 0x000002a162fd0000)

Polling page: 0x000002a14cc00000

Metaspace:

Usage:
  Non-class:     20.25 MB used.
      Class:      2.08 MB used.
       Both:     22.34 MB used.

Virtual space:
  Non-class space:       64.00 MB reserved,      20.69 MB ( 32%) committed,  1 nodes.
      Class space:        1.00 GB reserved,       2.38 MB ( <1%) committed,  1 nodes.
             Both:        1.06 GB reserved,      23.06 MB (  2%) committed. 

Chunk freelists:
   Non-Class:  11.34 MB
       Class:  13.50 MB
        Both:  24.83 MB

MaxMetaspaceSize: unlimited
CompressedClassSpaceSize: 1.00 GB
Initial GC threshold: 21.00 MB
Current GC threshold: 35.00 MB
CDS: on
 - commit_granule_bytes: 65536.
 - commit_granule_words: 8192.
 - virtual_space_node_default_size: 8388608.
 - enlarge_chunks_in_place: 1.
 - use_allocation_guard: 0.


Internal statistics:

num_allocs_failed_limit: 3.
num_arena_births: 516.
num_arena_deaths: 14.
num_vsnodes_births: 2.
num_vsnodes_deaths: 0.
num_space_committed: 369.
num_space_uncommitted: 0.
num_chunks_returned_to_freelist: 17.
num_chunks_taken_from_freelist: 1365.
num_chunk_merges: 9.
num_chunk_splits: 907.
num_chunks_enlarged: 586.
num_inconsistent_stats: 0.

CodeHeap 'non-profiled nmethods': size=120000Kb used=1201Kb max_used=1201Kb free=118798Kb
 bounds [0x000002a159aa0000, 0x000002a159d10000, 0x000002a160fd0000]
CodeHeap 'profiled nmethods': size=120000Kb used=5826Kb max_used=5826Kb free=114173Kb
 bounds [0x000002a151fd0000, 0x000002a152590000, 0x000002a159500000]
CodeHeap 'non-nmethods': size=5760Kb used=1326Kb max_used=1359Kb free=4433Kb
 bounds [0x000002a159500000, 0x000002a159770000, 0x000002a159aa0000]
 total_blobs=3463 nmethods=2859 adapters=510
 compilation: enabled
              stopped_count=0, restarted_count=0
 full_count=0

Compilation events (20 events):
Event: 7.456 Thread 0x000002a163173300 2771       3       com.sun.org.apache.xerces.internal.util.ParserConfigurationSettings::getFeature (20 bytes)
Event: 7.456 Thread 0x000002a163173300 nmethod 2771 0x000002a15254a790 code [0x000002a15254a960, 0x000002a15254ac38]
Event: 7.456 Thread 0x000002a163173300 2772       3       com.sun.org.apache.xerces.internal.util.XMLStringBuffer::<init> (7 bytes)
Event: 7.456 Thread 0x000002a163173300 nmethod 2772 0x000002a15254ad90 code [0x000002a15254af40, 0x000002a15254b220]
Event: 7.456 Thread 0x000002a163173300 2773       3       com.sun.org.apache.xerces.internal.util.ParserConfigurationSettings::getProperty (31 bytes)
Event: 7.457 Thread 0x000002a163173300 nmethod 2773 0x000002a15254b390 code [0x000002a15254b560, 0x000002a15254b898]
Event: 7.480 Thread 0x000002a163173300 2774       1       org.eclipse.core.internal.jobs.InternalJob::previous (5 bytes)
Event: 7.480 Thread 0x000002a163173300 nmethod 2774 0x000002a159bc8a90 code [0x000002a159bc8c20, 0x000002a159bc8ce8]
Event: 7.481 Thread 0x000002a163173300 2775       1       org.eclipse.core.internal.dtree.DataDeltaNode::isDelta (2 bytes)
Event: 7.482 Thread 0x000002a163173300 nmethod 2775 0x000002a159bc8d90 code [0x000002a159bc8f20, 0x000002a159bc8fe8]
Event: 7.483 Thread 0x000002a163173300 2776       1       java.util.concurrent.atomic.AtomicReference::set (6 bytes)
Event: 7.483 Thread 0x000002a163173300 nmethod 2776 0x000002a159bc9090 code [0x000002a159bc9220, 0x000002a159bc9308]
Event: 7.485 Thread 0x000002a163173300 2777       1       java.lang.reflect.Constructor::getDeclaringClass (5 bytes)
Event: 7.485 Thread 0x000002a163173300 nmethod 2777 0x000002a159bc9390 code [0x000002a159bc9520, 0x000002a159bc95e8]
Event: 7.486 Thread 0x000002a163173300 2778       3       java.util.HashSet::isEmpty (8 bytes)
Event: 7.486 Thread 0x000002a163173300 nmethod 2778 0x000002a15254ba10 code [0x000002a15254bbc0, 0x000002a15254be08]
Event: 7.487 Thread 0x000002a163173300 2779       3       org.eclipse.osgi.container.ModuleRevision::getModuleCapabilities (9 bytes)
Event: 7.487 Thread 0x000002a163173300 nmethod 2779 0x000002a15254bf10 code [0x000002a15254c0e0, 0x000002a15254c4e8]
Event: 7.496 Thread 0x000002a163173300 2783       3       java.lang.invoke.InvokerBytecodeGenerator::<init> (80 bytes)
Event: 7.497 Thread 0x000002a163173300 nmethod 2783 0x000002a15254c690 code [0x000002a15254c860, 0x000002a15254cbf8]

GC Heap History (14 events):
Event: 2.161 GC heap before
{Heap before GC invocations=1 (full 0):
 PSYoungGen      total 29696K, used 25600K [0x00000000eab00000, 0x00000000ecc00000, 0x0000000100000000)
  eden space 25600K, 100% used [0x00000000eab00000,0x00000000ec400000,0x00000000ec400000)
  from space 4096K, 0% used [0x00000000ec800000,0x00000000ec800000,0x00000000ecc00000)
  to   space 4096K, 0% used [0x00000000ec400000,0x00000000ec400000,0x00000000ec800000)
 ParOldGen       total 68608K, used 0K [0x00000000c0000000, 0x00000000c4300000, 0x00000000eab00000)
  object space 68608K, 0% used [0x00000000c0000000,0x00000000c0000000,0x00000000c4300000)
 Metaspace       used 4354K, committed 4544K, reserved 1114112K
  class space    used 438K, committed 512K, reserved 1048576K
}
Event: 2.179 GC heap after
{Heap after GC invocations=1 (full 0):
 PSYoungGen      total 29696K, used 3182K [0x00000000eab00000, 0x00000000ecc00000, 0x0000000100000000)
  eden space 25600K, 0% used [0x00000000eab00000,0x00000000eab00000,0x00000000ec400000)
  from space 4096K, 77% used [0x00000000ec400000,0x00000000ec71baa0,0x00000000ec800000)
  to   space 4096K, 0% used [0x00000000ec800000,0x00000000ec800000,0x00000000ecc00000)
 ParOldGen       total 68608K, used 0K [0x00000000c0000000, 0x00000000c4300000, 0x00000000eab00000)
  object space 68608K, 0% used [0x00000000c0000000,0x00000000c0000000,0x00000000c4300000)
 Metaspace       used 4354K, committed 4544K, reserved 1114112K
  class space    used 438K, committed 512K, reserved 1048576K
}
Event: 3.452 GC heap before
{Heap before GC invocations=2 (full 0):
 PSYoungGen      total 29696K, used 28782K [0x00000000eab00000, 0x00000000ecc00000, 0x0000000100000000)
  eden space 25600K, 100% used [0x00000000eab00000,0x00000000ec400000,0x00000000ec400000)
  from space 4096K, 77% used [0x00000000ec400000,0x00000000ec71baa0,0x00000000ec800000)
  to   space 4096K, 0% used [0x00000000ec800000,0x00000000ec800000,0x00000000ecc00000)
 ParOldGen       total 68608K, used 0K [0x00000000c0000000, 0x00000000c4300000, 0x00000000eab00000)
  object space 68608K, 0% used [0x00000000c0000000,0x00000000c0000000,0x00000000c4300000)
 Metaspace       used 8174K, committed 8512K, reserved 1114112K
  class space    used 806K, committed 960K, reserved 1048576K
}
Event: 3.457 GC heap after
{Heap after GC invocations=2 (full 0):
 PSYoungGen      total 29696K, used 4075K [0x00000000eab00000, 0x00000000ecc00000, 0x0000000100000000)
  eden space 25600K, 0% used [0x00000000eab00000,0x00000000eab00000,0x00000000ec400000)
  from space 4096K, 99% used [0x00000000ec800000,0x00000000ecbfaeb8,0x00000000ecc00000)
  to   space 4096K, 0% used [0x00000000ec400000,0x00000000ec400000,0x00000000ec800000)
 ParOldGen       total 68608K, used 832K [0x00000000c0000000, 0x00000000c4300000, 0x00000000eab00000)
  object space 68608K, 1% used [0x00000000c0000000,0x00000000c00d0158,0x00000000c4300000)
 Metaspace       used 8174K, committed 8512K, reserved 1114112K
  class space    used 806K, committed 960K, reserved 1048576K
}
Event: 4.516 GC heap before
{Heap before GC invocations=3 (full 0):
 PSYoungGen      total 29696K, used 29667K [0x00000000eab00000, 0x00000000ecc00000, 0x0000000100000000)
  eden space 25600K, 99% used [0x00000000eab00000,0x00000000ec3fddc8,0x00000000ec400000)
  from space 4096K, 99% used [0x00000000ec800000,0x00000000ecbfaeb8,0x00000000ecc00000)
  to   space 4096K, 0% used [0x00000000ec400000,0x00000000ec400000,0x00000000ec800000)
 ParOldGen       total 68608K, used 832K [0x00000000c0000000, 0x00000000c4300000, 0x00000000eab00000)
  object space 68608K, 1% used [0x00000000c0000000,0x00000000c00d0158,0x00000000c4300000)
 Metaspace       used 12903K, committed 13440K, reserved 1114112K
  class space    used 1294K, committed 1536K, reserved 1048576K
}
Event: 4.522 GC heap after
{Heap after GC invocations=3 (full 0):
 PSYoungGen      total 29696K, used 4067K [0x00000000eab00000, 0x00000000ecc00000, 0x0000000100000000)
  eden space 25600K, 0% used [0x00000000eab00000,0x00000000eab00000,0x00000000ec400000)
  from space 4096K, 99% used [0x00000000ec400000,0x00000000ec7f8dd8,0x00000000ec800000)
  to   space 4096K, 0% used [0x00000000ec800000,0x00000000ec800000,0x00000000ecc00000)
 ParOldGen       total 68608K, used 2704K [0x00000000c0000000, 0x00000000c4300000, 0x00000000eab00000)
  object space 68608K, 3% used [0x00000000c0000000,0x00000000c02a4200,0x00000000c4300000)
 Metaspace       used 12903K, committed 13440K, reserved 1114112K
  class space    used 1294K, committed 1536K, reserved 1048576K
}
Event: 5.682 GC heap before
{Heap before GC invocations=4 (full 0):
 PSYoungGen      total 29696K, used 29503K [0x00000000eab00000, 0x00000000ecc00000, 0x0000000100000000)
  eden space 25600K, 99% used [0x00000000eab00000,0x00000000ec3d6ed8,0x00000000ec400000)
  from space 4096K, 99% used [0x00000000ec400000,0x00000000ec7f8dd8,0x00000000ec800000)
  to   space 4096K, 0% used [0x00000000ec800000,0x00000000ec800000,0x00000000ecc00000)
 ParOldGen       total 68608K, used 2704K [0x00000000c0000000, 0x00000000c4300000, 0x00000000eab00000)
  object space 68608K, 3% used [0x00000000c0000000,0x00000000c02a4200,0x00000000c4300000)
 Metaspace       used 16973K, committed 17664K, reserved 1114112K
  class space    used 1698K, committed 1984K, reserved 1048576K
}
Event: 5.687 GC heap after
{Heap after GC invocations=4 (full 0):
 PSYoungGen      total 29696K, used 4083K [0x00000000eab00000, 0x00000000ecc00000, 0x0000000100000000)
  eden space 25600K, 0% used [0x00000000eab00000,0x00000000eab00000,0x00000000ec400000)
  from space 4096K, 99% used [0x00000000ec800000,0x00000000ecbfcc48,0x00000000ecc00000)
  to   space 4096K, 0% used [0x00000000ec400000,0x00000000ec400000,0x00000000ec800000)
 ParOldGen       total 68608K, used 5545K [0x00000000c0000000, 0x00000000c4300000, 0x00000000eab00000)
  object space 68608K, 8% used [0x00000000c0000000,0x00000000c056a710,0x00000000c4300000)
 Metaspace       used 16973K, committed 17664K, reserved 1114112K
  class space    used 1698K, committed 1984K, reserved 1048576K
}
Event: 6.317 GC heap before
{Heap before GC invocations=5 (full 0):
 PSYoungGen      total 29696K, used 29683K [0x00000000eab00000, 0x00000000ecc00000, 0x0000000100000000)
  eden space 25600K, 100% used [0x00000000eab00000,0x00000000ec400000,0x00000000ec400000)
  from space 4096K, 99% used [0x00000000ec800000,0x00000000ecbfcc48,0x00000000ecc00000)
  to   space 4096K, 0% used [0x00000000ec400000,0x00000000ec400000,0x00000000ec800000)
 ParOldGen       total 68608K, used 5545K [0x00000000c0000000, 0x00000000c4300000, 0x00000000eab00000)
  object space 68608K, 8% used [0x00000000c0000000,0x00000000c056a710,0x00000000c4300000)
 Metaspace       used 20301K, committed 20992K, reserved 1114112K
  class space    used 1937K, committed 2240K, reserved 1048576K
}
Event: 6.322 GC heap after
{Heap after GC invocations=5 (full 0):
 PSYoungGen      total 29184K, used 4081K [0x00000000eab00000, 0x00000000ecf80000, 0x0000000100000000)
  eden space 25088K, 0% used [0x00000000eab00000,0x00000000eab00000,0x00000000ec380000)
  from space 4096K, 99% used [0x00000000ec400000,0x00000000ec7fc4a0,0x00000000ec800000)
  to   space 6144K, 0% used [0x00000000ec980000,0x00000000ec980000,0x00000000ecf80000)
 ParOldGen       total 68608K, used 6527K [0x00000000c0000000, 0x00000000c4300000, 0x00000000eab00000)
  object space 68608K, 9% used [0x00000000c0000000,0x00000000c065ffb8,0x00000000c4300000)
 Metaspace       used 20301K, committed 20992K, reserved 1114112K
  class space    used 1937K, committed 2240K, reserved 1048576K
}
Event: 6.444 GC heap before
{Heap before GC invocations=6 (full 0):
 PSYoungGen      total 29184K, used 9119K [0x00000000eab00000, 0x00000000ecf80000, 0x0000000100000000)
  eden space 25088K, 20% used [0x00000000eab00000,0x00000000eafebaf8,0x00000000ec380000)
  from space 4096K, 99% used [0x00000000ec400000,0x00000000ec7fc4a0,0x00000000ec800000)
  to   space 6144K, 0% used [0x00000000ec980000,0x00000000ec980000,0x00000000ecf80000)
 ParOldGen       total 68608K, used 6527K [0x00000000c0000000, 0x00000000c4300000, 0x00000000eab00000)
  object space 68608K, 9% used [0x00000000c0000000,0x00000000c065ffb8,0x00000000c4300000)
 Metaspace       used 20889K, committed 21504K, reserved 1114112K
  class space    used 1981K, committed 2240K, reserved 1048576K
}
Event: 6.452 GC heap after
{Heap after GC invocations=6 (full 0):
 PSYoungGen      total 29696K, used 4515K [0x00000000eab00000, 0x00000000ece00000, 0x0000000100000000)
  eden space 25088K, 0% used [0x00000000eab00000,0x00000000eab00000,0x00000000ec380000)
  from space 4608K, 97% used [0x00000000ec980000,0x00000000ecde8ed8,0x00000000ece00000)
  to   space 5120K, 0% used [0x00000000ec400000,0x00000000ec400000,0x00000000ec900000)
 ParOldGen       total 68608K, used 6527K [0x00000000c0000000, 0x00000000c4300000, 0x00000000eab00000)
  object space 68608K, 9% used [0x00000000c0000000,0x00000000c065ffb8,0x00000000c4300000)
 Metaspace       used 20889K, committed 21504K, reserved 1114112K
  class space    used 1981K, committed 2240K, reserved 1048576K
}
Event: 6.452 GC heap before
{Heap before GC invocations=7 (full 1):
 PSYoungGen      total 29696K, used 4515K [0x00000000eab00000, 0x00000000ece00000, 0x0000000100000000)
  eden space 25088K, 0% used [0x00000000eab00000,0x00000000eab00000,0x00000000ec380000)
  from space 4608K, 97% used [0x00000000ec980000,0x00000000ecde8ed8,0x00000000ece00000)
  to   space 5120K, 0% used [0x00000000ec400000,0x00000000ec400000,0x00000000ec900000)
 ParOldGen       total 68608K, used 6527K [0x00000000c0000000, 0x00000000c4300000, 0x00000000eab00000)
  object space 68608K, 9% used [0x00000000c0000000,0x00000000c065ffb8,0x00000000c4300000)
 Metaspace       used 20889K, committed 21504K, reserved 1114112K
  class space    used 1981K, committed 2240K, reserved 1048576K
}
Event: 6.489 GC heap after
{Heap after GC invocations=7 (full 1):
 PSYoungGen      total 29696K, used 0K [0x00000000eab00000, 0x00000000ece00000, 0x0000000100000000)
  eden space 25088K, 0% used [0x00000000eab00000,0x00000000eab00000,0x00000000ec380000)
  from space 4608K, 0% used [0x00000000ec980000,0x00000000ec980000,0x00000000ece00000)
  to   space 5120K, 0% used [0x00000000ec400000,0x00000000ec400000,0x00000000ec900000)
 ParOldGen       total 68608K, used 8383K [0x00000000c0000000, 0x00000000c4300000, 0x00000000eab00000)
  object space 68608K, 12% used [0x00000000c0000000,0x00000000c082fcb0,0x00000000c4300000)
 Metaspace       used 20876K, committed 21504K, reserved 1114112K
  class space    used 1978K, committed 2240K, reserved 1048576K
}

Dll operation events (10 events):
Event: 0.077 Loaded shared library c:\Users\User\.vscode\extensions\redhat.java-1.40.0-win32-x64\jre\21.0.6-win32-x86_64\bin\java.dll
Event: 0.295 Loaded shared library c:\Users\User\.vscode\extensions\redhat.java-1.40.0-win32-x64\jre\21.0.6-win32-x86_64\bin\zip.dll
Event: 0.346 Loaded shared library C:\Users\User\.vscode\extensions\redhat.java-1.40.0-win32-x64\jre\21.0.6-win32-x86_64\bin\instrument.dll
Event: 0.354 Loaded shared library C:\Users\User\.vscode\extensions\redhat.java-1.40.0-win32-x64\jre\21.0.6-win32-x86_64\bin\net.dll
Event: 0.361 Loaded shared library C:\Users\User\.vscode\extensions\redhat.java-1.40.0-win32-x64\jre\21.0.6-win32-x86_64\bin\nio.dll
Event: 0.366 Loaded shared library C:\Users\User\.vscode\extensions\redhat.java-1.40.0-win32-x64\jre\21.0.6-win32-x86_64\bin\zip.dll
Event: 0.417 Loaded shared library C:\Users\User\.vscode\extensions\redhat.java-1.40.0-win32-x64\jre\21.0.6-win32-x86_64\bin\jimage.dll
Event: 0.599 Loaded shared library c:\Users\User\.vscode\extensions\redhat.java-1.40.0-win32-x64\jre\21.0.6-win32-x86_64\bin\verify.dll
Event: 3.339 Loaded shared library C:\Users\User\AppData\Roaming\Code\User\globalStorage\redhat.java\1.40.0\config_ss_win\org.eclipse.equinox.launcher\org.eclipse.equinox.launcher.win32.win32.x86_64_1.2.1200.v20250212-0927\eclipse_11909.dll
Event: 5.270 Loaded shared library C:\Users\User\AppData\Local\Temp\jna-2645995\jna3545490195989507059.dll

Deoptimization events (20 events):
Event: 7.159 Thread 0x000002a1687511d0 DEOPT PACKING pc=0x000002a159b2b5a4 sp=0x000000f73b1f7a90
Event: 7.159 Thread 0x000002a1687511d0 DEOPT UNPACKING pc=0x000002a159556da2 sp=0x000000f73b1f77c8 mode 2
Event: 7.211 Thread 0x000002a1687511d0 DEOPT PACKING pc=0x000002a1524451a6 sp=0x000000f73b1f7d20
Event: 7.211 Thread 0x000002a1687511d0 DEOPT UNPACKING pc=0x000002a1595578e2 sp=0x000000f73b1f7218 mode 0
Event: 7.211 Thread 0x000002a1687511d0 DEOPT PACKING pc=0x000002a1524451a6 sp=0x000000f73b1f7d20
Event: 7.211 Thread 0x000002a1687511d0 DEOPT UNPACKING pc=0x000002a1595578e2 sp=0x000000f73b1f7218 mode 0
Event: 7.213 Thread 0x000002a1687511d0 DEOPT PACKING pc=0x000002a1524451a6 sp=0x000000f73b1f7d20
Event: 7.213 Thread 0x000002a1687511d0 DEOPT UNPACKING pc=0x000002a1595578e2 sp=0x000000f73b1f7218 mode 0
Event: 7.214 Thread 0x000002a1687511d0 DEOPT PACKING pc=0x000002a1524451a6 sp=0x000000f73b1f7d20
Event: 7.214 Thread 0x000002a1687511d0 DEOPT UNPACKING pc=0x000002a1595578e2 sp=0x000000f73b1f7218 mode 0
Event: 7.226 Thread 0x000002a1687511d0 Uncommon trap: trap_request=0xffffffc6 fr.pc=0x000002a159b329d4 relative=0x00000000000009d4
Event: 7.226 Thread 0x000002a1687511d0 Uncommon trap: reason=bimorphic_or_optimized_type_check action=maybe_recompile pc=0x000002a159b329d4 method=java.util.HashMap.putVal(ILjava/lang/Object;Ljava/lang/Object;ZZ)Ljava/lang/Object; @ 56 c2
Event: 7.226 Thread 0x000002a1687511d0 DEOPT PACKING pc=0x000002a159b329d4 sp=0x000000f73b1f9910
Event: 7.226 Thread 0x000002a1687511d0 DEOPT UNPACKING pc=0x000002a159556da2 sp=0x000000f73b1f9810 mode 2
Event: 7.364 Thread 0x000002a1687511d0 DEOPT PACKING pc=0x000002a1524451a6 sp=0x000000f73b1f8c60
Event: 7.364 Thread 0x000002a1687511d0 DEOPT UNPACKING pc=0x000002a1595578e2 sp=0x000000f73b1f8158 mode 0
Event: 7.365 Thread 0x000002a1687511d0 DEOPT PACKING pc=0x000002a1524451a6 sp=0x000000f73b1f8c60
Event: 7.365 Thread 0x000002a1687511d0 DEOPT UNPACKING pc=0x000002a1595578e2 sp=0x000000f73b1f8158 mode 0
Event: 7.366 Thread 0x000002a1687511d0 DEOPT PACKING pc=0x000002a1524451a6 sp=0x000000f73b1f8c60
Event: 7.366 Thread 0x000002a1687511d0 DEOPT UNPACKING pc=0x000002a1595578e2 sp=0x000000f73b1f8158 mode 0

Classes loaded (20 events):
Event: 7.357 Loading class com/sun/org/apache/xerces/internal/impl/msg/XMLSerializerMessages_en
Event: 7.357 Loading class com/sun/org/apache/xerces/internal/impl/msg/XMLSerializerMessages_en done
Event: 7.357 Loading class com/sun/org/apache/xerces/internal/impl/msg/XMLSerializerMessages_en
Event: 7.357 Loading class com/sun/org/apache/xerces/internal/impl/msg/XMLSerializerMessages_en done
Event: 7.357 Loading class com/sun/org/apache/xerces/internal/impl/msg/XMLSerializerMessages_en_US
Event: 7.357 Loading class com/sun/org/apache/xerces/internal/impl/msg/XMLSerializerMessages_en_US done
Event: 7.357 Loading class com/sun/org/apache/xerces/internal/impl/msg/XMLSerializerMessages_en_US
Event: 7.357 Loading class com/sun/org/apache/xerces/internal/impl/msg/XMLSerializerMessages_en_US done
Event: 7.358 Loading class com/sun/org/apache/xerces/internal/impl/msg/XMLMessages
Event: 7.358 Loading class com/sun/org/apache/xerces/internal/impl/msg/XMLMessages done
Event: 7.358 Loading class com/sun/org/apache/xerces/internal/impl/msg/XMLMessages
Event: 7.358 Loading class com/sun/org/apache/xerces/internal/impl/msg/XMLMessages done
Event: 7.402 Loading class com/sun/org/apache/xerces/internal/impl/msg/XMLMessages_en
Event: 7.402 Loading class com/sun/org/apache/xerces/internal/impl/msg/XMLMessages_en done
Event: 7.402 Loading class com/sun/org/apache/xerces/internal/impl/msg/XMLMessages_en
Event: 7.402 Loading class com/sun/org/apache/xerces/internal/impl/msg/XMLMessages_en done
Event: 7.404 Loading class com/sun/org/apache/xerces/internal/impl/msg/XMLMessages_en_US
Event: 7.404 Loading class com/sun/org/apache/xerces/internal/impl/msg/XMLMessages_en_US done
Event: 7.404 Loading class com/sun/org/apache/xerces/internal/impl/msg/XMLMessages_en_US
Event: 7.404 Loading class com/sun/org/apache/xerces/internal/impl/msg/XMLMessages_en_US done

Classes unloaded (7 events):
Event: 6.460 Thread 0x000002a1630ded90 Unloading class 0x000002a101187c00 'java/lang/invoke/LambdaForm$MH+0x000002a101187c00'
Event: 6.460 Thread 0x000002a1630ded90 Unloading class 0x000002a101187800 'java/lang/invoke/LambdaForm$MH+0x000002a101187800'
Event: 6.460 Thread 0x000002a1630ded90 Unloading class 0x000002a101187400 'java/lang/invoke/LambdaForm$MH+0x000002a101187400'
Event: 6.460 Thread 0x000002a1630ded90 Unloading class 0x000002a101187000 'java/lang/invoke/LambdaForm$MH+0x000002a101187000'
Event: 6.460 Thread 0x000002a1630ded90 Unloading class 0x000002a101186c00 'java/lang/invoke/LambdaForm$BMH+0x000002a101186c00'
Event: 6.460 Thread 0x000002a1630ded90 Unloading class 0x000002a101186800 'java/lang/invoke/LambdaForm$DMH+0x000002a101186800'
Event: 6.460 Thread 0x000002a1630ded90 Unloading class 0x000002a101185400 'java/lang/invoke/LambdaForm$DMH+0x000002a101185400'

Classes redefined (0 events):
No events

Internal exceptions (20 events):
Event: 5.302 Thread 0x000002a1687511d0 Exception <a 'java/lang/NoSuchMethodError'{0x00000000eb598e58}: 'int java.lang.invoke.Invokers$Holder.invokeExact_MT(java.lang.Object, java.lang.Object, java.lang.Object)'> (0x00000000eb598e58) 
thrown [s\src\hotspot\share\interpreter\linkResolver.cpp, line 773]
Event: 5.324 Thread 0x000002a1687511d0 Exception <a 'java/lang/NoSuchMethodError'{0x00000000eb6a1478}: 'void java.lang.invoke.Invokers$Holder.invokeExact_MT(java.lang.Object, java.lang.Object, int, java.lang.Object)'> (0x00000000eb6a1478) 
thrown [s\src\hotspot\share\interpreter\linkResolver.cpp, line 773]
Event: 5.376 Thread 0x000002a1687511d0 Exception <a 'java/lang/NoSuchMethodError'{0x00000000eb797920}: 'java.lang.Object java.lang.invoke.DirectMethodHandle$Holder.invokeSpecial(java.lang.Object, java.lang.Object, java.lang.Object, long, java.lang.Object)'> (0x00000000eb797920) 
thrown [s\src\hotspot\share\interpreter\linkResolver.cpp, line 773]
Event: 5.383 Thread 0x000002a1687511d0 Exception <a 'java/lang/NoSuchMethodError'{0x00000000eb79f0b0}: 'java.lang.Object java.lang.invoke.DirectMethodHandle$Holder.newInvokeSpecial(java.lang.Object, java.lang.Object, java.lang.Object, long)'> (0x00000000eb79f0b0) 
thrown [s\src\hotspot\share\interpreter\linkResolver.cpp, line 773]
Event: 5.386 Thread 0x000002a1687511d0 Exception <a 'java/lang/NoSuchMethodError'{0x00000000eb7a2d30}: 'java.lang.Object java.lang.invoke.Invokers$Holder.linkToTargetMethod(java.lang.Object, java.lang.Object, long, java.lang.Object)'> (0x00000000eb7a2d30) 
thrown [s\src\hotspot\share\interpreter\linkResolver.cpp, line 773]
Event: 5.404 Thread 0x000002a1687511d0 Exception <a 'java/lang/NoSuchMethodError'{0x00000000eb8145b8}: 'int java.lang.invoke.DirectMethodHandle$Holder.invokeStaticInit(java.lang.Object, java.lang.Object, java.lang.Object)'> (0x00000000eb8145b8) 
thrown [s\src\hotspot\share\interpreter\linkResolver.cpp, line 773]
Event: 5.464 Thread 0x000002a1687511d0 Exception <a 'java/lang/IncompatibleClassChangeError'{0x00000000eb9e7fe0}: Found class java.lang.Object, but interface was expected> (0x00000000eb9e7fe0) 
thrown [s\src\hotspot\share\interpreter\linkResolver.cpp, line 840]
Event: 5.468 Thread 0x000002a1687511d0 Exception <a 'java/lang/NoSuchMethodError'{0x00000000eb9fa0c8}: 'java.lang.Object java.lang.invoke.DirectMethodHandle$Holder.invokeSpecial(java.lang.Object, java.lang.Object, java.lang.Object, int, java.lang.Object, java.lang.Object)'> (0x00000000eb9fa0c8) 
thrown [s\src\hotspot\share\interpreter\linkResolver.cpp, line 773]
Event: 5.469 Thread 0x000002a1687511d0 Exception <a 'java/lang/NoSuchMethodError'{0x00000000eba06238}: 'java.lang.Object java.lang.invoke.DirectMethodHandle$Holder.newInvokeSpecial(java.lang.Object, java.lang.Object, java.lang.Object, int, java.lang.Object)'> (0x00000000eba06238) 
thrown [s\src\hotspot\share\interpreter\linkResolver.cpp, line 773]
Event: 5.470 Thread 0x000002a1687511d0 Exception <a 'java/lang/NoSuchMethodError'{0x00000000eba09d28}: 'java.lang.Object java.lang.invoke.Invokers$Holder.linkToTargetMethod(java.lang.Object, java.lang.Object, int, java.lang.Object, java.lang.Object)'> (0x00000000eba09d28) 
thrown [s\src\hotspot\share\interpreter\linkResolver.cpp, line 773]
Event: 5.471 Thread 0x000002a168dd1280 Exception <a 'java/lang/NoSuchMethodError'{0x00000000eb7fb9f0}: 'java.lang.Object java.lang.invoke.DirectMethodHandle$Holder.invokeSpecial(java.lang.Object, java.lang.Object, int, java.lang.Object, java.lang.Object)'> (0x00000000eb7fb9f0) 
thrown [s\src\hotspot\share\interpreter\linkResolver.cpp, line 773]
Event: 5.472 Thread 0x000002a168dd1280 Exception <a 'java/lang/NoSuchMethodError'{0x00000000eb802728}: 'java.lang.Object java.lang.invoke.DirectMethodHandle$Holder.newInvokeSpecial(java.lang.Object, java.lang.Object, int, java.lang.Object)'> (0x00000000eb802728) 
thrown [s\src\hotspot\share\interpreter\linkResolver.cpp, line 773]
Event: 5.516 Thread 0x000002a1687511d0 Exception <a 'java/lang/NoSuchMethodError'{0x00000000ebb0eb10}: 'void java.lang.invoke.DirectMethodHandle$Holder.invokeSpecial(java.lang.Object, java.lang.Object, java.lang.Object, java.lang.Object, java.lang.Object)'> (0x00000000ebb0eb10) 
thrown [s\src\hotspot\share\interpreter\linkResolver.cpp, line 773]
Event: 5.567 Thread 0x000002a1687511d0 Exception <a 'java/lang/NoSuchMethodError'{0x00000000ebde4ed8}: 'double java.lang.invoke.DirectMethodHandle$Holder.invokeStatic(java.lang.Object, java.lang.Object)'> (0x00000000ebde4ed8) 
thrown [s\src\hotspot\share\interpreter\linkResolver.cpp, line 773]
Event: 5.568 Thread 0x000002a1687511d0 Exception <a 'java/lang/NoSuchMethodError'{0x00000000ebde8598}: 'double java.lang.invoke.DirectMethodHandle$Holder.invokeStaticInit(java.lang.Object, java.lang.Object)'> (0x00000000ebde8598) 
thrown [s\src\hotspot\share\interpreter\linkResolver.cpp, line 773]
Event: 6.257 Thread 0x000002a1687511d0 Implicit null exception at 0x000002a159bb1f75 to 0x000002a159bb2088
Event: 7.348 Thread 0x000002a1687511d0 Exception <a 'java/lang/ClassNotFoundException'{0x00000000ebfe5b20}: com/sun/org/apache/xerces/internal/impl/msg/spi/DOMMessagesProvider> (0x00000000ebfe5b20) 
thrown [s\src\hotspot\share\classfile\systemDictionary.cpp, line 312]
Event: 7.352 Thread 0x000002a1687511d0 Exception <a 'java/lang/ClassNotFoundException'{0x00000000ec000ee0}: com/sun/org/apache/xerces/internal/impl/msg/spi/XMLSerializerMessagesProvider> (0x00000000ec000ee0) 
thrown [s\src\hotspot\share\classfile\systemDictionary.cpp, line 312]
Event: 7.358 Thread 0x000002a1687511d0 Exception <a 'java/lang/ClassNotFoundException'{0x00000000ec00e200}: com/sun/org/apache/xerces/internal/impl/msg/spi/XMLMessagesProvider> (0x00000000ec00e200) 
thrown [s\src\hotspot\share\classfile\systemDictionary.cpp, line 312]
Event: 7.502 Thread 0x000002a1687511d0 Exception <a 'java/lang/NoSuchMethodError'{0x00000000ec170e98}: 'java.lang.Object java.lang.invoke.DirectMethodHandle$Holder.newInvokeSpecial(java.lang.Object, int, java.lang.Object, java.lang.Object)'> (0x00000000ec170e98) 
thrown [s\src\hotspot\share\interpreter\linkResolver.cpp, line 773]

ZGC Phase Switch (0 events):
No events

VM Operations (20 events):
Event: 4.140 Executing VM operation: HandshakeAllThreads (Deoptimize)
Event: 4.140 Executing VM operation: HandshakeAllThreads (Deoptimize) done
Event: 4.516 Executing VM operation: ParallelGCFailedAllocation (Allocation Failure)
Event: 4.522 Executing VM operation: ParallelGCFailedAllocation (Allocation Failure) done
Event: 5.032 Executing VM operation: HandshakeAllThreads (Deoptimize)
Event: 5.032 Executing VM operation: HandshakeAllThreads (Deoptimize) done
Event: 5.281 Executing VM operation: HandshakeAllThreads (Deoptimize)
Event: 5.281 Executing VM operation: HandshakeAllThreads (Deoptimize) done
Event: 5.413 Executing VM operation: HandshakeAllThreads (Deoptimize)
Event: 5.413 Executing VM operation: HandshakeAllThreads (Deoptimize) done
Event: 5.453 Executing VM operation: HandshakeAllThreads (Deoptimize)
Event: 5.454 Executing VM operation: HandshakeAllThreads (Deoptimize) done
Event: 5.682 Executing VM operation: ParallelGCFailedAllocation (Allocation Failure)
Event: 5.687 Executing VM operation: ParallelGCFailedAllocation (Allocation Failure) done
Event: 6.317 Executing VM operation: ParallelGCFailedAllocation (Allocation Failure)
Event: 6.322 Executing VM operation: ParallelGCFailedAllocation (Allocation Failure) done
Event: 6.444 Executing VM operation: CollectForMetadataAllocation (Metadata GC Threshold)
Event: 6.489 Executing VM operation: CollectForMetadataAllocation (Metadata GC Threshold) done
Event: 7.169 Executing VM operation: HandshakeAllThreads (Deoptimize)
Event: 7.169 Executing VM operation: HandshakeAllThreads (Deoptimize) done

Memory protections (0 events):
No events

Nmethod flushes (0 events):
No events

Events (20 events):
Event: 0.189 Thread 0x000002a14edcf570 Thread added: 0x000002a1630f89a0
Event: 0.190 Thread 0x000002a14edcf570 Thread added: 0x000002a1630fa2a0
Event: 0.191 Thread 0x000002a14edcf570 Thread added: 0x000002a1630fcbb0
Event: 0.191 Thread 0x000002a14edcf570 Thread added: 0x000002a1630fdd40
Event: 0.191 Thread 0x000002a14edcf570 Thread added: 0x000002a163101910
Event: 0.191 Thread 0x000002a14edcf570 Thread added: 0x000002a163102360
Event: 0.193 Thread 0x000002a14edcf570 Thread added: 0x000002a1631070f0
Event: 0.202 Thread 0x000002a14edcf570 Thread added: 0x000002a163173300
Event: 0.247 Thread 0x000002a14edcf570 Thread added: 0x000002a1631cd940
Event: 0.867 Thread 0x000002a14edcf570 Thread added: 0x000002a168281250
Event: 3.000 Thread 0x000002a14edcf570 Thread added: 0x000002a168963760
Event: 3.320 Thread 0x000002a14edcf570 Thread added: 0x000002a168750b70
Event: 3.331 Thread 0x000002a14edcf570 Thread added: 0x000002a1687511d0
Event: 3.401 Thread 0x000002a1687511d0 Thread added: 0x000002a168928d80
Event: 3.709 Thread 0x000002a1687511d0 Thread added: 0x000002a168983100
Event: 4.193 Thread 0x000002a1687511d0 Thread added: 0x000002a168b47380
Event: 5.309 Thread 0x000002a1687511d0 Thread added: 0x000002a168db99a0
Event: 5.395 Thread 0x000002a1687511d0 Thread added: 0x000002a168dd1280
Event: 5.480 Thread 0x000002a1687511d0 Thread added: 0x000002a168e1e7c0
Event: 7.477 Thread 0x000002a1687511d0 Thread added: 0x000002a168e20200


Dynamic libraries:
0x00007ff7606d0000 - 0x00007ff7606de000 	c:\Users\User\.vscode\extensions\redhat.java-1.40.0-win32-x64\jre\21.0.6-win32-x86_64\bin\java.exe
0x00007ffc8ea30000 - 0x00007ffc8ec28000 	C:\Windows\SYSTEM32\ntdll.dll
0x00007ffc8deb0000 - 0x00007ffc8df72000 	C:\Windows\System32\KERNEL32.DLL
0x00007ffc8c170000 - 0x00007ffc8c46f000 	C:\Windows\System32\KERNELBASE.dll
0x00007ffc8c4e0000 - 0x00007ffc8c5e0000 	C:\Windows\System32\ucrtbase.dll
0x00007ffc80890000 - 0x00007ffc808a8000 	c:\Users\User\.vscode\extensions\redhat.java-1.40.0-win32-x64\jre\21.0.6-win32-x86_64\bin\jli.dll
0x00007ffc8caf0000 - 0x00007ffc8cc8d000 	C:\Windows\System32\USER32.dll
0x00007ffc8c780000 - 0x00007ffc8c7a2000 	C:\Windows\System32\win32u.dll
0x00007ffc8e7e0000 - 0x00007ffc8e80b000 	C:\Windows\System32\GDI32.dll
0x00007ffc8c660000 - 0x00007ffc8c77a000 	C:\Windows\System32\gdi32full.dll
0x00007ffc54d20000 - 0x00007ffc54d3e000 	c:\Users\User\.vscode\extensions\redhat.java-1.40.0-win32-x64\jre\21.0.6-win32-x86_64\bin\VCRUNTIME140.dll
0x00007ffc6eee0000 - 0x00007ffc6f17a000 	C:\Windows\WinSxS\amd64_microsoft.windows.common-controls_6595b64144ccf1df_6.0.19041.4355_none_60b8b9eb71f62e16\COMCTL32.dll
0x00007ffc8c0d0000 - 0x00007ffc8c16d000 	C:\Windows\System32\msvcp_win.dll
0x00007ffc8e810000 - 0x00007ffc8e8ae000 	C:\Windows\System32\msvcrt.dll
0x00007ffc8cac0000 - 0x00007ffc8caef000 	C:\Windows\System32\IMM32.DLL
0x00007ffc55720000 - 0x00007ffc5572c000 	c:\Users\User\.vscode\extensions\redhat.java-1.40.0-win32-x64\jre\21.0.6-win32-x86_64\bin\vcruntime140_1.dll
0x00007ffc51d60000 - 0x00007ffc51ded000 	c:\Users\User\.vscode\extensions\redhat.java-1.40.0-win32-x64\jre\21.0.6-win32-x86_64\bin\msvcp140.dll
0x00007ffc50fd0000 - 0x00007ffc51d60000 	c:\Users\User\.vscode\extensions\redhat.java-1.40.0-win32-x64\jre\21.0.6-win32-x86_64\bin\server\jvm.dll
0x00007ffc8e0b0000 - 0x00007ffc8e15f000 	C:\Windows\System32\ADVAPI32.dll
0x00007ffc8e1c0000 - 0x00007ffc8e25f000 	C:\Windows\System32\sechost.dll
0x00007ffc8df80000 - 0x00007ffc8e0a3000 	C:\Windows\System32\RPCRT4.dll
0x00007ffc8c630000 - 0x00007ffc8c657000 	C:\Windows\System32\bcrypt.dll
0x00007ffc8d1d0000 - 0x00007ffc8d23b000 	C:\Windows\System32\WS2_32.dll
0x00007ffc8bf20000 - 0x00007ffc8bf6b000 	C:\Windows\SYSTEM32\POWRPROF.dll
0x00007ffc76eb0000 - 0x00007ffc76ed7000 	C:\Windows\SYSTEM32\WINMM.dll
0x00007ffc812b0000 - 0x00007ffc812ba000 	C:\Windows\SYSTEM32\VERSION.dll
0x00007ffc8bf00000 - 0x00007ffc8bf12000 	C:\Windows\SYSTEM32\UMPDC.dll
0x00007ffc8a8b0000 - 0x00007ffc8a8c2000 	C:\Windows\SYSTEM32\kernel.appcore.dll
0x00007ffc55210000 - 0x00007ffc5521a000 	c:\Users\User\.vscode\extensions\redhat.java-1.40.0-win32-x64\jre\21.0.6-win32-x86_64\bin\jimage.dll
0x00007ffc89e10000 - 0x00007ffc89ff4000 	C:\Windows\SYSTEM32\DBGHELP.DLL
0x00007ffc690e0000 - 0x00007ffc69114000 	C:\Windows\SYSTEM32\dbgcore.DLL
0x00007ffc8c9c0000 - 0x00007ffc8ca42000 	C:\Windows\System32\bcryptPrimitives.dll
0x00007ffc54d10000 - 0x00007ffc54d1f000 	c:\Users\User\.vscode\extensions\redhat.java-1.40.0-win32-x64\jre\21.0.6-win32-x86_64\bin\instrument.dll
0x00007ffc54ca0000 - 0x00007ffc54cbf000 	c:\Users\User\.vscode\extensions\redhat.java-1.40.0-win32-x64\jre\21.0.6-win32-x86_64\bin\java.dll
0x00007ffc8d6e0000 - 0x00007ffc8de4d000 	C:\Windows\System32\SHELL32.dll
0x00007ffc8a000000 - 0x00007ffc8a7a4000 	C:\Windows\SYSTEM32\windows.storage.dll
0x00007ffc8cd50000 - 0x00007ffc8d0a5000 	C:\Windows\System32\combase.dll
0x00007ffc8ba30000 - 0x00007ffc8ba5f000 	C:\Windows\SYSTEM32\Wldp.dll
0x00007ffc8d2a0000 - 0x00007ffc8d36d000 	C:\Windows\System32\OLEAUT32.dll
0x00007ffc8cca0000 - 0x00007ffc8cd4d000 	C:\Windows\System32\SHCORE.dll
0x00007ffc8d240000 - 0x00007ffc8d295000 	C:\Windows\System32\shlwapi.dll
0x00007ffc8c000000 - 0x00007ffc8c024000 	C:\Windows\SYSTEM32\profapi.dll
0x00007ffc50da0000 - 0x00007ffc50db8000 	c:\Users\User\.vscode\extensions\redhat.java-1.40.0-win32-x64\jre\21.0.6-win32-x86_64\bin\zip.dll
0x00007ffc54c90000 - 0x00007ffc54ca0000 	C:\Users\User\.vscode\extensions\redhat.java-1.40.0-win32-x64\jre\21.0.6-win32-x86_64\bin\net.dll
0x00007ffc7e540000 - 0x00007ffc7e64a000 	C:\Windows\SYSTEM32\WINHTTP.dll
0x00007ffc8b790000 - 0x00007ffc8b7fc000 	C:\Windows\system32\mswsock.dll
0x00007ffc50fb0000 - 0x00007ffc50fc6000 	C:\Users\User\.vscode\extensions\redhat.java-1.40.0-win32-x64\jre\21.0.6-win32-x86_64\bin\nio.dll
0x00007ffc50fa0000 - 0x00007ffc50fb0000 	c:\Users\User\.vscode\extensions\redhat.java-1.40.0-win32-x64\jre\21.0.6-win32-x86_64\bin\verify.dll
0x00007ffc50ca0000 - 0x00007ffc50ce5000 	C:\Users\User\AppData\Roaming\Code\User\globalStorage\redhat.java\1.40.0\config_ss_win\org.eclipse.equinox.launcher\org.eclipse.equinox.launcher.win32.win32.x86_64_1.2.1200.v20250212-0927\eclipse_11909.dll
0x00007ffc8d370000 - 0x00007ffc8d49b000 	C:\Windows\System32\ole32.dll
0x00007ffc8b990000 - 0x00007ffc8b9a8000 	C:\Windows\SYSTEM32\CRYPTSP.dll
0x00007ffc8b0b0000 - 0x00007ffc8b0e4000 	C:\Windows\system32\rsaenh.dll
0x00007ffc8bf80000 - 0x00007ffc8bfae000 	C:\Windows\SYSTEM32\USERENV.dll
0x00007ffc8b980000 - 0x00007ffc8b98c000 	C:\Windows\SYSTEM32\CRYPTBASE.dll
0x00007ffc8b470000 - 0x00007ffc8b4ab000 	C:\Windows\SYSTEM32\IPHLPAPI.DLL
0x00007ffc8cc90000 - 0x00007ffc8cc98000 	C:\Windows\System32\NSI.dll
0x00007ffc50c00000 - 0x00007ffc50c49000 	C:\Users\User\AppData\Local\Temp\jna-2645995\jna3545490195989507059.dll
0x00007ffc8ca50000 - 0x00007ffc8ca58000 	C:\Windows\System32\PSAPI.DLL

dbghelp: loaded successfully - version: 4.0.5 - missing functions: none
symbol engine: initialized successfully - sym options: 0x614 - pdb path: .;c:\Users\User\.vscode\extensions\redhat.java-1.40.0-win32-x64\jre\21.0.6-win32-x86_64\bin;C:\Windows\SYSTEM32;C:\Windows\WinSxS\amd64_microsoft.windows.common-controls_6595b64144ccf1df_6.0.19041.4355_none_60b8b9eb71f62e16;c:\Users\User\.vscode\extensions\redhat.java-1.40.0-win32-x64\jre\21.0.6-win32-x86_64\bin\server;C:\Users\User\AppData\Roaming\Code\User\globalStorage\redhat.java\1.40.0\config_ss_win\org.eclipse.equinox.launcher\org.eclipse.equinox.launcher.win32.win32.x86_64_1.2.1200.v20250212-0927;C:\Users\User\AppData\Local\Temp\jna-2645995

VM Arguments:
jvm_args: --add-modules=ALL-SYSTEM --add-opens=java.base/java.util=ALL-UNNAMED --add-opens=java.base/java.lang=ALL-UNNAMED --add-opens=java.base/sun.nio.fs=ALL-UNNAMED -Declipse.application=org.eclipse.jdt.ls.core.id1 -Dosgi.bundles.defaultStartLevel=4 -Declipse.product=org.eclipse.jdt.ls.core.product -Djava.import.generatesMetadataFilesAtProjectRoot=false -DDetectVMInstallationsJob.disabled=true -Dfile.encoding=utf8 -XX:+UseParallelGC -XX:GCTimeRatio=4 -XX:AdaptiveSizePolicyWeight=90 -Dsun.zip.disableMemoryMapping=true -Xmx1G -Xms100m -Xlog:disable -javaagent:c:\Users\User\.vscode\extensions\redhat.java-1.40.0-win32-x64\lombok\lombok-1.18.36.jar 
java_command: c:\Users\User\.vscode\extensions\redhat.java-1.40.0-win32-x64\server\plugins\org.eclipse.equinox.launcher_1.6.1000.v20250131-0606.jar -configuration c:\Users\User\AppData\Roaming\Code\User\globalStorage\redhat.java\1.40.0\config_ss_win -data c:\Users\User\AppData\Roaming\Code\User\workspaceStorage\c4408599922379a783a3e01f84d06afc\redhat.java\ss_ws --pipe=\\.\pipe\lsp-cd62c610e9a7f43129c60a5e74d8be4f-sock
java_class_path (initial): c:\Users\User\.vscode\extensions\redhat.java-1.40.0-win32-x64\server\plugins\org.eclipse.equinox.launcher_1.6.1000.v20250131-0606.jar
Launcher Type: SUN_STANDARD

[Global flags]
    uintx AdaptiveSizePolicyWeight                 = 90                                        {product} {command line}
     intx CICompilerCount                          = 3                                         {product} {ergonomic}
    uintx GCTimeRatio                              = 4                                         {product} {command line}
   size_t InitialHeapSize                          = 104857600                                 {product} {command line}
   size_t MaxHeapSize                              = 1073741824                                {product} {command line}
   size_t MaxNewSize                               = 357564416                                 {product} {ergonomic}
   size_t MinHeapDeltaBytes                        = 524288                                    {product} {ergonomic}
   size_t MinHeapSize                              = 104857600                                 {product} {command line}
   size_t NewSize                                  = 34603008                                  {product} {ergonomic}
    uintx NonNMethodCodeHeapSize                   = 5832780                                {pd product} {ergonomic}
    uintx NonProfiledCodeHeapSize                  = 122912730                              {pd product} {ergonomic}
   size_t OldSize                                  = 70254592                                  {product} {ergonomic}
    uintx ProfiledCodeHeapSize                     = 122912730                              {pd product} {ergonomic}
    uintx ReservedCodeCacheSize                    = 251658240                              {pd product} {ergonomic}
     bool SegmentedCodeCache                       = true                                      {product} {ergonomic}
   size_t SoftMaxHeapSize                          = 1073741824                             {manageable} {ergonomic}
     bool UseCompressedOops                        = true                           {product lp64_product} {ergonomic}
     bool UseLargePagesIndividualAllocation        = false                                  {pd product} {ergonomic}
     bool UseParallelGC                            = true                                      {product} {command line}

Logging:
Log output configuration:
 #0: stdout all=off uptime,level,tags foldmultilines=false
 #1: stderr all=off uptime,level,tags foldmultilines=false

Environment Variables:
JAVA_HOME=C:\Program Files\Java\jdk-19
PATH=C:\Program Files\Eclipse Adoptium\jdk-21.0.6.7-hotspot\bin;C:\Python312\Scripts\;C:\Python312\;C:\Program Files\Common Files\Oracle\Java\javapath;C:\Program Files (x86)\Common Files\Oracle\Java\java8path;C:\Program Files (x86)\Common Files\Oracle\Java\javapath;C:\Windows\system32;C:\Windows;C:\Windows\System32\Wbem;C:\Windows\System32\WindowsPowerShell\v1.0\;C:\Windows\System32\OpenSSH\;C:\Program Files\Java\jdk-19\bin;C:\ProgramData\chocolatey\bin;C:\Program Files\nodejs\;C:\Program Files\Git\cmd;C:\Program Files\Java\jdk-19;C:\Program Files\MySQL\MySQL Shell 8.0\bin\;C:\Users\User\AppData\Local\Microsoft\WindowsApps;C:\Users\User\AppData\Local\Programs\Microsoft VS Code\bin;C:\Users\User\AppData\Roaming\npm;C:\Program Files\sf\bin;C:\Users\User\.bun\bin
USERNAME=User
OS=Windows_NT
PROCESSOR_IDENTIFIER=Intel64 Family 6 Model 126 Stepping 5, GenuineIntel
TMP=C:\Users\User\AppData\Local\Temp
TEMP=C:\Users\User\AppData\Local\Temp




Periodic native trim disabled

---------------  S Y S T E M  ---------------

OS:
 Windows 10 , 64 bit Build 19041 (10.0.19041.5438)
OS uptime: 0 days 11:49 hours

CPU: total 4 (initial active 4) (2 cores per cpu, 2 threads per core) family 6 model 126 stepping 5 microcode 0xa6, cx8, cmov, fxsr, ht, mmx, 3dnowpref, sse, sse2, sse3, ssse3, sse4.1, sse4.2, popcnt, lzcnt, tsc, tscinvbit, avx, avx2, aes, erms, clmul, bmi1, bmi2, adx, avx512f, avx512dq, avx512cd, avx512bw, avx512vl, sha, fma, vzeroupper, avx512_vpopcntdq, avx512_vpclmulqdq, avx512_vaes, avx512_vnni, clflush, clflushopt, avx512_vbmi2, avx512_vbmi, rdtscp, rdpid, fsrm, gfni, avx512_bitalg, f16c, pku, avx512_ifma
Processor Information for the first 4 processors :
  Max Mhz: 1190, Current Mhz: 1190, Mhz Limit: 1190

Memory: 4k page, system-wide physical 3877M (161M free)
TotalPageFile size 15653M (AvailPageFile size 6M)
current process WorkingSet (physical memory assigned to process): 149M, peak: 155M
current process commit charge ("private bytes"): 239M, peak: 246M

vm_info: OpenJDK 64-Bit Server VM (21.0.6+7-LTS) for windows-amd64 JRE (21.0.6+7-LTS), built on 2025-01-21T00:00:00Z by "admin" with MS VC++ 17.7 (VS2022)

END.
