#
# There is insufficient memory for the Java Runtime Environment to continue.
# Native memory allocation (malloc) failed to allocate 434560 bytes. Error detail: Chunk::new
# Possible reasons:
#   The system is out of physical RAM or swap space
#   This process is running with CompressedOops enabled, and the Java Heap may be blocking the growth of the native heap
# Possible solutions:
#   Reduce memory load on the system
#   Increase physical memory or swap space
#   Check if swap backing store is full
#   Decrease Java heap size (-Xmx/-Xms)
#   Decrease number of Java threads
#   Decrease Java thread stack sizes (-Xss)
#   Set larger code cache with -XX:ReservedCodeCacheSize=
#   JVM is running with Unscaled Compressed Oops mode in which the Java heap is
#     placed in the first 4GB address space. The Java Heap base address is the
#     maximum limit for the native heap growth. Please use -XX:HeapBaseMinAddress
#     to set the Java Heap base and to place the Java Heap above 4GB virtual address.
# This output file may be truncated or incomplete.
#
#  Out of Memory Error (arena.cpp:168), pid=1724, tid=16824
#
# JRE version: OpenJDK Runtime Environment Temurin-21.0.6+7 (21.0.6+7) (build 21.0.6+7-LTS)
# Java VM: OpenJDK 64-Bit Server VM Temurin-21.0.6+7 (21.0.6+7-LTS, mixed mode, sharing, tiered, compressed oops, compressed class ptrs, parallel gc, windows-amd64)
# No core dump will be written. Minidumps are not enabled by default on client versions of Windows
#

---------------  S U M M A R Y ------------

Command Line: --add-modules=ALL-SYSTEM --add-opens=java.base/java.util=ALL-UNNAMED --add-opens=java.base/java.lang=ALL-UNNAMED --add-opens=java.base/sun.nio.fs=ALL-UNNAMED -Declipse.application=org.eclipse.jdt.ls.core.id1 -Dosgi.bundles.defaultStartLevel=4 -Declipse.product=org.eclipse.jdt.ls.core.product -Djava.import.generatesMetadataFilesAtProjectRoot=false -DDetectVMInstallationsJob.disabled=true -Dfile.encoding=utf8 -XX:+UseParallelGC -XX:GCTimeRatio=4 -XX:AdaptiveSizePolicyWeight=90 -Dsun.zip.disableMemoryMapping=true -Xmx1G -Xms100m -Xlog:disable -javaagent:c:\Users\User\.vscode\extensions\redhat.java-1.40.0-win32-x64\lombok\lombok-1.18.36.jar -XX:+HeapDumpOnOutOfMemoryError -XX:HeapDumpPath=c:\Users\User\AppData\Roaming\Code\User\workspaceStorage\c4408599922379a783a3e01f84d06afc\redhat.java -Daether.dependencyCollector.impl=bf c:\Users\User\.vscode\extensions\redhat.java-1.40.0-win32-x64\server\plugins\org.eclipse.equinox.launcher_1.6.1000.v20250131-0606.jar -configuration c:\Users\User\AppData\Roaming\Code\User\globalStorage\redhat.java\1.40.0\config_win -data c:\Users\User\AppData\Roaming\Code\User\workspaceStorage\c4408599922379a783a3e01f84d06afc\redhat.java\jdt_ws --pipe=\\.\pipe\lsp-a63a4a7d552d311c5c6e824c595a2a2f-sock

Host: Intel(R) Core(TM) i3-1005G1 CPU @ 1.20GHz, 4 cores, 3G,  Windows 10 , 64 bit Build 19041 (10.0.19041.5438)
Time: Wed Mar  5 12:12:16 2025 India Standard Time elapsed time: 32.680465 seconds (0d 0h 0m 32s)

---------------  T H R E A D  ---------------

Current thread (0x000001a5f035af40):  JavaThread "C2 CompilerThread0" daemon [_thread_in_native, id=16824, stack(0x0000007e7c100000,0x0000007e7c200000) (1024K)]


Current CompileTask:
C2:32680 7813 %     4       org.eclipse.jdt.internal.core.index.DiskIndex::writeAllDocumentNames @ 251 (512 bytes)

Stack: [0x0000007e7c100000,0x0000007e7c200000]
Native frames: (J=compiled Java code, j=interpreted, Vv=VM code, C=native code)
V  [jvm.dll+0x6cdee9]
V  [jvm.dll+0x8a83d1]
V  [jvm.dll+0x8aa8fe]
V  [jvm.dll+0x8aafe3]
V  [jvm.dll+0x27f706]
V  [jvm.dll+0xc500d]
V  [jvm.dll+0xc5543]
V  [jvm.dll+0x3b678c]
V  [jvm.dll+0x1e0009]
V  [jvm.dll+0x247b42]
V  [jvm.dll+0x246fcf]
V  [jvm.dll+0x1c75ee]
V  [jvm.dll+0x25685a]
V  [jvm.dll+0x254dfa]
V  [jvm.dll+0x3f0256]
V  [jvm.dll+0x851f8b]
V  [jvm.dll+0x6cc5ed]
C  [ucrtbase.dll+0x21bb2]
C  [KERNEL32.DLL+0x17374]
C  [ntdll.dll+0x4cc91]


---------------  P R O C E S S  ---------------

Threads class SMR info:
_java_thread_list=0x000001a5f7d08e50, length=36, elements={
0x000001a5dc01f6e0, 0x000001a5f0347110, 0x000001a5f0348a10, 0x000001a5f034b5a0,
0x000001a5f034c4b0, 0x000001a5f034ddb0, 0x000001a5f0359720, 0x000001a5f035af40,
0x000001a5f038b8e0, 0x000001a5f1141ac0, 0x000001a5f13555a0, 0x000001a5f196fb10,
0x000001a5f1ade3b0, 0x000001a5f1769530, 0x000001a5f1741da0, 0x000001a5f6327500,
0x000001a5f6281210, 0x000001a5f621cc50, 0x000001a5f621b8a0, 0x000001a5f621d2e0,
0x000001a5f621e000, 0x000001a5f621bf30, 0x000001a5f621d970, 0x000001a5f621b210,
0x000001a5f621ab80, 0x000001a5f621c5c0, 0x000001a5f7e69ce0, 0x000001a5f7e66ef0,
0x000001a5f7e6a370, 0x000001a5f7e67580, 0x000001a5f7e68930, 0x000001a5f7e67c10,
0x000001a5f7e682a0, 0x000001a5f7e68fc0, 0x000001a5f7e69650, 0x000001a5f6a21c70
}

Java Threads: ( => current thread )
  0x000001a5dc01f6e0 JavaThread "main"                              [_thread_blocked, id=11844, stack(0x0000007e7b700000,0x0000007e7b800000) (1024K)]
  0x000001a5f0347110 JavaThread "Reference Handler"          daemon [_thread_blocked, id=9892, stack(0x0000007e7bb00000,0x0000007e7bc00000) (1024K)]
  0x000001a5f0348a10 JavaThread "Finalizer"                  daemon [_thread_blocked, id=5988, stack(0x0000007e7bc00000,0x0000007e7bd00000) (1024K)]
  0x000001a5f034b5a0 JavaThread "Signal Dispatcher"          daemon [_thread_blocked, id=11956, stack(0x0000007e7bd00000,0x0000007e7be00000) (1024K)]
  0x000001a5f034c4b0 JavaThread "Attach Listener"            daemon [_thread_blocked, id=11992, stack(0x0000007e7be00000,0x0000007e7bf00000) (1024K)]
  0x000001a5f034ddb0 JavaThread "Service Thread"             daemon [_thread_blocked, id=1820, stack(0x0000007e7bf00000,0x0000007e7c000000) (1024K)]
  0x000001a5f0359720 JavaThread "Monitor Deflation Thread"   daemon [_thread_blocked, id=2564, stack(0x0000007e7c000000,0x0000007e7c100000) (1024K)]
=>0x000001a5f035af40 JavaThread "C2 CompilerThread0"         daemon [_thread_in_native, id=16824, stack(0x0000007e7c100000,0x0000007e7c200000) (1024K)]
  0x000001a5f038b8e0 JavaThread "C1 CompilerThread0"         daemon [_thread_blocked, id=16148, stack(0x0000007e7c200000,0x0000007e7c300000) (1024K)]
  0x000001a5f1141ac0 JavaThread "Common-Cleaner"             daemon [_thread_blocked, id=1044, stack(0x0000007e7c300000,0x0000007e7c400000) (1024K)]
  0x000001a5f13555a0 JavaThread "Notification Thread"        daemon [_thread_blocked, id=11884, stack(0x0000007e7c400000,0x0000007e7c500000) (1024K)]
  0x000001a5f196fb10 JavaThread "Active Thread: Equinox Container: 84e54dc1-6a6e-41bc-84fa-38d9df0edf2a"        [_thread_blocked, id=10904, stack(0x0000007e7c800000,0x0000007e7c900000) (1024K)]
  0x000001a5f1ade3b0 JavaThread "Refresh Thread: Equinox Container: 84e54dc1-6a6e-41bc-84fa-38d9df0edf2a" daemon [_thread_blocked, id=15080, stack(0x0000007e7c900000,0x0000007e7ca00000) (1024K)]
  0x000001a5f1769530 JavaThread "Framework Event Dispatcher: Equinox Container: 84e54dc1-6a6e-41bc-84fa-38d9df0edf2a" daemon [_thread_blocked, id=13668, stack(0x0000007e7ca00000,0x0000007e7cb00000) (1024K)]
  0x000001a5f1741da0 JavaThread "Start Level: Equinox Container: 84e54dc1-6a6e-41bc-84fa-38d9df0edf2a" daemon [_thread_blocked, id=10924, stack(0x0000007e7cb00000,0x0000007e7cc00000) (1024K)]
  0x000001a5f6327500 JavaThread "Bundle File Closer"         daemon [_thread_blocked, id=17508, stack(0x0000007e7cc00000,0x0000007e7cd00000) (1024K)]
  0x000001a5f6281210 JavaThread "SCR Component Actor"        daemon [_thread_blocked, id=7184, stack(0x0000007e7cd00000,0x0000007e7ce00000) (1024K)]
  0x000001a5f621cc50 JavaThread "Worker-JM"                         [_thread_blocked, id=5516, stack(0x0000007e7cf00000,0x0000007e7d000000) (1024K)]
  0x000001a5f621b8a0 JavaThread "JNA Cleaner"                daemon [_thread_blocked, id=17620, stack(0x0000007e7d000000,0x0000007e7d100000) (1024K)]
  0x000001a5f621d2e0 JavaThread "Worker-0: Java indexing... "        [_thread_blocked, id=6880, stack(0x0000007e7d100000,0x0000007e7d200000) (1024K)]
  0x000001a5f621e000 JavaThread "Worker-1"                          [_thread_blocked, id=11124, stack(0x0000007e7d200000,0x0000007e7d300000) (1024K)]
  0x000001a5f621bf30 JavaThread "Worker-2"                          [_thread_blocked, id=14440, stack(0x0000007e7d300000,0x0000007e7d400000) (1024K)]
  0x000001a5f621d970 JavaThread "Worker-3"                          [_thread_blocked, id=16852, stack(0x0000007e7d400000,0x0000007e7d500000) (1024K)]
  0x000001a5f621b210 JavaThread "Java indexing"              daemon [_thread_in_Java, id=17588, stack(0x0000007e7d500000,0x0000007e7d600000) (1024K)]
  0x000001a5f621ab80 JavaThread "Worker-4"                          [_thread_blocked, id=15868, stack(0x0000007e7d800000,0x0000007e7d900000) (1024K)]
  0x000001a5f621c5c0 JavaThread "Worker-5"                          [_thread_blocked, id=10716, stack(0x0000007e7d900000,0x0000007e7da00000) (1024K)]
  0x000001a5f7e69ce0 JavaThread "Thread-2"                   daemon [_thread_in_native, id=12380, stack(0x0000007e7da00000,0x0000007e7db00000) (1024K)]
  0x000001a5f7e66ef0 JavaThread "Thread-3"                   daemon [_thread_in_native, id=10836, stack(0x0000007e7db00000,0x0000007e7dc00000) (1024K)]
  0x000001a5f7e6a370 JavaThread "Thread-4"                   daemon [_thread_in_native, id=4760, stack(0x0000007e7dc00000,0x0000007e7dd00000) (1024K)]
  0x000001a5f7e67580 JavaThread "Thread-5"                   daemon [_thread_in_native, id=4816, stack(0x0000007e7dd00000,0x0000007e7de00000) (1024K)]
  0x000001a5f7e68930 JavaThread "Thread-6"                   daemon [_thread_in_native, id=5052, stack(0x0000007e7de00000,0x0000007e7df00000) (1024K)]
  0x000001a5f7e67c10 JavaThread "pool-2-thread-1"                   [_thread_blocked, id=16004, stack(0x0000007e7df00000,0x0000007e7e000000) (1024K)]
  0x000001a5f7e682a0 JavaThread "WorkspaceEventsHandler"            [_thread_blocked, id=16312, stack(0x0000007e7e000000,0x0000007e7e100000) (1024K)]
  0x000001a5f7e68fc0 JavaThread "pool-1-thread-1"                   [_thread_blocked, id=3588, stack(0x0000007e7e100000,0x0000007e7e200000) (1024K)]
  0x000001a5f7e69650 JavaThread "Compiler Source File Reader" daemon [_thread_blocked, id=11064, stack(0x0000007e7ce00000,0x0000007e7cf00000) (1024K)]
  0x000001a5f6a21c70 JavaThread "Compiler Processing Task"   daemon [_thread_blocked, id=14024, stack(0x0000007e7e200000,0x0000007e7e300000) (1024K)]
Total: 36

Other Threads:
  0x000001a5dc0dc500 VMThread "VM Thread"                           [id=8468, stack(0x0000007e7ba00000,0x0000007e7bb00000) (1024K)]
  0x000001a5dc08b5e0 WatcherThread "VM Periodic Task Thread"        [id=2600, stack(0x0000007e7b900000,0x0000007e7ba00000) (1024K)]
  0x000001a5dc03eff0 WorkerThread "GC Thread#0"                     [id=15344, stack(0x0000007e7b800000,0x0000007e7b900000) (1024K)]
  0x000001a5f1a1b360 WorkerThread "GC Thread#1"                     [id=14196, stack(0x0000007e7c500000,0x0000007e7c600000) (1024K)]
  0x000001a5f1702c60 WorkerThread "GC Thread#2"                     [id=12048, stack(0x0000007e7c600000,0x0000007e7c700000) (1024K)]
  0x000001a5f1703000 WorkerThread "GC Thread#3"                     [id=12708, stack(0x0000007e7c700000,0x0000007e7c800000) (1024K)]
Total: 6

Threads with active compile tasks:
C2 CompilerThread0  32738 7813 %     4       org.eclipse.jdt.internal.core.index.DiskIndex::writeAllDocumentNames @ 251 (512 bytes)
Total: 1

VM state: not at safepoint (normal execution)

VM Mutex/Monitor currently owned by a thread:  ([mutex/lock_event])
[0x00007ffc51c7e480] Heap_lock - owner thread: 0x000001a5f621b210

Heap address: 0x00000000c0000000, size: 1024 MB, Compressed Oops mode: 32-bit

CDS archive(s) mapped at: [0x000001a580000000-0x000001a580ba0000-0x000001a580ba0000), size 12189696, SharedBaseAddress: 0x000001a580000000, ArchiveRelocationMode: 1.
Compressed class space mapped at: 0x000001a581000000-0x000001a5c1000000, reserved size: 1073741824
Narrow klass base: 0x000001a580000000, Narrow klass shift: 0, Narrow klass range: 0x100000000

GC Precious Log:
 CardTable entry size: 512
 CPUs: 4 total, 4 available
 Memory: 3877M
 Large Page Support: Disabled
 NUMA Support: Disabled
 Compressed Oops: Enabled (32-bit)
 Alignments: Space 512K, Generation 512K, Heap 2M
 Heap Min Capacity: 100M
 Heap Initial Capacity: 100M
 Heap Max Capacity: 1G
 Pre-touch: Disabled
 Parallel Workers: 4

Heap:
 PSYoungGen      total 3584K, used 3533K [0x00000000eab00000, 0x00000000eb100000, 0x0000000100000000)
  eden space 2048K, 100% used [0x00000000eab00000,0x00000000ead00000,0x00000000ead00000)
  from space 1536K, 96% used [0x00000000ead00000,0x00000000eae73760,0x00000000eae80000)
  to   space 2048K, 0% used [0x00000000eaf00000,0x00000000eaf00000,0x00000000eb100000)
 ParOldGen       total 310784K, used 310348K [0x00000000c0000000, 0x00000000d2f80000, 0x00000000eab00000)
  object space 310784K, 99% used [0x00000000c0000000,0x00000000d2f131a0,0x00000000d2f80000)
 Metaspace       used 50050K, committed 51200K, reserved 1114112K
  class space    used 5278K, committed 5760K, reserved 1048576K

Card table byte_map: [0x000001a5db9f0000,0x000001a5dbc00000] _byte_map_base: 0x000001a5db3f0000

Marking Bits: (ParMarkBitMap*) 0x00007ffc51c83260
 Begin Bits: [0x000001a5ee220000, 0x000001a5ef220000)
 End Bits:   [0x000001a5ef220000, 0x000001a5f0220000)

Polling page: 0x000001a5da0c0000

Metaspace:

Usage:
  Non-class:     43.72 MB used.
      Class:      5.15 MB used.
       Both:     48.88 MB used.

Virtual space:
  Non-class space:       64.00 MB reserved,      44.38 MB ( 69%) committed,  1 nodes.
      Class space:        1.00 GB reserved,       5.62 MB ( <1%) committed,  1 nodes.
             Both:        1.06 GB reserved,      50.00 MB (  5%) committed. 

Chunk freelists:
   Non-Class:  2.75 MB
       Class:  10.19 MB
        Both:  12.94 MB

MaxMetaspaceSize: unlimited
CompressedClassSpaceSize: 1.00 GB
Initial GC threshold: 21.00 MB
Current GC threshold: 58.38 MB
CDS: on
 - commit_granule_bytes: 65536.
 - commit_granule_words: 8192.
 - virtual_space_node_default_size: 8388608.
 - enlarge_chunks_in_place: 1.
 - use_allocation_guard: 0.


Internal statistics:

num_allocs_failed_limit: 8.
num_arena_births: 868.
num_arena_deaths: 22.
num_vsnodes_births: 2.
num_vsnodes_deaths: 0.
num_space_committed: 800.
num_space_uncommitted: 0.
num_chunks_returned_to_freelist: 33.
num_chunks_taken_from_freelist: 3059.
num_chunk_merges: 14.
num_chunk_splits: 1945.
num_chunks_enlarged: 1182.
num_inconsistent_stats: 0.

CodeHeap 'non-profiled nmethods': size=120000Kb used=4829Kb max_used=4829Kb free=115170Kb
 bounds [0x000001a5e6cf0000, 0x000001a5e71b0000, 0x000001a5ee220000]
CodeHeap 'profiled nmethods': size=120000Kb used=15006Kb max_used=15006Kb free=104993Kb
 bounds [0x000001a5df220000, 0x000001a5e00d0000, 0x000001a5e6750000]
CodeHeap 'non-nmethods': size=5760Kb used=1405Kb max_used=1463Kb free=4354Kb
 bounds [0x000001a5e6750000, 0x000001a5e69c0000, 0x000001a5e6cf0000]
 total_blobs=7950 nmethods=7245 adapters=611
 compilation: enabled
              stopped_count=0, restarted_count=0
 full_count=0

Compilation events (20 events):
Event: 31.877 Thread 0x000001a5f038b8e0 nmethod 7803 0x000001a5e00b8010 code [0x000001a5e00b8240, 0x000001a5e00b8970]
Event: 32.512 Thread 0x000001a5f038b8e0 7804   !   3       java.lang.Thread::sleep (82 bytes)
Event: 32.523 Thread 0x000001a5f038b8e0 nmethod 7804 0x000001a5e00b8b90 code [0x000001a5e00b8dc0, 0x000001a5e00b9630]
Event: 32.524 Thread 0x000001a5f038b8e0 7805   !   3       java.lang.Thread::beforeSleep (33 bytes)
Event: 32.524 Thread 0x000001a5f038b8e0 nmethod 7805 0x000001a5e00b9990 code [0x000001a5e00b9b40, 0x000001a5e00b9d08]
Event: 32.524 Thread 0x000001a5f038b8e0 7806       3       jdk.internal.event.ThreadSleepEvent::isTurnedOn (7 bytes)
Event: 32.524 Thread 0x000001a5f038b8e0 nmethod 7806 0x000001a5e00b9e10 code [0x000001a5e00b9fc0, 0x000001a5e00ba110]
Event: 32.527 Thread 0x000001a5f038b8e0 7807       3       org.eclipse.jdt.internal.core.index.DiskIndex::writeStreamChars (285 bytes)
Event: 32.528 Thread 0x000001a5f038b8e0 nmethod 7807 0x000001a5e00ba190 code [0x000001a5e00ba360, 0x000001a5e00ba798]
Event: 32.529 Thread 0x000001a5f038b8e0 7808       3       org.eclipse.jdt.internal.core.index.DiskIndex::writeStreamChars (220 bytes)
Event: 32.532 Thread 0x000001a5f038b8e0 nmethod 7808 0x000001a5e00baa10 code [0x000001a5e00bac20, 0x000001a5e00bb318]
Event: 32.542 Thread 0x000001a5f038b8e0 7809 %     3       org.eclipse.jdt.internal.core.index.DiskIndex::writeAllDocumentNames @ 251 (512 bytes)
Event: 32.550 Thread 0x000001a5f038b8e0 nmethod 7809% 0x000001a5e00bb610 code [0x000001a5e00bbae0, 0x000001a5e00be6b8]
Event: 32.551 Thread 0x000001a5f038b8e0 7810 %     3       org.eclipse.jdt.internal.core.index.DiskIndex::writeAllDocumentNames @ 300 (512 bytes)
Event: 32.555 Thread 0x000001a5f038b8e0 nmethod 7810% 0x000001a5e00bf910 code [0x000001a5e00bfde0, 0x000001a5e00c2a20]
Event: 32.557 Thread 0x000001a5f038b8e0 7811       3       org.eclipse.jdt.internal.core.index.DiskIndex::writeAllDocumentNames (512 bytes)
Event: 32.560 Thread 0x000001a5f038b8e0 nmethod 7811 0x000001a5e00c3c90 code [0x000001a5e00c4140, 0x000001a5e00c6888]
Event: 32.582 Thread 0x000001a5f035af40 7812       4       org.eclipse.jdt.internal.core.index.DiskIndex::writeStreamChars (285 bytes)
Event: 32.621 Thread 0x000001a5f035af40 nmethod 7812 0x000001a5e71a7110 code [0x000001a5e71a72a0, 0x000001a5e71a75c0]
Event: 32.621 Thread 0x000001a5f035af40 7813 %     4       org.eclipse.jdt.internal.core.index.DiskIndex::writeAllDocumentNames @ 251 (512 bytes)

GC Heap History (20 events):
Event: 30.347 GC heap before
{Heap before GC invocations=200 (full 2):
 PSYoungGen      total 4096K, used 3569K [0x00000000eab00000, 0x00000000eb080000, 0x0000000100000000)
  eden space 2560K, 98% used [0x00000000eab00000,0x00000000ead77cb8,0x00000000ead80000)
  from space 1536K, 67% used [0x00000000ead80000,0x00000000eae84928,0x00000000eaf00000)
  to   space 1536K, 0% used [0x00000000eaf00000,0x00000000eaf00000,0x00000000eb080000)
 ParOldGen       total 301056K, used 300649K [0x00000000c0000000, 0x00000000d2600000, 0x00000000eab00000)
  object space 301056K, 99% used [0x00000000c0000000,0x00000000d259a788,0x00000000d2600000)
 Metaspace       used 50038K, committed 51200K, reserved 1114112K
  class space    used 5278K, committed 5760K, reserved 1048576K
}
Event: 30.349 GC heap after
{Heap after GC invocations=200 (full 2):
 PSYoungGen      total 4096K, used 1161K [0x00000000eab00000, 0x00000000eb080000, 0x0000000100000000)
  eden space 2560K, 0% used [0x00000000eab00000,0x00000000eab00000,0x00000000ead80000)
  from space 1536K, 75% used [0x00000000eaf00000,0x00000000eb0227f8,0x00000000eb080000)
  to   space 1536K, 0% used [0x00000000ead80000,0x00000000ead80000,0x00000000eaf00000)
 ParOldGen       total 301568K, used 301550K [0x00000000c0000000, 0x00000000d2680000, 0x00000000eab00000)
  object space 301568K, 99% used [0x00000000c0000000,0x00000000d267bbb8,0x00000000d2680000)
 Metaspace       used 50038K, committed 51200K, reserved 1114112K
  class space    used 5278K, committed 5760K, reserved 1048576K
}
Event: 30.427 GC heap before
{Heap before GC invocations=201 (full 2):
 PSYoungGen      total 4096K, used 3712K [0x00000000eab00000, 0x00000000eb080000, 0x0000000100000000)
  eden space 2560K, 99% used [0x00000000eab00000,0x00000000ead7da48,0x00000000ead80000)
  from space 1536K, 75% used [0x00000000eaf00000,0x00000000eb0227f8,0x00000000eb080000)
  to   space 1536K, 0% used [0x00000000ead80000,0x00000000ead80000,0x00000000eaf00000)
 ParOldGen       total 301568K, used 301550K [0x00000000c0000000, 0x00000000d2680000, 0x00000000eab00000)
  object space 301568K, 99% used [0x00000000c0000000,0x00000000d267bbb8,0x00000000d2680000)
 Metaspace       used 50038K, committed 51200K, reserved 1114112K
  class space    used 5278K, committed 5760K, reserved 1048576K
}
Event: 30.430 GC heap after
{Heap after GC invocations=201 (full 2):
 PSYoungGen      total 4096K, used 1219K [0x00000000eab00000, 0x00000000eb080000, 0x0000000100000000)
  eden space 2560K, 0% used [0x00000000eab00000,0x00000000eab00000,0x00000000ead80000)
  from space 1536K, 79% used [0x00000000ead80000,0x00000000eaeb0ee8,0x00000000eaf00000)
  to   space 1536K, 0% used [0x00000000eaf00000,0x00000000eaf00000,0x00000000eb080000)
 ParOldGen       total 302592K, used 302580K [0x00000000c0000000, 0x00000000d2780000, 0x00000000eab00000)
  object space 302592K, 99% used [0x00000000c0000000,0x00000000d277d0f0,0x00000000d2780000)
 Metaspace       used 50038K, committed 51200K, reserved 1114112K
  class space    used 5278K, committed 5760K, reserved 1048576K
}
Event: 30.740 GC heap before
{Heap before GC invocations=202 (full 2):
 PSYoungGen      total 4096K, used 3720K [0x00000000eab00000, 0x00000000eb080000, 0x0000000100000000)
  eden space 2560K, 97% used [0x00000000eab00000,0x00000000ead714a8,0x00000000ead80000)
  from space 1536K, 79% used [0x00000000ead80000,0x00000000eaeb0ee8,0x00000000eaf00000)
  to   space 1536K, 0% used [0x00000000eaf00000,0x00000000eaf00000,0x00000000eb080000)
 ParOldGen       total 302592K, used 302580K [0x00000000c0000000, 0x00000000d2780000, 0x00000000eab00000)
  object space 302592K, 99% used [0x00000000c0000000,0x00000000d277d0f0,0x00000000d2780000)
 Metaspace       used 50038K, committed 51200K, reserved 1114112K
  class space    used 5278K, committed 5760K, reserved 1048576K
}
Event: 30.742 GC heap after
{Heap after GC invocations=202 (full 2):
 PSYoungGen      total 4096K, used 1157K [0x00000000eab00000, 0x00000000eb080000, 0x0000000100000000)
  eden space 2560K, 0% used [0x00000000eab00000,0x00000000eab00000,0x00000000ead80000)
  from space 1536K, 75% used [0x00000000eaf00000,0x00000000eb0215e0,0x00000000eb080000)
  to   space 1536K, 0% used [0x00000000ead80000,0x00000000ead80000,0x00000000eaf00000)
 ParOldGen       total 304128K, used 303647K [0x00000000c0000000, 0x00000000d2900000, 0x00000000eab00000)
  object space 304128K, 99% used [0x00000000c0000000,0x00000000d2887f80,0x00000000d2900000)
 Metaspace       used 50038K, committed 51200K, reserved 1114112K
  class space    used 5278K, committed 5760K, reserved 1048576K
}
Event: 30.814 GC heap before
{Heap before GC invocations=203 (full 2):
 PSYoungGen      total 4096K, used 3712K [0x00000000eab00000, 0x00000000eb080000, 0x0000000100000000)
  eden space 2560K, 99% used [0x00000000eab00000,0x00000000ead7ecd8,0x00000000ead80000)
  from space 1536K, 75% used [0x00000000eaf00000,0x00000000eb0215e0,0x00000000eb080000)
  to   space 1536K, 0% used [0x00000000ead80000,0x00000000ead80000,0x00000000eaf00000)
 ParOldGen       total 304128K, used 303647K [0x00000000c0000000, 0x00000000d2900000, 0x00000000eab00000)
  object space 304128K, 99% used [0x00000000c0000000,0x00000000d2887f80,0x00000000d2900000)
 Metaspace       used 50038K, committed 51200K, reserved 1114112K
  class space    used 5278K, committed 5760K, reserved 1048576K
}
Event: 30.860 GC heap after
{Heap after GC invocations=203 (full 2):
 PSYoungGen      total 4096K, used 1138K [0x00000000eab00000, 0x00000000eb080000, 0x0000000100000000)
  eden space 2560K, 0% used [0x00000000eab00000,0x00000000eab00000,0x00000000ead80000)
  from space 1536K, 74% used [0x00000000ead80000,0x00000000eae9ca48,0x00000000eaf00000)
  to   space 1536K, 0% used [0x00000000eaf00000,0x00000000eaf00000,0x00000000eb080000)
 ParOldGen       total 305152K, used 304726K [0x00000000c0000000, 0x00000000d2a00000, 0x00000000eab00000)
  object space 305152K, 99% used [0x00000000c0000000,0x00000000d2995810,0x00000000d2a00000)
 Metaspace       used 50038K, committed 51200K, reserved 1114112K
  class space    used 5278K, committed 5760K, reserved 1048576K
}
Event: 30.983 GC heap before
{Heap before GC invocations=204 (full 2):
 PSYoungGen      total 4096K, used 3638K [0x00000000eab00000, 0x00000000eb080000, 0x0000000100000000)
  eden space 2560K, 97% used [0x00000000eab00000,0x00000000ead70f08,0x00000000ead80000)
  from space 1536K, 74% used [0x00000000ead80000,0x00000000eae9ca48,0x00000000eaf00000)
  to   space 1536K, 0% used [0x00000000eaf00000,0x00000000eaf00000,0x00000000eb080000)
 ParOldGen       total 305152K, used 304726K [0x00000000c0000000, 0x00000000d2a00000, 0x00000000eab00000)
  object space 305152K, 99% used [0x00000000c0000000,0x00000000d2995810,0x00000000d2a00000)
 Metaspace       used 50038K, committed 51200K, reserved 1114112K
  class space    used 5278K, committed 5760K, reserved 1048576K
}
Event: 30.985 GC heap after
{Heap after GC invocations=204 (full 2):
 PSYoungGen      total 4096K, used 1082K [0x00000000eab00000, 0x00000000eb080000, 0x0000000100000000)
  eden space 2560K, 0% used [0x00000000eab00000,0x00000000eab00000,0x00000000ead80000)
  from space 1536K, 70% used [0x00000000eaf00000,0x00000000eb00eb70,0x00000000eb080000)
  to   space 1536K, 0% used [0x00000000ead80000,0x00000000ead80000,0x00000000eaf00000)
 ParOldGen       total 306176K, used 305759K [0x00000000c0000000, 0x00000000d2b00000, 0x00000000eab00000)
  object space 306176K, 99% used [0x00000000c0000000,0x00000000d2a97f70,0x00000000d2b00000)
 Metaspace       used 50038K, committed 51200K, reserved 1114112K
  class space    used 5278K, committed 5760K, reserved 1048576K
}
Event: 31.083 GC heap before
{Heap before GC invocations=205 (full 2):
 PSYoungGen      total 4096K, used 3622K [0x00000000eab00000, 0x00000000eb080000, 0x0000000100000000)
  eden space 2560K, 99% used [0x00000000eab00000,0x00000000ead7ae10,0x00000000ead80000)
  from space 1536K, 70% used [0x00000000eaf00000,0x00000000eb00eb70,0x00000000eb080000)
  to   space 1536K, 0% used [0x00000000ead80000,0x00000000ead80000,0x00000000eaf00000)
 ParOldGen       total 306176K, used 305759K [0x00000000c0000000, 0x00000000d2b00000, 0x00000000eab00000)
  object space 306176K, 99% used [0x00000000c0000000,0x00000000d2a97f70,0x00000000d2b00000)
 Metaspace       used 50038K, committed 51200K, reserved 1114112K
  class space    used 5278K, committed 5760K, reserved 1048576K
}
Event: 31.085 GC heap after
{Heap after GC invocations=205 (full 2):
 PSYoungGen      total 4096K, used 1131K [0x00000000eab00000, 0x00000000eb080000, 0x0000000100000000)
  eden space 2560K, 0% used [0x00000000eab00000,0x00000000eab00000,0x00000000ead80000)
  from space 1536K, 73% used [0x00000000ead80000,0x00000000eae9aff0,0x00000000eaf00000)
  to   space 1536K, 0% used [0x00000000eaf00000,0x00000000eaf00000,0x00000000eb080000)
 ParOldGen       total 307200K, used 306754K [0x00000000c0000000, 0x00000000d2c00000, 0x00000000eab00000)
  object space 307200K, 99% used [0x00000000c0000000,0x00000000d2b90878,0x00000000d2c00000)
 Metaspace       used 50038K, committed 51200K, reserved 1114112K
  class space    used 5278K, committed 5760K, reserved 1048576K
}
Event: 31.250 GC heap before
{Heap before GC invocations=206 (full 2):
 PSYoungGen      total 4096K, used 3691K [0x00000000eab00000, 0x00000000eb080000, 0x0000000100000000)
  eden space 2560K, 100% used [0x00000000eab00000,0x00000000ead80000,0x00000000ead80000)
  from space 1536K, 73% used [0x00000000ead80000,0x00000000eae9aff0,0x00000000eaf00000)
  to   space 1536K, 0% used [0x00000000eaf00000,0x00000000eaf00000,0x00000000eb080000)
 ParOldGen       total 307200K, used 306754K [0x00000000c0000000, 0x00000000d2c00000, 0x00000000eab00000)
  object space 307200K, 99% used [0x00000000c0000000,0x00000000d2b90878,0x00000000d2c00000)
 Metaspace       used 50038K, committed 51200K, reserved 1114112K
  class space    used 5278K, committed 5760K, reserved 1048576K
}
Event: 31.268 GC heap after
{Heap after GC invocations=206 (full 2):
 PSYoungGen      total 4096K, used 991K [0x00000000eab00000, 0x00000000eb080000, 0x0000000100000000)
  eden space 2560K, 0% used [0x00000000eab00000,0x00000000eab00000,0x00000000ead80000)
  from space 1536K, 64% used [0x00000000eaf00000,0x00000000eaff7e70,0x00000000eb080000)
  to   space 1536K, 0% used [0x00000000ead80000,0x00000000ead80000,0x00000000eaf00000)
 ParOldGen       total 308224K, used 307831K [0x00000000c0000000, 0x00000000d2d00000, 0x00000000eab00000)
  object space 308224K, 99% used [0x00000000c0000000,0x00000000d2c9dcb8,0x00000000d2d00000)
 Metaspace       used 50038K, committed 51200K, reserved 1114112K
  class space    used 5278K, committed 5760K, reserved 1048576K
}
Event: 31.360 GC heap before
{Heap before GC invocations=207 (full 2):
 PSYoungGen      total 4096K, used 3532K [0x00000000eab00000, 0x00000000eb080000, 0x0000000100000000)
  eden space 2560K, 99% used [0x00000000eab00000,0x00000000ead7b540,0x00000000ead80000)
  from space 1536K, 64% used [0x00000000eaf00000,0x00000000eaff7e70,0x00000000eb080000)
  to   space 1536K, 0% used [0x00000000ead80000,0x00000000ead80000,0x00000000eaf00000)
 ParOldGen       total 308224K, used 307831K [0x00000000c0000000, 0x00000000d2d00000, 0x00000000eab00000)
  object space 308224K, 99% used [0x00000000c0000000,0x00000000d2c9dcb8,0x00000000d2d00000)
 Metaspace       used 50038K, committed 51200K, reserved 1114112K
  class space    used 5278K, committed 5760K, reserved 1048576K
}
Event: 31.363 GC heap after
{Heap after GC invocations=207 (full 2):
 PSYoungGen      total 3584K, used 766K [0x00000000eab00000, 0x00000000eaf80000, 0x0000000100000000)
  eden space 2560K, 0% used [0x00000000eab00000,0x00000000eab00000,0x00000000ead80000)
  from space 1024K, 74% used [0x00000000ead80000,0x00000000eae3f8b0,0x00000000eae80000)
  to   space 1024K, 0% used [0x00000000eae80000,0x00000000eae80000,0x00000000eaf80000)
 ParOldGen       total 309248K, used 308780K [0x00000000c0000000, 0x00000000d2e00000, 0x00000000eab00000)
  object space 309248K, 99% used [0x00000000c0000000,0x00000000d2d8b308,0x00000000d2e00000)
 Metaspace       used 50038K, committed 51200K, reserved 1114112K
  class space    used 5278K, committed 5760K, reserved 1048576K
}
Event: 31.440 GC heap before
{Heap before GC invocations=208 (full 2):
 PSYoungGen      total 3584K, used 3290K [0x00000000eab00000, 0x00000000eaf80000, 0x0000000100000000)
  eden space 2560K, 98% used [0x00000000eab00000,0x00000000ead76f90,0x00000000ead80000)
  from space 1024K, 74% used [0x00000000ead80000,0x00000000eae3f8b0,0x00000000eae80000)
  to   space 1024K, 0% used [0x00000000eae80000,0x00000000eae80000,0x00000000eaf80000)
 ParOldGen       total 309248K, used 308780K [0x00000000c0000000, 0x00000000d2e00000, 0x00000000eab00000)
  object space 309248K, 99% used [0x00000000c0000000,0x00000000d2d8b308,0x00000000d2e00000)
 Metaspace       used 50038K, committed 51200K, reserved 1114112K
  class space    used 5278K, committed 5760K, reserved 1048576K
}
Event: 31.442 GC heap after
{Heap after GC invocations=208 (full 2):
 PSYoungGen      total 3072K, used 1000K [0x00000000eab00000, 0x00000000eb080000, 0x0000000100000000)
  eden space 2048K, 0% used [0x00000000eab00000,0x00000000eab00000,0x00000000ead00000)
  from space 1024K, 97% used [0x00000000eae80000,0x00000000eaf7a058,0x00000000eaf80000)
  to   space 1536K, 0% used [0x00000000ead00000,0x00000000ead00000,0x00000000eae80000)
 ParOldGen       total 309760K, used 309436K [0x00000000c0000000, 0x00000000d2e80000, 0x00000000eab00000)
  object space 309760K, 99% used [0x00000000c0000000,0x00000000d2e2f070,0x00000000d2e80000)
 Metaspace       used 50038K, committed 51200K, reserved 1114112K
  class space    used 5278K, committed 5760K, reserved 1048576K
}
Event: 31.610 GC heap before
{Heap before GC invocations=209 (full 2):
 PSYoungGen      total 3072K, used 3048K [0x00000000eab00000, 0x00000000eb080000, 0x0000000100000000)
  eden space 2048K, 100% used [0x00000000eab00000,0x00000000ead00000,0x00000000ead00000)
  from space 1024K, 97% used [0x00000000eae80000,0x00000000eaf7a058,0x00000000eaf80000)
  to   space 1536K, 0% used [0x00000000ead00000,0x00000000ead00000,0x00000000eae80000)
 ParOldGen       total 309760K, used 309436K [0x00000000c0000000, 0x00000000d2e80000, 0x00000000eab00000)
  object space 309760K, 99% used [0x00000000c0000000,0x00000000d2e2f070,0x00000000d2e80000)
 Metaspace       used 50042K, committed 51200K, reserved 1114112K
  class space    used 5278K, committed 5760K, reserved 1048576K
}
Event: 31.661 GC heap after
{Heap after GC invocations=209 (full 2):
 PSYoungGen      total 3584K, used 1485K [0x00000000eab00000, 0x00000000eb100000, 0x0000000100000000)
  eden space 2048K, 0% used [0x00000000eab00000,0x00000000eab00000,0x00000000ead00000)
  from space 1536K, 96% used [0x00000000ead00000,0x00000000eae73760,0x00000000eae80000)
  to   space 2048K, 0% used [0x00000000eaf00000,0x00000000eaf00000,0x00000000eb100000)
 ParOldGen       total 310784K, used 310348K [0x00000000c0000000, 0x00000000d2f80000, 0x00000000eab00000)
  object space 310784K, 99% used [0x00000000c0000000,0x00000000d2f131a0,0x00000000d2f80000)
 Metaspace       used 50042K, committed 51200K, reserved 1114112K
  class space    used 5278K, committed 5760K, reserved 1048576K
}

Dll operation events (10 events):
Event: 0.026 Loaded shared library c:\Users\User\.vscode\extensions\redhat.java-1.40.0-win32-x64\jre\21.0.6-win32-x86_64\bin\java.dll
Event: 0.233 Loaded shared library c:\Users\User\.vscode\extensions\redhat.java-1.40.0-win32-x64\jre\21.0.6-win32-x86_64\bin\zip.dll
Event: 0.271 Loaded shared library C:\Users\User\.vscode\extensions\redhat.java-1.40.0-win32-x64\jre\21.0.6-win32-x86_64\bin\instrument.dll
Event: 0.277 Loaded shared library C:\Users\User\.vscode\extensions\redhat.java-1.40.0-win32-x64\jre\21.0.6-win32-x86_64\bin\net.dll
Event: 0.281 Loaded shared library C:\Users\User\.vscode\extensions\redhat.java-1.40.0-win32-x64\jre\21.0.6-win32-x86_64\bin\nio.dll
Event: 0.286 Loaded shared library C:\Users\User\.vscode\extensions\redhat.java-1.40.0-win32-x64\jre\21.0.6-win32-x86_64\bin\zip.dll
Event: 0.326 Loaded shared library C:\Users\User\.vscode\extensions\redhat.java-1.40.0-win32-x64\jre\21.0.6-win32-x86_64\bin\jimage.dll
Event: 0.530 Loaded shared library c:\Users\User\.vscode\extensions\redhat.java-1.40.0-win32-x64\jre\21.0.6-win32-x86_64\bin\verify.dll
Event: 3.285 Loaded shared library C:\Users\User\AppData\Roaming\Code\User\globalStorage\redhat.java\1.40.0\config_win\org.eclipse.equinox.launcher\org.eclipse.equinox.launcher.win32.win32.x86_64_1.2.1200.v20250212-0927\eclipse_11909.dll
Event: 6.318 Loaded shared library C:\Users\User\AppData\Local\Temp\jna-2645995\jna10763396918842439531.dll

Deoptimization events (20 events):
Event: 26.772 Thread 0x000001a5f621b210 Uncommon trap: trap_request=0xffffff45 fr.pc=0x000001a5e71726b4 relative=0x0000000000000a74
Event: 26.772 Thread 0x000001a5f621b210 Uncommon trap: reason=unstable_if action=reinterpret pc=0x000001a5e71726b4 method=org.eclipse.jdt.internal.compiler.parser.Scanner.internalScanIdentifierOrKeyword(II[C)I @ 855 c2
Event: 26.772 Thread 0x000001a5f621b210 DEOPT PACKING pc=0x000001a5e71726b4 sp=0x0000007e7d5feb00
Event: 26.772 Thread 0x000001a5f621b210 DEOPT UNPACKING pc=0x000001a5e67a6da2 sp=0x0000007e7d5fea88 mode 2
Event: 26.860 Thread 0x000001a5f621b210 Uncommon trap: trap_request=0xffffff45 fr.pc=0x000001a5e716a984 relative=0x0000000000000d04
Event: 26.860 Thread 0x000001a5f621b210 Uncommon trap: reason=unstable_if action=reinterpret pc=0x000001a5e716a984 method=org.eclipse.jdt.internal.compiler.classfmt.AnnotationInfo.scanAnnotation(IZZ)I @ 209 c2
Event: 26.860 Thread 0x000001a5f621b210 DEOPT PACKING pc=0x000001a5e716a984 sp=0x0000007e7d5fe8d0
Event: 26.860 Thread 0x000001a5f621b210 DEOPT UNPACKING pc=0x000001a5e67a6da2 sp=0x0000007e7d5fe868 mode 2
Event: 26.909 Thread 0x000001a5f621b210 Uncommon trap: trap_request=0xffffff45 fr.pc=0x000001a5e70f6314 relative=0x0000000000007594
Event: 26.909 Thread 0x000001a5f621b210 Uncommon trap: reason=unstable_if action=reinterpret pc=0x000001a5e70f6314 method=org.eclipse.jdt.internal.core.search.indexing.BinaryIndexer.indexDocument()V @ 315 c2
Event: 26.909 Thread 0x000001a5f621b210 DEOPT PACKING pc=0x000001a5e70f6314 sp=0x0000007e7d5feb00
Event: 26.909 Thread 0x000001a5f621b210 DEOPT UNPACKING pc=0x000001a5e67a6da2 sp=0x0000007e7d5fea60 mode 2
Event: 27.644 Thread 0x000001a5f621b210 Uncommon trap: trap_request=0xffffffc6 fr.pc=0x000001a5e7098044 relative=0x0000000000000fc4
Event: 27.644 Thread 0x000001a5f621b210 Uncommon trap: reason=bimorphic_or_optimized_type_check action=maybe_recompile pc=0x000001a5e7098044 method=java.util.concurrent.ConcurrentHashMap.computeIfAbsent(Ljava/lang/Object;Ljava/util/function/Function;)Ljava/lang/Object; @ 323 c2
Event: 27.644 Thread 0x000001a5f621b210 DEOPT PACKING pc=0x000001a5e7098044 sp=0x0000007e7d5feb80
Event: 27.644 Thread 0x000001a5f621b210 DEOPT UNPACKING pc=0x000001a5e67a6da2 sp=0x0000007e7d5feb00 mode 2
Event: 31.455 Thread 0x000001a5f621b210 Uncommon trap: trap_request=0xffffffc6 fr.pc=0x000001a5e7098044 relative=0x0000000000000fc4
Event: 31.458 Thread 0x000001a5f621b210 Uncommon trap: reason=bimorphic_or_optimized_type_check action=maybe_recompile pc=0x000001a5e7098044 method=java.util.concurrent.ConcurrentHashMap.computeIfAbsent(Ljava/lang/Object;Ljava/util/function/Function;)Ljava/lang/Object; @ 323 c2
Event: 31.458 Thread 0x000001a5f621b210 DEOPT PACKING pc=0x000001a5e7098044 sp=0x0000007e7d5feb80
Event: 31.460 Thread 0x000001a5f621b210 DEOPT UNPACKING pc=0x000001a5e67a6da2 sp=0x0000007e7d5feb00 mode 2

Classes loaded (20 events):
Event: 13.250 Loading class java/nio/channels/NonWritableChannelException
Event: 13.250 Loading class java/nio/channels/NonWritableChannelException done
Event: 13.492 Loading class java/util/AbstractList$ListItr
Event: 13.493 Loading class java/util/AbstractList$ListItr done
Event: 14.416 Loading class java/util/WeakHashMap$KeyIterator
Event: 14.416 Loading class java/util/WeakHashMap$KeyIterator done
Event: 16.295 Loading class java/util/Vector$1
Event: 16.295 Loading class java/util/Vector$1 done
Event: 16.827 Loading class java/util/regex/Pattern$Caret
Event: 16.827 Loading class java/util/regex/Pattern$Caret done
Event: 16.887 Loading class java/util/stream/ReduceOps$4
Event: 16.888 Loading class java/util/stream/ReduceOps$4 done
Event: 16.890 Loading class java/util/stream/ReduceOps$4ReducingSink
Event: 16.890 Loading class java/util/stream/ReduceOps$4ReducingSink done
Event: 16.893 Loading class java/nio/file/Files$2
Event: 16.893 Loading class java/nio/file/Files$2 done
Event: 16.896 Loading class java/util/concurrent/ArrayBlockingQueue
Event: 16.897 Loading class java/util/concurrent/ArrayBlockingQueue done
Event: 16.910 Loading class java/util/Hashtable$ValueCollection
Event: 16.914 Loading class java/util/Hashtable$ValueCollection done

Classes unloaded (11 events):
Event: 8.012 Thread 0x000001a5dc0dc500 Unloading class 0x000001a58119b400 'java/lang/invoke/LambdaForm$MH+0x000001a58119b400'
Event: 8.012 Thread 0x000001a5dc0dc500 Unloading class 0x000001a58119b000 'java/lang/invoke/LambdaForm$MH+0x000001a58119b000'
Event: 8.012 Thread 0x000001a5dc0dc500 Unloading class 0x000001a58119ac00 'java/lang/invoke/LambdaForm$MH+0x000001a58119ac00'
Event: 8.012 Thread 0x000001a5dc0dc500 Unloading class 0x000001a58119a800 'java/lang/invoke/LambdaForm$MH+0x000001a58119a800'
Event: 8.012 Thread 0x000001a5dc0dc500 Unloading class 0x000001a58119a400 'java/lang/invoke/LambdaForm$BMH+0x000001a58119a400'
Event: 8.012 Thread 0x000001a5dc0dc500 Unloading class 0x000001a58119a000 'java/lang/invoke/LambdaForm$DMH+0x000001a58119a000'
Event: 8.012 Thread 0x000001a5dc0dc500 Unloading class 0x000001a581198c00 'java/lang/invoke/LambdaForm$DMH+0x000001a581198c00'
Event: 10.533 Thread 0x000001a5dc0dc500 Unloading class 0x000001a5812f7800 'java/lang/invoke/LambdaForm$MH+0x000001a5812f7800'
Event: 10.533 Thread 0x000001a5dc0dc500 Unloading class 0x000001a5812f6800 'java/lang/invoke/LambdaForm$MH+0x000001a5812f6800'
Event: 10.533 Thread 0x000001a5dc0dc500 Unloading class 0x000001a5812f6000 'java/lang/invoke/LambdaForm$MH+0x000001a5812f6000'
Event: 10.533 Thread 0x000001a5dc0dc500 Unloading class 0x000001a5812f1400 'java/lang/invoke/LambdaForm$MH+0x000001a5812f1400'

Classes redefined (0 events):
No events

Internal exceptions (20 events):
Event: 13.334 Thread 0x000001a5f621b210 Exception <a 'java/io/FileNotFoundException'{0x00000000ebb06c50}> (0x00000000ebb06c50) 
thrown [s\src\hotspot\share\prims\jni.cpp, line 520]
Event: 13.339 Thread 0x000001a5f621b210 Exception <a 'java/lang/NoSuchMethodError'{0x00000000ebb5b1b8}: 'java.lang.Object java.lang.invoke.DirectMethodHandle$Holder.newInvokeSpecial(java.lang.Object, java.lang.Object, java.lang.Object, int)'> (0x00000000ebb5b1b8) 
thrown [s\src\hotspot\share\interpreter\linkResolver.cpp, line 773]
Event: 13.340 Thread 0x000001a5f621b210 Exception <a 'java/lang/NoSuchMethodError'{0x00000000ebb5ee70}: 'java.lang.Object java.lang.invoke.DirectMethodHandle$Holder.invokeSpecial(java.lang.Object, java.lang.Object, java.lang.Object, java.lang.Object, int)'> (0x00000000ebb5ee70) 
thrown [s\src\hotspot\share\interpreter\linkResolver.cpp, line 773]
Event: 13.340 Thread 0x000001a5f621b210 Exception <a 'java/lang/NoSuchMethodError'{0x00000000ebb96db0}: 'java.lang.Object java.lang.invoke.Invokers$Holder.linkToTargetMethod(java.lang.Object, java.lang.Object, int, java.lang.Object)'> (0x00000000ebb96db0) 
thrown [s\src\hotspot\share\interpreter\linkResolver.cpp, line 773]
Event: 14.419 Thread 0x000001a5f621d970 Exception <a 'java/io/FileNotFoundException'{0x00000000ebd07698}> (0x00000000ebd07698) 
thrown [s\src\hotspot\share\prims\jni.cpp, line 520]
Event: 14.419 Thread 0x000001a5f621d970 Exception <a 'java/io/FileNotFoundException'{0x00000000ebd08690}> (0x00000000ebd08690) 
thrown [s\src\hotspot\share\prims\jni.cpp, line 520]
Event: 14.420 Thread 0x000001a5f621d970 Exception <a 'java/io/FileNotFoundException'{0x00000000ebd093e8}> (0x00000000ebd093e8) 
thrown [s\src\hotspot\share\prims\jni.cpp, line 520]
Event: 14.604 Thread 0x000001a5f621c5c0 Exception <a 'java/io/FileNotFoundException'{0x00000000ead78d80}> (0x00000000ead78d80) 
thrown [s\src\hotspot\share\prims\jni.cpp, line 520]
Event: 14.605 Thread 0x000001a5f621c5c0 Exception <a 'java/io/FileNotFoundException'{0x00000000ead79d70}> (0x00000000ead79d70) 
thrown [s\src\hotspot\share\prims\jni.cpp, line 520]
Event: 14.606 Thread 0x000001a5f621c5c0 Exception <a 'java/io/FileNotFoundException'{0x00000000ead7b750}> (0x00000000ead7b750) 
thrown [s\src\hotspot\share\prims\jni.cpp, line 520]
Event: 14.607 Thread 0x000001a5f621c5c0 Exception <a 'java/io/FileNotFoundException'{0x00000000ead7ca08}> (0x00000000ead7ca08) 
thrown [s\src\hotspot\share\prims\jni.cpp, line 520]
Event: 14.609 Thread 0x000001a5f621c5c0 Exception <a 'java/io/FileNotFoundException'{0x00000000ead7da18}> (0x00000000ead7da18) 
thrown [s\src\hotspot\share\prims\jni.cpp, line 520]
Event: 15.481 Thread 0x000001a5f621c5c0 Exception <a 'sun/nio/fs/WindowsException'{0x00000000eabc3f50}> (0x00000000eabc3f50) 
thrown [s\src\hotspot\share\prims\jni.cpp, line 520]
Event: 15.489 Thread 0x000001a5f621c5c0 Exception <a 'sun/nio/fs/WindowsException'{0x00000000eac33070}> (0x00000000eac33070) 
thrown [s\src\hotspot\share\prims\jni.cpp, line 520]
Event: 16.293 Thread 0x000001a5f621b210 Implicit null exception at 0x000001a5e6fa845a to 0x000001a5e6fa8558
Event: 16.921 Thread 0x000001a5f621c5c0 Exception <a 'sun/nio/fs/WindowsException'{0x00000000ebd86b90}> (0x00000000ebd86b90) 
thrown [s\src\hotspot\share\prims\jni.cpp, line 520]
Event: 16.922 Thread 0x000001a5f621c5c0 Exception <a 'sun/nio/fs/WindowsException'{0x00000000ebd871c0}> (0x00000000ebd871c0) 
thrown [s\src\hotspot\share\prims\jni.cpp, line 520]
Event: 16.942 Thread 0x000001a5f621c5c0 Exception <a 'sun/nio/fs/WindowsException'{0x00000000ebddc708}> (0x00000000ebddc708) 
thrown [s\src\hotspot\share\prims\jni.cpp, line 520]
Event: 16.942 Thread 0x000001a5f621c5c0 Exception <a 'sun/nio/fs/WindowsException'{0x00000000ebddcd38}> (0x00000000ebddcd38) 
thrown [s\src\hotspot\share\prims\jni.cpp, line 520]
Event: 22.072 Thread 0x000001a5f621b210 Implicit null exception at 0x000001a5e70cfef4 to 0x000001a5e70d4ee8

ZGC Phase Switch (0 events):
No events

VM Operations (20 events):
Event: 30.349 Executing VM operation: ParallelGCFailedAllocation (Allocation Failure) done
Event: 30.427 Executing VM operation: ParallelGCFailedAllocation (Allocation Failure)
Event: 30.430 Executing VM operation: ParallelGCFailedAllocation (Allocation Failure) done
Event: 30.739 Executing VM operation: ParallelGCFailedAllocation (Allocation Failure)
Event: 30.742 Executing VM operation: ParallelGCFailedAllocation (Allocation Failure) done
Event: 30.814 Executing VM operation: ParallelGCFailedAllocation (Allocation Failure)
Event: 30.860 Executing VM operation: ParallelGCFailedAllocation (Allocation Failure) done
Event: 30.983 Executing VM operation: ParallelGCFailedAllocation (Allocation Failure)
Event: 30.985 Executing VM operation: ParallelGCFailedAllocation (Allocation Failure) done
Event: 31.082 Executing VM operation: ParallelGCFailedAllocation (Allocation Failure)
Event: 31.085 Executing VM operation: ParallelGCFailedAllocation (Allocation Failure) done
Event: 31.246 Executing VM operation: ParallelGCFailedAllocation (Allocation Failure)
Event: 31.268 Executing VM operation: ParallelGCFailedAllocation (Allocation Failure) done
Event: 31.360 Executing VM operation: ParallelGCFailedAllocation (Allocation Failure)
Event: 31.363 Executing VM operation: ParallelGCFailedAllocation (Allocation Failure) done
Event: 31.440 Executing VM operation: ParallelGCFailedAllocation (Allocation Failure)
Event: 31.442 Executing VM operation: ParallelGCFailedAllocation (Allocation Failure) done
Event: 31.603 Executing VM operation: ParallelGCFailedAllocation (Allocation Failure)
Event: 31.665 Executing VM operation: ParallelGCFailedAllocation (Allocation Failure) done
Event: 32.668 Executing VM operation: Cleanup

Memory protections (0 events):
No events

Nmethod flushes (20 events):
Event: 10.544 Thread 0x000001a5dc0dc500 flushing  nmethod 0x000001a5df7dfa90
Event: 10.544 Thread 0x000001a5dc0dc500 flushing  nmethod 0x000001a5df847e10
Event: 10.544 Thread 0x000001a5dc0dc500 flushing  nmethod 0x000001a5df874790
Event: 10.544 Thread 0x000001a5dc0dc500 flushing  nmethod 0x000001a5df89ac90
Event: 10.544 Thread 0x000001a5dc0dc500 flushing  nmethod 0x000001a5df89b090
Event: 10.544 Thread 0x000001a5dc0dc500 flushing  nmethod 0x000001a5df89b990
Event: 10.544 Thread 0x000001a5dc0dc500 flushing  nmethod 0x000001a5df89d390
Event: 10.544 Thread 0x000001a5dc0dc500 flushing  nmethod 0x000001a5df89f090
Event: 10.544 Thread 0x000001a5dc0dc500 flushing  nmethod 0x000001a5df8a0110
Event: 10.544 Thread 0x000001a5dc0dc500 flushing  nmethod 0x000001a5df8a0a10
Event: 10.544 Thread 0x000001a5dc0dc500 flushing  nmethod 0x000001a5df8a1710
Event: 10.544 Thread 0x000001a5dc0dc500 flushing  nmethod 0x000001a5df8a1b10
Event: 10.544 Thread 0x000001a5dc0dc500 flushing  nmethod 0x000001a5df8ac010
Event: 10.544 Thread 0x000001a5dc0dc500 flushing  nmethod 0x000001a5df8fc890
Event: 10.544 Thread 0x000001a5dc0dc500 flushing  nmethod 0x000001a5df901090
Event: 10.544 Thread 0x000001a5dc0dc500 flushing  nmethod 0x000001a5df904e90
Event: 10.544 Thread 0x000001a5dc0dc500 flushing  nmethod 0x000001a5df910810
Event: 10.544 Thread 0x000001a5dc0dc500 flushing  nmethod 0x000001a5df947010
Event: 10.544 Thread 0x000001a5dc0dc500 flushing  nmethod 0x000001a5df980610
Event: 10.544 Thread 0x000001a5dc0dc500 flushing  nmethod 0x000001a5df9c0d90

Events (20 events):
Event: 5.405 Thread 0x000001a5f1741da0 Thread added: 0x000001a5f621cc50
Event: 6.390 Thread 0x000001a5f1741da0 Thread added: 0x000001a5f621b8a0
Event: 6.573 Thread 0x000001a5f1741da0 Thread added: 0x000001a5f621d2e0
Event: 6.883 Thread 0x000001a5f621d2e0 Thread added: 0x000001a5f621e000
Event: 8.075 Thread 0x000001a5f621d2e0 Thread added: 0x000001a5f621bf30
Event: 9.164 Thread 0x000001a5f621e000 Thread added: 0x000001a5f621d970
Event: 9.178 Thread 0x000001a5f1741da0 Thread added: 0x000001a5f621b210
Event: 10.192 Thread 0x000001a5f621e000 Thread added: 0x000001a5f621ab80
Event: 10.229 Thread 0x000001a5f621ab80 Thread added: 0x000001a5f621c5c0
Event: 10.509 Thread 0x000001a5dc01f6e0 Thread added: 0x000001a5f7e69ce0
Event: 10.521 Thread 0x000001a5dc01f6e0 Thread added: 0x000001a5f7e66ef0
Event: 10.637 Thread 0x000001a5dc01f6e0 Thread added: 0x000001a5f7e6a370
Event: 10.663 Thread 0x000001a5dc01f6e0 Thread added: 0x000001a5f7e67580
Event: 10.708 Thread 0x000001a5dc01f6e0 Thread added: 0x000001a5f7e68930
Event: 10.730 Thread 0x000001a5dc01f6e0 Thread added: 0x000001a5f7e67c10
Event: 11.027 Thread 0x000001a5dc01f6e0 Thread added: 0x000001a5f7e682a0
Event: 11.028 Thread 0x000001a5dc01f6e0 Thread added: 0x000001a5f7e68fc0
Event: 12.947 Thread 0x000001a5f629b6e0 Thread exited: 0x000001a5f629b6e0
Event: 15.677 Thread 0x000001a5f621c5c0 Thread added: 0x000001a5f7e69650
Event: 16.900 Thread 0x000001a5f621c5c0 Thread added: 0x000001a5f6a21c70


Dynamic libraries:
0x00007ff7606d0000 - 0x00007ff7606de000 	c:\Users\User\.vscode\extensions\redhat.java-1.40.0-win32-x64\jre\21.0.6-win32-x86_64\bin\java.exe
0x00007ffc8ea30000 - 0x00007ffc8ec28000 	C:\Windows\SYSTEM32\ntdll.dll
0x00007ffc8deb0000 - 0x00007ffc8df72000 	C:\Windows\System32\KERNEL32.DLL
0x00007ffc8c170000 - 0x00007ffc8c46f000 	C:\Windows\System32\KERNELBASE.dll
0x00007ffc8c4e0000 - 0x00007ffc8c5e0000 	C:\Windows\System32\ucrtbase.dll
0x00007ffc80890000 - 0x00007ffc808a8000 	c:\Users\User\.vscode\extensions\redhat.java-1.40.0-win32-x64\jre\21.0.6-win32-x86_64\bin\jli.dll
0x00007ffc8caf0000 - 0x00007ffc8cc8d000 	C:\Windows\System32\USER32.dll
0x00007ffc8c780000 - 0x00007ffc8c7a2000 	C:\Windows\System32\win32u.dll
0x00007ffc8e7e0000 - 0x00007ffc8e80b000 	C:\Windows\System32\GDI32.dll
0x00007ffc8c660000 - 0x00007ffc8c77a000 	C:\Windows\System32\gdi32full.dll
0x00007ffc8c0d0000 - 0x00007ffc8c16d000 	C:\Windows\System32\msvcp_win.dll
0x00007ffc54d20000 - 0x00007ffc54d3e000 	c:\Users\User\.vscode\extensions\redhat.java-1.40.0-win32-x64\jre\21.0.6-win32-x86_64\bin\VCRUNTIME140.dll
0x00007ffc6eee0000 - 0x00007ffc6f17a000 	C:\Windows\WinSxS\amd64_microsoft.windows.common-controls_6595b64144ccf1df_6.0.19041.4355_none_60b8b9eb71f62e16\COMCTL32.dll
0x00007ffc8e810000 - 0x00007ffc8e8ae000 	C:\Windows\System32\msvcrt.dll
0x00007ffc8cac0000 - 0x00007ffc8caef000 	C:\Windows\System32\IMM32.DLL
0x00007ffc55720000 - 0x00007ffc5572c000 	c:\Users\User\.vscode\extensions\redhat.java-1.40.0-win32-x64\jre\21.0.6-win32-x86_64\bin\vcruntime140_1.dll
0x00007ffc51d60000 - 0x00007ffc51ded000 	c:\Users\User\.vscode\extensions\redhat.java-1.40.0-win32-x64\jre\21.0.6-win32-x86_64\bin\msvcp140.dll
0x00007ffc50fd0000 - 0x00007ffc51d60000 	c:\Users\User\.vscode\extensions\redhat.java-1.40.0-win32-x64\jre\21.0.6-win32-x86_64\bin\server\jvm.dll
0x00007ffc8e0b0000 - 0x00007ffc8e15f000 	C:\Windows\System32\ADVAPI32.dll
0x00007ffc8e1c0000 - 0x00007ffc8e25f000 	C:\Windows\System32\sechost.dll
0x00007ffc8df80000 - 0x00007ffc8e0a3000 	C:\Windows\System32\RPCRT4.dll
0x00007ffc8c630000 - 0x00007ffc8c657000 	C:\Windows\System32\bcrypt.dll
0x00007ffc8d1d0000 - 0x00007ffc8d23b000 	C:\Windows\System32\WS2_32.dll
0x00007ffc8bf20000 - 0x00007ffc8bf6b000 	C:\Windows\SYSTEM32\POWRPROF.dll
0x00007ffc76eb0000 - 0x00007ffc76ed7000 	C:\Windows\SYSTEM32\WINMM.dll
0x00007ffc812b0000 - 0x00007ffc812ba000 	C:\Windows\SYSTEM32\VERSION.dll
0x00007ffc8bf00000 - 0x00007ffc8bf12000 	C:\Windows\SYSTEM32\UMPDC.dll
0x00007ffc8a8b0000 - 0x00007ffc8a8c2000 	C:\Windows\SYSTEM32\kernel.appcore.dll
0x00007ffc55210000 - 0x00007ffc5521a000 	c:\Users\User\.vscode\extensions\redhat.java-1.40.0-win32-x64\jre\21.0.6-win32-x86_64\bin\jimage.dll
0x00007ffc89e10000 - 0x00007ffc89ff4000 	C:\Windows\SYSTEM32\DBGHELP.DLL
0x00007ffc690e0000 - 0x00007ffc69114000 	C:\Windows\SYSTEM32\dbgcore.DLL
0x00007ffc8c9c0000 - 0x00007ffc8ca42000 	C:\Windows\System32\bcryptPrimitives.dll
0x00007ffc54d10000 - 0x00007ffc54d1f000 	c:\Users\User\.vscode\extensions\redhat.java-1.40.0-win32-x64\jre\21.0.6-win32-x86_64\bin\instrument.dll
0x00007ffc54ca0000 - 0x00007ffc54cbf000 	c:\Users\User\.vscode\extensions\redhat.java-1.40.0-win32-x64\jre\21.0.6-win32-x86_64\bin\java.dll
0x00007ffc8d6e0000 - 0x00007ffc8de4d000 	C:\Windows\System32\SHELL32.dll
0x00007ffc8a000000 - 0x00007ffc8a7a4000 	C:\Windows\SYSTEM32\windows.storage.dll
0x00007ffc8cd50000 - 0x00007ffc8d0a5000 	C:\Windows\System32\combase.dll
0x00007ffc8ba30000 - 0x00007ffc8ba5f000 	C:\Windows\SYSTEM32\Wldp.dll
0x00007ffc8d2a0000 - 0x00007ffc8d36d000 	C:\Windows\System32\OLEAUT32.dll
0x00007ffc8cca0000 - 0x00007ffc8cd4d000 	C:\Windows\System32\SHCORE.dll
0x00007ffc8d240000 - 0x00007ffc8d295000 	C:\Windows\System32\shlwapi.dll
0x00007ffc8c000000 - 0x00007ffc8c024000 	C:\Windows\SYSTEM32\profapi.dll
0x00007ffc50da0000 - 0x00007ffc50db8000 	c:\Users\User\.vscode\extensions\redhat.java-1.40.0-win32-x64\jre\21.0.6-win32-x86_64\bin\zip.dll
0x00007ffc54c90000 - 0x00007ffc54ca0000 	C:\Users\User\.vscode\extensions\redhat.java-1.40.0-win32-x64\jre\21.0.6-win32-x86_64\bin\net.dll
0x00007ffc7e540000 - 0x00007ffc7e64a000 	C:\Windows\SYSTEM32\WINHTTP.dll
0x00007ffc8b790000 - 0x00007ffc8b7fc000 	C:\Windows\system32\mswsock.dll
0x00007ffc50fb0000 - 0x00007ffc50fc6000 	C:\Users\User\.vscode\extensions\redhat.java-1.40.0-win32-x64\jre\21.0.6-win32-x86_64\bin\nio.dll
0x00007ffc50fa0000 - 0x00007ffc50fb0000 	c:\Users\User\.vscode\extensions\redhat.java-1.40.0-win32-x64\jre\21.0.6-win32-x86_64\bin\verify.dll
0x00007ffc50c50000 - 0x00007ffc50c95000 	C:\Users\User\AppData\Roaming\Code\User\globalStorage\redhat.java\1.40.0\config_win\org.eclipse.equinox.launcher\org.eclipse.equinox.launcher.win32.win32.x86_64_1.2.1200.v20250212-0927\eclipse_11909.dll
0x00007ffc8d370000 - 0x00007ffc8d49b000 	C:\Windows\System32\ole32.dll
0x00007ffc8b990000 - 0x00007ffc8b9a8000 	C:\Windows\SYSTEM32\CRYPTSP.dll
0x00007ffc8b0b0000 - 0x00007ffc8b0e4000 	C:\Windows\system32\rsaenh.dll
0x00007ffc8bf80000 - 0x00007ffc8bfae000 	C:\Windows\SYSTEM32\USERENV.dll
0x00007ffc8b980000 - 0x00007ffc8b98c000 	C:\Windows\SYSTEM32\CRYPTBASE.dll
0x00007ffc8b470000 - 0x00007ffc8b4ab000 	C:\Windows\SYSTEM32\IPHLPAPI.DLL
0x00007ffc8cc90000 - 0x00007ffc8cc98000 	C:\Windows\System32\NSI.dll
0x00007ffc50bb0000 - 0x00007ffc50bf9000 	C:\Users\User\AppData\Local\Temp\jna-2645995\jna10763396918842439531.dll
0x00007ffc8ca50000 - 0x00007ffc8ca58000 	C:\Windows\System32\PSAPI.DLL
0x00007ffc7ec90000 - 0x00007ffc7eca7000 	C:\Windows\SYSTEM32\dhcpcsvc6.DLL
0x00007ffc7ec70000 - 0x00007ffc7ec8d000 	C:\Windows\SYSTEM32\dhcpcsvc.DLL

dbghelp: loaded successfully - version: 4.0.5 - missing functions: none
symbol engine: initialized successfully - sym options: 0x614 - pdb path: .;c:\Users\User\.vscode\extensions\redhat.java-1.40.0-win32-x64\jre\21.0.6-win32-x86_64\bin;C:\Windows\SYSTEM32;C:\Windows\WinSxS\amd64_microsoft.windows.common-controls_6595b64144ccf1df_6.0.19041.4355_none_60b8b9eb71f62e16;c:\Users\User\.vscode\extensions\redhat.java-1.40.0-win32-x64\jre\21.0.6-win32-x86_64\bin\server;C:\Users\User\AppData\Roaming\Code\User\globalStorage\redhat.java\1.40.0\config_win\org.eclipse.equinox.launcher\org.eclipse.equinox.launcher.win32.win32.x86_64_1.2.1200.v20250212-0927;C:\Users\User\AppData\Local\Temp\jna-2645995

VM Arguments:
jvm_args: --add-modules=ALL-SYSTEM --add-opens=java.base/java.util=ALL-UNNAMED --add-opens=java.base/java.lang=ALL-UNNAMED --add-opens=java.base/sun.nio.fs=ALL-UNNAMED -Declipse.application=org.eclipse.jdt.ls.core.id1 -Dosgi.bundles.defaultStartLevel=4 -Declipse.product=org.eclipse.jdt.ls.core.product -Djava.import.generatesMetadataFilesAtProjectRoot=false -DDetectVMInstallationsJob.disabled=true -Dfile.encoding=utf8 -XX:+UseParallelGC -XX:GCTimeRatio=4 -XX:AdaptiveSizePolicyWeight=90 -Dsun.zip.disableMemoryMapping=true -Xmx1G -Xms100m -Xlog:disable -javaagent:c:\Users\User\.vscode\extensions\redhat.java-1.40.0-win32-x64\lombok\lombok-1.18.36.jar -XX:+HeapDumpOnOutOfMemoryError -XX:HeapDumpPath=c:\Users\User\AppData\Roaming\Code\User\workspaceStorage\c4408599922379a783a3e01f84d06afc\redhat.java -Daether.dependencyCollector.impl=bf 
java_command: c:\Users\User\.vscode\extensions\redhat.java-1.40.0-win32-x64\server\plugins\org.eclipse.equinox.launcher_1.6.1000.v20250131-0606.jar -configuration c:\Users\User\AppData\Roaming\Code\User\globalStorage\redhat.java\1.40.0\config_win -data c:\Users\User\AppData\Roaming\Code\User\workspaceStorage\c4408599922379a783a3e01f84d06afc\redhat.java\jdt_ws --pipe=\\.\pipe\lsp-a63a4a7d552d311c5c6e824c595a2a2f-sock
java_class_path (initial): c:\Users\User\.vscode\extensions\redhat.java-1.40.0-win32-x64\server\plugins\org.eclipse.equinox.launcher_1.6.1000.v20250131-0606.jar
Launcher Type: SUN_STANDARD

[Global flags]
    uintx AdaptiveSizePolicyWeight                 = 90                                        {product} {command line}
     intx CICompilerCount                          = 3                                         {product} {ergonomic}
    uintx GCTimeRatio                              = 4                                         {product} {command line}
     bool HeapDumpOnOutOfMemoryError               = true                                   {manageable} {command line}
    ccstr HeapDumpPath                             = c:\Users\User\AppData\Roaming\Code\User\workspaceStorage\c4408599922379a783a3e01f84d06afc\redhat.java         {manageable} {command line}
   size_t InitialHeapSize                          = 104857600                                 {product} {command line}
   size_t MaxHeapSize                              = 1073741824                                {product} {command line}
   size_t MaxNewSize                               = 357564416                                 {product} {ergonomic}
   size_t MinHeapDeltaBytes                        = 524288                                    {product} {ergonomic}
   size_t MinHeapSize                              = 104857600                                 {product} {command line}
   size_t NewSize                                  = 34603008                                  {product} {ergonomic}
    uintx NonNMethodCodeHeapSize                   = 5832780                                {pd product} {ergonomic}
    uintx NonProfiledCodeHeapSize                  = 122912730                              {pd product} {ergonomic}
   size_t OldSize                                  = 70254592                                  {product} {ergonomic}
    uintx ProfiledCodeHeapSize                     = 122912730                              {pd product} {ergonomic}
    uintx ReservedCodeCacheSize                    = 251658240                              {pd product} {ergonomic}
     bool SegmentedCodeCache                       = true                                      {product} {ergonomic}
   size_t SoftMaxHeapSize                          = 1073741824                             {manageable} {ergonomic}
     bool UseCompressedOops                        = true                           {product lp64_product} {ergonomic}
     bool UseLargePagesIndividualAllocation        = false                                  {pd product} {ergonomic}
     bool UseParallelGC                            = true                                      {product} {command line}

Logging:
Log output configuration:
 #0: stdout all=off uptime,level,tags foldmultilines=false
 #1: stderr all=off uptime,level,tags foldmultilines=false

Environment Variables:
JAVA_HOME=C:\Program Files\Java\jdk-19
PATH=C:\Program Files\Eclipse Adoptium\jdk-21.0.6.7-hotspot\bin;C:\Python312\Scripts\;C:\Python312\;C:\Program Files\Common Files\Oracle\Java\javapath;C:\Program Files (x86)\Common Files\Oracle\Java\java8path;C:\Program Files (x86)\Common Files\Oracle\Java\javapath;C:\Windows\system32;C:\Windows;C:\Windows\System32\Wbem;C:\Windows\System32\WindowsPowerShell\v1.0\;C:\Windows\System32\OpenSSH\;C:\Program Files\Java\jdk-19\bin;C:\ProgramData\chocolatey\bin;C:\Program Files\nodejs\;C:\Program Files\Git\cmd;C:\Program Files\Java\jdk-19;C:\Program Files\MySQL\MySQL Shell 8.0\bin\;C:\Users\User\AppData\Local\Microsoft\WindowsApps;C:\Users\User\AppData\Local\Programs\Microsoft VS Code\bin;C:\Users\User\AppData\Roaming\npm;C:\Program Files\sf\bin;C:\Users\User\.bun\bin
USERNAME=User
OS=Windows_NT
PROCESSOR_IDENTIFIER=Intel64 Family 6 Model 126 Stepping 5, GenuineIntel
TMP=C:\Users\User\AppData\Local\Temp
TEMP=C:\Users\User\AppData\Local\Temp




Periodic native trim disabled

---------------  S Y S T E M  ---------------

OS:
 Windows 10 , 64 bit Build 19041 (10.0.19041.5438)
OS uptime: 0 days 11:50 hours

CPU: total 4 (initial active 4) (2 cores per cpu, 2 threads per core) family 6 model 126 stepping 5 microcode 0xa6, cx8, cmov, fxsr, ht, mmx, 3dnowpref, sse, sse2, sse3, ssse3, sse4.1, sse4.2, popcnt, lzcnt, tsc, tscinvbit, avx, avx2, aes, erms, clmul, bmi1, bmi2, adx, avx512f, avx512dq, avx512cd, avx512bw, avx512vl, sha, fma, vzeroupper, avx512_vpopcntdq, avx512_vpclmulqdq, avx512_vaes, avx512_vnni, clflush, clflushopt, avx512_vbmi2, avx512_vbmi, rdtscp, rdpid, fsrm, gfni, avx512_bitalg, f16c, pku, avx512_ifma
Processor Information for the first 4 processors :
  Max Mhz: 1190, Current Mhz: 1190, Mhz Limit: 1190

Memory: 4k page, system-wide physical 3877M (51M free)
TotalPageFile size 15653M (AvailPageFile size 2M)
current process WorkingSet (physical memory assigned to process): 216M, peak: 350M
current process commit charge ("private bytes"): 494M, peak: 509M

vm_info: OpenJDK 64-Bit Server VM (21.0.6+7-LTS) for windows-amd64 JRE (21.0.6+7-LTS), built on 2025-01-21T00:00:00Z by "admin" with MS VC++ 17.7 (VS2022)

END.
