#
# There is insufficient memory for the Java Runtime Environment to continue.
# Native memory allocation (malloc) failed to allocate 878096 bytes. Error detail: Chunk::new
# Possible reasons:
#   The system is out of physical RAM or swap space
#   This process is running with CompressedOops enabled, and the Java Heap may be blocking the growth of the native heap
# Possible solutions:
#   Reduce memory load on the system
#   Increase physical memory or swap space
#   Check if swap backing store is full
#   Decrease Java heap size (-Xmx/-Xms)
#   Decrease number of Java threads
#   Decrease Java thread stack sizes (-Xss)
#   Set larger code cache with -XX:ReservedCodeCacheSize=
#   JVM is running with Unscaled Compressed Oops mode in which the Java heap is
#     placed in the first 4GB address space. The Java Heap base address is the
#     maximum limit for the native heap growth. Please use -XX:HeapBaseMinAddress
#     to set the Java Heap base and to place the Java Heap above 4GB virtual address.
# This output file may be truncated or incomplete.
#
#  Out of Memory Error (arena.cpp:168), pid=11824, tid=14952
#
# JRE version: OpenJDK Runtime Environment Temurin-21.0.6+7 (21.0.6+7) (build 21.0.6+7-LTS)
# Java VM: OpenJDK 64-Bit Server VM Temurin-21.0.6+7 (21.0.6+7-LTS, mixed mode, sharing, tiered, compressed oops, compressed class ptrs, parallel gc, windows-amd64)
# No core dump will be written. Minidumps are not enabled by default on client versions of Windows
#

---------------  S U M M A R Y ------------

Command Line: --add-modules=ALL-SYSTEM --add-opens=java.base/java.util=ALL-UNNAMED --add-opens=java.base/java.lang=ALL-UNNAMED --add-opens=java.base/sun.nio.fs=ALL-UNNAMED -Declipse.application=org.eclipse.jdt.ls.core.id1 -Dosgi.bundles.defaultStartLevel=4 -Declipse.product=org.eclipse.jdt.ls.core.product -Djava.import.generatesMetadataFilesAtProjectRoot=false -DDetectVMInstallationsJob.disabled=true -Dfile.encoding=utf8 -XX:+UseParallelGC -XX:GCTimeRatio=4 -XX:AdaptiveSizePolicyWeight=90 -Dsun.zip.disableMemoryMapping=true -Xmx1G -Xms100m -Xlog:disable -javaagent:c:\Users\User\.vscode\extensions\redhat.java-1.40.0-win32-x64\lombok\lombok-1.18.36.jar -XX:+HeapDumpOnOutOfMemoryError -XX:HeapDumpPath=c:\Users\User\AppData\Roaming\Code\User\workspaceStorage\c4408599922379a783a3e01f84d06afc\redhat.java -Daether.dependencyCollector.impl=bf c:\Users\User\.vscode\extensions\redhat.java-1.40.0-win32-x64\server\plugins\org.eclipse.equinox.launcher_1.6.1000.v20250131-0606.jar -configuration c:\Users\User\AppData\Roaming\Code\User\globalStorage\redhat.java\1.40.0\config_win -data c:\Users\User\AppData\Roaming\Code\User\workspaceStorage\c4408599922379a783a3e01f84d06afc\redhat.java\jdt_ws --pipe=\\.\pipe\lsp-89dab120b0d1374eff635cf6d7e12c90-sock

Host: Intel(R) Core(TM) i3-1005G1 CPU @ 1.20GHz, 4 cores, 3G,  Windows 10 , 64 bit Build 19041 (10.0.19041.5438)
Time: Wed Mar  5 12:12:42 2025 India Standard Time elapsed time: 18.317409 seconds (0d 0h 0m 18s)

---------------  T H R E A D  ---------------

Current thread (0x0000022b43134510):  JavaThread "C2 CompilerThread0" daemon [_thread_in_native, id=14952, stack(0x000000e99a500000,0x000000e99a600000) (1024K)]


Current CompileTask:
C2:18318 7385   !   4       org.eclipse.jdt.internal.compiler.classfmt.ClassFileReader::<init> (2135 bytes)

Stack: [0x000000e99a500000,0x000000e99a600000]
Native frames: (J=compiled Java code, j=interpreted, Vv=VM code, C=native code)
V  [jvm.dll+0x6cdee9]
V  [jvm.dll+0x8a83d1]
V  [jvm.dll+0x8aa8fe]
V  [jvm.dll+0x8aafe3]
V  [jvm.dll+0x27f706]
V  [jvm.dll+0xc500d]
V  [jvm.dll+0xc5543]
V  [jvm.dll+0x2f2acd]
V  [jvm.dll+0x5f6a2a]
V  [jvm.dll+0x250bb2]
V  [jvm.dll+0x249526]
V  [jvm.dll+0x246ec4]
V  [jvm.dll+0x1c75ee]
V  [jvm.dll+0x25685a]
V  [jvm.dll+0x254dfa]
V  [jvm.dll+0x3f0256]
V  [jvm.dll+0x851f8b]
V  [jvm.dll+0x6cc5ed]
C  [ucrtbase.dll+0x21bb2]
C  [KERNEL32.DLL+0x17374]
C  [ntdll.dll+0x4cc91]


---------------  P R O C E S S  ---------------

Threads class SMR info:
_java_thread_list=0x0000022b4b894e90, length=36, elements={
0x0000022b6dc80530, 0x0000022b4312ba70, 0x0000022b4312cbd0, 0x0000022b4312dfb0,
0x0000022b4312eec0, 0x0000022b43130c80, 0x0000022b431336e0, 0x0000022b43134510,
0x0000022b431a9230, 0x0000022b431fe850, 0x0000022b482635e0, 0x0000022b48b041e0,
0x0000022b489d2540, 0x0000022b4868b5d0, 0x0000022b4868bc30, 0x0000022b48a6f580,
0x0000022b491aa630, 0x0000022b48e89ee0, 0x0000022b48e8c640, 0x0000022b48e8bfb0,
0x0000022b48e891c0, 0x0000022b48e89850, 0x0000022b48e8b920, 0x0000022b48e8a570,
0x0000022b48e8b290, 0x0000022b48e8ac00, 0x0000022b4a406030, 0x0000022b4a40d650,
0x0000022b4a408100, 0x0000022b4a4066c0, 0x0000022b4a406d50, 0x0000022b4a4073e0,
0x0000022b4a409b40, 0x0000022b4a40a1d0, 0x0000022b4a40b580, 0x0000022b4a407a70
}

Java Threads: ( => current thread )
  0x0000022b6dc80530 JavaThread "main"                              [_thread_blocked, id=7468, stack(0x000000e999b00000,0x000000e999c00000) (1024K)]
  0x0000022b4312ba70 JavaThread "Reference Handler"          daemon [_thread_blocked, id=11588, stack(0x000000e999f00000,0x000000e99a000000) (1024K)]
  0x0000022b4312cbd0 JavaThread "Finalizer"                  daemon [_thread_blocked, id=9140, stack(0x000000e99a000000,0x000000e99a100000) (1024K)]
  0x0000022b4312dfb0 JavaThread "Signal Dispatcher"          daemon [_thread_blocked, id=17516, stack(0x000000e99a100000,0x000000e99a200000) (1024K)]
  0x0000022b4312eec0 JavaThread "Attach Listener"            daemon [_thread_blocked, id=12888, stack(0x000000e99a200000,0x000000e99a300000) (1024K)]
  0x0000022b43130c80 JavaThread "Service Thread"             daemon [_thread_blocked, id=18128, stack(0x000000e99a300000,0x000000e99a400000) (1024K)]
  0x0000022b431336e0 JavaThread "Monitor Deflation Thread"   daemon [_thread_blocked, id=18188, stack(0x000000e99a400000,0x000000e99a500000) (1024K)]
=>0x0000022b43134510 JavaThread "C2 CompilerThread0"         daemon [_thread_in_native, id=14952, stack(0x000000e99a500000,0x000000e99a600000) (1024K)]
  0x0000022b431a9230 JavaThread "C1 CompilerThread0"         daemon [_thread_blocked, id=8216, stack(0x000000e99a600000,0x000000e99a700000) (1024K)]
  0x0000022b431fe850 JavaThread "Common-Cleaner"             daemon [_thread_blocked, id=12408, stack(0x000000e99a700000,0x000000e99a800000) (1024K)]
  0x0000022b482635e0 JavaThread "Notification Thread"        daemon [_thread_blocked, id=3856, stack(0x000000e99a800000,0x000000e99a900000) (1024K)]
  0x0000022b48b041e0 JavaThread "Active Thread: Equinox Container: 5675bc0b-56fc-411f-a61a-1e1b737c93f3"        [_thread_blocked, id=18396, stack(0x000000e99ac00000,0x000000e99ad00000) (1024K)]
  0x0000022b489d2540 JavaThread "Refresh Thread: Equinox Container: 5675bc0b-56fc-411f-a61a-1e1b737c93f3" daemon [_thread_blocked, id=4456, stack(0x000000e99ad00000,0x000000e99ae00000) (1024K)]
  0x0000022b4868b5d0 JavaThread "Framework Event Dispatcher: Equinox Container: 5675bc0b-56fc-411f-a61a-1e1b737c93f3" daemon [_thread_blocked, id=18296, stack(0x000000e99ae00000,0x000000e99af00000) (1024K)]
  0x0000022b4868bc30 JavaThread "Start Level: Equinox Container: 5675bc0b-56fc-411f-a61a-1e1b737c93f3" daemon [_thread_blocked, id=13024, stack(0x000000e99af00000,0x000000e99b000000) (1024K)]
  0x0000022b48a6f580 JavaThread "Bundle File Closer"         daemon [_thread_blocked, id=16904, stack(0x000000e99b000000,0x000000e99b100000) (1024K)]
  0x0000022b491aa630 JavaThread "SCR Component Actor"        daemon [_thread_blocked, id=3768, stack(0x000000e99b100000,0x000000e99b200000) (1024K)]
  0x0000022b48e89ee0 JavaThread "Worker-JM"                         [_thread_blocked, id=18344, stack(0x000000e99b300000,0x000000e99b400000) (1024K)]
  0x0000022b48e8c640 JavaThread "JNA Cleaner"                daemon [_thread_blocked, id=1596, stack(0x000000e99b400000,0x000000e99b500000) (1024K)]
  0x0000022b48e8bfb0 JavaThread "Worker-0: Java indexing... "        [_thread_blocked, id=16228, stack(0x000000e99b500000,0x000000e99b600000) (1024K)]
  0x0000022b48e891c0 JavaThread "Worker-1"                          [_thread_blocked, id=2380, stack(0x000000e99b600000,0x000000e99b700000) (1024K)]
  0x0000022b48e89850 JavaThread "Worker-2"                          [_thread_blocked, id=4520, stack(0x000000e99b700000,0x000000e99b800000) (1024K)]
  0x0000022b48e8b920 JavaThread "Worker-3"                          [_thread_blocked, id=15200, stack(0x000000e99b800000,0x000000e99b900000) (1024K)]
  0x0000022b48e8a570 JavaThread "Java indexing"              daemon [_thread_in_vm, id=12000, stack(0x000000e99b900000,0x000000e99ba00000) (1024K)]
  0x0000022b48e8b290 JavaThread "Worker-4"                          [_thread_blocked, id=2220, stack(0x000000e99bc00000,0x000000e99bd00000) (1024K)]
  0x0000022b48e8ac00 JavaThread "Worker-5"                          [_thread_blocked, id=15996, stack(0x000000e99bd00000,0x000000e99be00000) (1024K)]
  0x0000022b4a406030 JavaThread "Thread-2"                   daemon [_thread_in_native, id=208, stack(0x000000e99be00000,0x000000e99bf00000) (1024K)]
  0x0000022b4a40d650 JavaThread "Thread-3"                   daemon [_thread_in_native, id=18352, stack(0x000000e99bf00000,0x000000e99c000000) (1024K)]
  0x0000022b4a408100 JavaThread "Thread-4"                   daemon [_thread_in_native, id=10840, stack(0x000000e99c000000,0x000000e99c100000) (1024K)]
  0x0000022b4a4066c0 JavaThread "Thread-5"                   daemon [_thread_in_native, id=1380, stack(0x000000e99c100000,0x000000e99c200000) (1024K)]
  0x0000022b4a406d50 JavaThread "Thread-6"                   daemon [_thread_in_native, id=15612, stack(0x000000e99c200000,0x000000e99c300000) (1024K)]
  0x0000022b4a4073e0 JavaThread "pool-2-thread-1"                   [_thread_blocked, id=12256, stack(0x000000e99c300000,0x000000e99c400000) (1024K)]
  0x0000022b4a409b40 JavaThread "WorkspaceEventsHandler"            [_thread_blocked, id=17812, stack(0x000000e99c400000,0x000000e99c500000) (1024K)]
  0x0000022b4a40a1d0 JavaThread "pool-1-thread-1"                   [_thread_in_native, id=17104, stack(0x000000e99c500000,0x000000e99c600000) (1024K)]
  0x0000022b4a40b580 JavaThread "Compiler Source File Reader" daemon [_thread_blocked, id=5664, stack(0x000000e99b200000,0x000000e99b300000) (1024K)]
  0x0000022b4a407a70 JavaThread "Compiler Processing Task"   daemon [_thread_blocked, id=11208, stack(0x000000e99c600000,0x000000e99c700000) (1024K)]
Total: 36

Other Threads:
  0x0000022b4310d6d0 VMThread "VM Thread"                           [id=5064, stack(0x000000e999e00000,0x000000e999f00000) (1024K)]
  0x0000022b430817b0 WatcherThread "VM Periodic Task Thread"        [id=2836, stack(0x000000e999d00000,0x000000e999e00000) (1024K)]
  0x0000022b6dc9d550 WorkerThread "GC Thread#0"                     [id=16176, stack(0x000000e999c00000,0x000000e999d00000) (1024K)]
  0x0000022b48819820 WorkerThread "GC Thread#1"                     [id=15700, stack(0x000000e99a900000,0x000000e99aa00000) (1024K)]
  0x0000022b48819bc0 WorkerThread "GC Thread#2"                     [id=14352, stack(0x000000e99aa00000,0x000000e99ab00000) (1024K)]
  0x0000022b486df850 WorkerThread "GC Thread#3"                     [id=2108, stack(0x000000e99ab00000,0x000000e99ac00000) (1024K)]
Total: 6

Threads with active compile tasks:
C2 CompilerThread0  18771 7385   !   4       org.eclipse.jdt.internal.compiler.classfmt.ClassFileReader::<init> (2135 bytes)
Total: 1

VM state: not at safepoint (normal execution)

VM Mutex/Monitor currently owned by a thread: None

Heap address: 0x00000000c0000000, size: 1024 MB, Compressed Oops mode: 32-bit

CDS archive(s) mapped at: [0x0000022b02000000-0x0000022b02ba0000-0x0000022b02ba0000), size 12189696, SharedBaseAddress: 0x0000022b02000000, ArchiveRelocationMode: 1.
Compressed class space mapped at: 0x0000022b03000000-0x0000022b43000000, reserved size: 1073741824
Narrow klass base: 0x0000022b02000000, Narrow klass shift: 0, Narrow klass range: 0x100000000

GC Precious Log:
 CardTable entry size: 512
 CPUs: 4 total, 4 available
 Memory: 3877M
 Large Page Support: Disabled
 NUMA Support: Disabled
 Compressed Oops: Enabled (32-bit)
 Alignments: Space 512K, Generation 512K, Heap 2M
 Heap Min Capacity: 100M
 Heap Initial Capacity: 100M
 Heap Max Capacity: 1G
 Pre-touch: Disabled
 Parallel Workers: 4

Heap:
 PSYoungGen      total 22016K, used 20757K [0x00000000eab00000, 0x00000000ece00000, 0x0000000100000000)
  eden space 18432K, 93% used [0x00000000eab00000,0x00000000ebbc7648,0x00000000ebd00000)
  from space 3584K, 99% used [0x00000000ebd80000,0x00000000ec0fe198,0x00000000ec100000)
  to   space 8704K, 0% used [0x00000000ec580000,0x00000000ec580000,0x00000000ece00000)
 ParOldGen       total 68608K, used 54831K [0x00000000c0000000, 0x00000000c4300000, 0x00000000eab00000)
  object space 68608K, 79% used [0x00000000c0000000,0x00000000c358bc60,0x00000000c4300000)
 Metaspace       used 50688K, committed 51904K, reserved 1114112K
  class space    used 5370K, committed 5888K, reserved 1048576K

Card table byte_map: [0x0000022b6d640000,0x0000022b6d850000] _byte_map_base: 0x0000022b6d040000

Marking Bits: (ParMarkBitMap*) 0x00007ffc51c83260
 Begin Bits: [0x0000022b00000000, 0x0000022b01000000)
 End Bits:   [0x0000022b01000000, 0x0000022b02000000)

Polling page: 0x0000022b6bb80000

Metaspace:

Usage:
  Non-class:     44.26 MB used.
      Class:      5.24 MB used.
       Both:     49.50 MB used.

Virtual space:
  Non-class space:       64.00 MB reserved,      44.94 MB ( 70%) committed,  1 nodes.
      Class space:        1.00 GB reserved,       5.75 MB ( <1%) committed,  1 nodes.
             Both:        1.06 GB reserved,      50.69 MB (  5%) committed. 

Chunk freelists:
   Non-Class:  2.22 MB
       Class:  10.11 MB
        Both:  12.33 MB

MaxMetaspaceSize: unlimited
CompressedClassSpaceSize: 1.00 GB
Initial GC threshold: 21.00 MB
Current GC threshold: 58.38 MB
CDS: on
 - commit_granule_bytes: 65536.
 - commit_granule_words: 8192.
 - virtual_space_node_default_size: 8388608.
 - enlarge_chunks_in_place: 1.
 - use_allocation_guard: 0.


Internal statistics:

num_allocs_failed_limit: 8.
num_arena_births: 854.
num_arena_deaths: 14.
num_vsnodes_births: 2.
num_vsnodes_deaths: 0.
num_space_committed: 811.
num_space_uncommitted: 0.
num_chunks_returned_to_freelist: 22.
num_chunks_taken_from_freelist: 3065.
num_chunk_merges: 14.
num_chunk_splits: 1964.
num_chunks_enlarged: 1184.
num_inconsistent_stats: 0.

CodeHeap 'non-profiled nmethods': size=120000Kb used=3563Kb max_used=3563Kb free=116436Kb
 bounds [0x0000022b78950000, 0x0000022b78cd0000, 0x0000022b7fe80000]
CodeHeap 'profiled nmethods': size=120000Kb used=14643Kb max_used=14643Kb free=105356Kb
 bounds [0x0000022b70e80000, 0x0000022b71cd0000, 0x0000022b783b0000]
CodeHeap 'non-nmethods': size=5760Kb used=1409Kb max_used=1468Kb free=4350Kb
 bounds [0x0000022b783b0000, 0x0000022b78620000, 0x0000022b78950000]
 total_blobs=7571 nmethods=6865 adapters=612
 compilation: enabled
              stopped_count=0, restarted_count=0
 full_count=0

Compilation events (20 events):
Event: 17.830 Thread 0x0000022b43134510 nmethod 6462 0x0000022b78cc7410 code [0x0000022b78cc75a0, 0x0000022b78cc76d8]
Event: 17.830 Thread 0x0000022b43134510 6814       4       org.eclipse.jdt.core.compiler.CharOperation::hashCode (11 bytes)
Event: 17.833 Thread 0x0000022b43134510 nmethod 6814 0x0000022b78cc7810 code [0x0000022b78cc79c0, 0x0000022b78cc7c80]
Event: 17.833 Thread 0x0000022b43134510 6863       4       org.eclipse.jdt.core.compiler.CharOperation::lastSegment (22 bytes)
Event: 17.839 Thread 0x0000022b43134510 nmethod 6863 0x0000022b78cc7d90 code [0x0000022b78cc7f20, 0x0000022b78cc8268]
Event: 17.839 Thread 0x0000022b43134510 7145       4       jdk.internal.jrtfs.JrtFileSystem$1::close (10 bytes)
Event: 17.839 Thread 0x0000022b43134510 nmethod 7145 0x0000022b78cc8410 code [0x0000022b78cc85a0, 0x0000022b78cc8650]
Event: 17.839 Thread 0x0000022b43134510 6791       4       org.eclipse.jdt.internal.core.JavaModelManager::getJavaModelManager (4 bytes)
Event: 17.840 Thread 0x0000022b43134510 nmethod 6791 0x0000022b78cc8710 code [0x0000022b78cc88a0, 0x0000022b78cc8920]
Event: 17.840 Thread 0x0000022b43134510 7294       4       java.io.ByteArrayInputStream::close (1 bytes)
Event: 17.840 Thread 0x0000022b43134510 nmethod 7294 0x0000022b78cc8a10 code [0x0000022b78cc8ba0, 0x0000022b78cc8c28]
Event: 17.840 Thread 0x0000022b43134510 7302       4       sun.nio.ch.ChannelInputStream::close (10 bytes)
Event: 17.840 Thread 0x0000022b43134510 nmethod 7302 0x0000022b78cc8d10 code [0x0000022b78cc8ea0, 0x0000022b78cc8f50]
Event: 17.840 Thread 0x0000022b43134510 7305       4       java.nio.channels.Channels$ReadableByteChannelImpl::implCloseChannel (8 bytes)
Event: 17.840 Thread 0x0000022b43134510 nmethod 7305 0x0000022b78cc9010 code [0x0000022b78cc91a0, 0x0000022b78cc9250]
Event: 17.840 Thread 0x0000022b43134510 7329       4       org.eclipse.jdt.internal.compiler.ast.TypeDeclaration::kind (58 bytes)
Event: 17.841 Thread 0x0000022b43134510 nmethod 7329 0x0000022b78cc9310 code [0x0000022b78cc9480, 0x0000022b78cc9550]
Event: 18.104 Thread 0x0000022b43134510 7384       4       java.lang.String::getChars (55 bytes)
Event: 18.106 Thread 0x0000022b43134510 nmethod 7384 0x0000022b78cc9610 code [0x0000022b78cc97c0, 0x0000022b78cc9ba8]
Event: 18.106 Thread 0x0000022b43134510 7385   !   4       org.eclipse.jdt.internal.compiler.classfmt.ClassFileReader::<init> (2135 bytes)

GC Heap History (20 events):
Event: 13.771 GC heap before
{Heap before GC invocations=24 (full 2):
 PSYoungGen      total 22016K, used 21956K [0x00000000eab00000, 0x00000000ec480000, 0x0000000100000000)
  eden space 19968K, 100% used [0x00000000eab00000,0x00000000ebe80000,0x00000000ebe80000)
  from space 2048K, 97% used [0x00000000ebe80000,0x00000000ec071000,0x00000000ec080000)
  to   space 3072K, 0% used [0x00000000ec180000,0x00000000ec180000,0x00000000ec480000)
 ParOldGen       total 68608K, used 29472K [0x00000000c0000000, 0x00000000c4300000, 0x00000000eab00000)
  object space 68608K, 42% used [0x00000000c0000000,0x00000000c1cc8270,0x00000000c4300000)
 Metaspace       used 45465K, committed 46592K, reserved 1114112K
  class space    used 4788K, committed 5248K, reserved 1048576K
}
Event: 13.774 GC heap after
{Heap after GC invocations=24 (full 2):
 PSYoungGen      total 22016K, used 1792K [0x00000000eab00000, 0x00000000ec380000, 0x0000000100000000)
  eden space 19968K, 0% used [0x00000000eab00000,0x00000000eab00000,0x00000000ebe80000)
  from space 2048K, 87% used [0x00000000ec180000,0x00000000ec340000,0x00000000ec380000)
  to   space 2048K, 0% used [0x00000000ebe80000,0x00000000ebe80000,0x00000000ec080000)
 ParOldGen       total 68608K, used 31389K [0x00000000c0000000, 0x00000000c4300000, 0x00000000eab00000)
  object space 68608K, 45% used [0x00000000c0000000,0x00000000c1ea75e0,0x00000000c4300000)
 Metaspace       used 45465K, committed 46592K, reserved 1114112K
  class space    used 4788K, committed 5248K, reserved 1048576K
}
Event: 13.880 GC heap before
{Heap before GC invocations=25 (full 2):
 PSYoungGen      total 22016K, used 21760K [0x00000000eab00000, 0x00000000ec380000, 0x0000000100000000)
  eden space 19968K, 100% used [0x00000000eab00000,0x00000000ebe80000,0x00000000ebe80000)
  from space 2048K, 87% used [0x00000000ec180000,0x00000000ec340000,0x00000000ec380000)
  to   space 2048K, 0% used [0x00000000ebe80000,0x00000000ebe80000,0x00000000ec080000)
 ParOldGen       total 68608K, used 31389K [0x00000000c0000000, 0x00000000c4300000, 0x00000000eab00000)
  object space 68608K, 45% used [0x00000000c0000000,0x00000000c1ea75e0,0x00000000c4300000)
 Metaspace       used 45531K, committed 46592K, reserved 1114112K
  class space    used 4789K, committed 5248K, reserved 1048576K
}
Event: 13.885 GC heap after
{Heap after GC invocations=25 (full 2):
 PSYoungGen      total 22016K, used 2043K [0x00000000eab00000, 0x00000000ec680000, 0x0000000100000000)
  eden space 19968K, 0% used [0x00000000eab00000,0x00000000eab00000,0x00000000ebe80000)
  from space 2048K, 99% used [0x00000000ebe80000,0x00000000ec07ec18,0x00000000ec080000)
  to   space 4096K, 0% used [0x00000000ec280000,0x00000000ec280000,0x00000000ec680000)
 ParOldGen       total 68608K, used 33098K [0x00000000c0000000, 0x00000000c4300000, 0x00000000eab00000)
  object space 68608K, 48% used [0x00000000c0000000,0x00000000c2052a30,0x00000000c4300000)
 Metaspace       used 45531K, committed 46592K, reserved 1114112K
  class space    used 4789K, committed 5248K, reserved 1048576K
}
Event: 13.962 GC heap before
{Heap before GC invocations=26 (full 2):
 PSYoungGen      total 22016K, used 22011K [0x00000000eab00000, 0x00000000ec680000, 0x0000000100000000)
  eden space 19968K, 100% used [0x00000000eab00000,0x00000000ebe80000,0x00000000ebe80000)
  from space 2048K, 99% used [0x00000000ebe80000,0x00000000ec07ec18,0x00000000ec080000)
  to   space 4096K, 0% used [0x00000000ec280000,0x00000000ec280000,0x00000000ec680000)
 ParOldGen       total 68608K, used 33098K [0x00000000c0000000, 0x00000000c4300000, 0x00000000eab00000)
  object space 68608K, 48% used [0x00000000c0000000,0x00000000c2052a30,0x00000000c4300000)
 Metaspace       used 45571K, committed 46656K, reserved 1114112K
  class space    used 4792K, committed 5248K, reserved 1048576K
}
Event: 13.967 GC heap after
{Heap after GC invocations=26 (full 2):
 PSYoungGen      total 22016K, used 1912K [0x00000000eab00000, 0x00000000ec480000, 0x0000000100000000)
  eden space 19968K, 0% used [0x00000000eab00000,0x00000000eab00000,0x00000000ebe80000)
  from space 2048K, 93% used [0x00000000ec280000,0x00000000ec45e200,0x00000000ec480000)
  to   space 3072K, 0% used [0x00000000ebe80000,0x00000000ebe80000,0x00000000ec180000)
 ParOldGen       total 68608K, used 35115K [0x00000000c0000000, 0x00000000c4300000, 0x00000000eab00000)
  object space 68608K, 51% used [0x00000000c0000000,0x00000000c224ac98,0x00000000c4300000)
 Metaspace       used 45571K, committed 46656K, reserved 1114112K
  class space    used 4792K, committed 5248K, reserved 1048576K
}
Event: 14.231 GC heap before
{Heap before GC invocations=27 (full 2):
 PSYoungGen      total 22016K, used 21880K [0x00000000eab00000, 0x00000000ec480000, 0x0000000100000000)
  eden space 19968K, 100% used [0x00000000eab00000,0x00000000ebe80000,0x00000000ebe80000)
  from space 2048K, 93% used [0x00000000ec280000,0x00000000ec45e200,0x00000000ec480000)
  to   space 3072K, 0% used [0x00000000ebe80000,0x00000000ebe80000,0x00000000ec180000)
 ParOldGen       total 68608K, used 35115K [0x00000000c0000000, 0x00000000c4300000, 0x00000000eab00000)
  object space 68608K, 51% used [0x00000000c0000000,0x00000000c224ac98,0x00000000c4300000)
 Metaspace       used 46533K, committed 47616K, reserved 1114112K
  class space    used 4886K, committed 5376K, reserved 1048576K
}
Event: 14.236 GC heap after
{Heap after GC invocations=27 (full 2):
 PSYoungGen      total 23040K, used 3064K [0x00000000eab00000, 0x00000000ecb80000, 0x0000000100000000)
  eden space 19968K, 0% used [0x00000000eab00000,0x00000000eab00000,0x00000000ebe80000)
  from space 3072K, 99% used [0x00000000ebe80000,0x00000000ec17e100,0x00000000ec180000)
  to   space 6656K, 0% used [0x00000000ec500000,0x00000000ec500000,0x00000000ecb80000)
 ParOldGen       total 68608K, used 37971K [0x00000000c0000000, 0x00000000c4300000, 0x00000000eab00000)
  object space 68608K, 55% used [0x00000000c0000000,0x00000000c2514e70,0x00000000c4300000)
 Metaspace       used 46533K, committed 47616K, reserved 1114112K
  class space    used 4886K, committed 5376K, reserved 1048576K
}
Event: 14.788 GC heap before
{Heap before GC invocations=28 (full 2):
 PSYoungGen      total 23040K, used 23032K [0x00000000eab00000, 0x00000000ecb80000, 0x0000000100000000)
  eden space 19968K, 100% used [0x00000000eab00000,0x00000000ebe80000,0x00000000ebe80000)
  from space 3072K, 99% used [0x00000000ebe80000,0x00000000ec17e100,0x00000000ec180000)
  to   space 6656K, 0% used [0x00000000ec500000,0x00000000ec500000,0x00000000ecb80000)
 ParOldGen       total 68608K, used 37971K [0x00000000c0000000, 0x00000000c4300000, 0x00000000eab00000)
  object space 68608K, 55% used [0x00000000c0000000,0x00000000c2514e70,0x00000000c4300000)
 Metaspace       used 48415K, committed 49600K, reserved 1114112K
  class space    used 5078K, committed 5568K, reserved 1048576K
}
Event: 14.792 GC heap after
{Heap after GC invocations=28 (full 2):
 PSYoungGen      total 22528K, used 2225K [0x00000000eab00000, 0x00000000ec780000, 0x0000000100000000)
  eden space 19968K, 0% used [0x00000000eab00000,0x00000000eab00000,0x00000000ebe80000)
  from space 2560K, 86% used [0x00000000ec500000,0x00000000ec72c4c8,0x00000000ec780000)
  to   space 3584K, 0% used [0x00000000ec080000,0x00000000ec080000,0x00000000ec400000)
 ParOldGen       total 68608K, used 40749K [0x00000000c0000000, 0x00000000c4300000, 0x00000000eab00000)
  object space 68608K, 59% used [0x00000000c0000000,0x00000000c27cb648,0x00000000c4300000)
 Metaspace       used 48415K, committed 49600K, reserved 1114112K
  class space    used 5078K, committed 5568K, reserved 1048576K
}
Event: 14.967 GC heap before
{Heap before GC invocations=29 (full 2):
 PSYoungGen      total 22528K, used 22193K [0x00000000eab00000, 0x00000000ec780000, 0x0000000100000000)
  eden space 19968K, 100% used [0x00000000eab00000,0x00000000ebe80000,0x00000000ebe80000)
  from space 2560K, 86% used [0x00000000ec500000,0x00000000ec72c4c8,0x00000000ec780000)
  to   space 3584K, 0% used [0x00000000ec080000,0x00000000ec080000,0x00000000ec400000)
 ParOldGen       total 68608K, used 40749K [0x00000000c0000000, 0x00000000c4300000, 0x00000000eab00000)
  object space 68608K, 59% used [0x00000000c0000000,0x00000000c27cb648,0x00000000c4300000)
 Metaspace       used 48578K, committed 49728K, reserved 1114112K
  class space    used 5122K, committed 5568K, reserved 1048576K
}
Event: 14.970 GC heap after
{Heap after GC invocations=29 (full 2):
 PSYoungGen      total 23040K, used 2970K [0x00000000eab00000, 0x00000000ec580000, 0x0000000100000000)
  eden space 19968K, 0% used [0x00000000eab00000,0x00000000eab00000,0x00000000ebe80000)
  from space 3072K, 96% used [0x00000000ec080000,0x00000000ec366b00,0x00000000ec380000)
  to   space 2048K, 0% used [0x00000000ec380000,0x00000000ec380000,0x00000000ec580000)
 ParOldGen       total 68608K, used 42796K [0x00000000c0000000, 0x00000000c4300000, 0x00000000eab00000)
  object space 68608K, 62% used [0x00000000c0000000,0x00000000c29cb130,0x00000000c4300000)
 Metaspace       used 48578K, committed 49728K, reserved 1114112K
  class space    used 5122K, committed 5568K, reserved 1048576K
}
Event: 15.157 GC heap before
{Heap before GC invocations=30 (full 2):
 PSYoungGen      total 23040K, used 22938K [0x00000000eab00000, 0x00000000ec580000, 0x0000000100000000)
  eden space 19968K, 100% used [0x00000000eab00000,0x00000000ebe80000,0x00000000ebe80000)
  from space 3072K, 96% used [0x00000000ec080000,0x00000000ec366b00,0x00000000ec380000)
  to   space 2048K, 0% used [0x00000000ec380000,0x00000000ec380000,0x00000000ec580000)
 ParOldGen       total 68608K, used 42796K [0x00000000c0000000, 0x00000000c4300000, 0x00000000eab00000)
  object space 68608K, 62% used [0x00000000c0000000,0x00000000c29cb130,0x00000000c4300000)
 Metaspace       used 48907K, committed 50048K, reserved 1114112K
  class space    used 5151K, committed 5632K, reserved 1048576K
}
Event: 15.162 GC heap after
{Heap after GC invocations=30 (full 2):
 PSYoungGen      total 20480K, used 2017K [0x00000000eab00000, 0x00000000ecb80000, 0x0000000100000000)
  eden space 18432K, 0% used [0x00000000eab00000,0x00000000eab00000,0x00000000ebd00000)
  from space 2048K, 98% used [0x00000000ec380000,0x00000000ec5786f8,0x00000000ec580000)
  to   space 6656K, 0% used [0x00000000ebd00000,0x00000000ebd00000,0x00000000ec380000)
 ParOldGen       total 68608K, used 46742K [0x00000000c0000000, 0x00000000c4300000, 0x00000000eab00000)
  object space 68608K, 68% used [0x00000000c0000000,0x00000000c2da5948,0x00000000c4300000)
 Metaspace       used 48907K, committed 50048K, reserved 1114112K
  class space    used 5151K, committed 5632K, reserved 1048576K
}
Event: 15.388 GC heap before
{Heap before GC invocations=31 (full 2):
 PSYoungGen      total 20480K, used 20449K [0x00000000eab00000, 0x00000000ecb80000, 0x0000000100000000)
  eden space 18432K, 100% used [0x00000000eab00000,0x00000000ebd00000,0x00000000ebd00000)
  from space 2048K, 98% used [0x00000000ec380000,0x00000000ec5786f8,0x00000000ec580000)
  to   space 6656K, 0% used [0x00000000ebd00000,0x00000000ebd00000,0x00000000ec380000)
 ParOldGen       total 68608K, used 46742K [0x00000000c0000000, 0x00000000c4300000, 0x00000000eab00000)
  object space 68608K, 68% used [0x00000000c0000000,0x00000000c2da5948,0x00000000c4300000)
 Metaspace       used 49369K, committed 50496K, reserved 1114112K
  class space    used 5197K, committed 5696K, reserved 1048576K
}
Event: 15.401 GC heap after
{Heap after GC invocations=31 (full 2):
 PSYoungGen      total 20992K, used 2427K [0x00000000eab00000, 0x00000000ec500000, 0x0000000100000000)
  eden space 18432K, 0% used [0x00000000eab00000,0x00000000eab00000,0x00000000ebd00000)
  from space 2560K, 94% used [0x00000000ebd00000,0x00000000ebf5ee80,0x00000000ebf80000)
  to   space 4096K, 0% used [0x00000000ec100000,0x00000000ec100000,0x00000000ec500000)
 ParOldGen       total 68608K, used 48591K [0x00000000c0000000, 0x00000000c4300000, 0x00000000eab00000)
  object space 68608K, 70% used [0x00000000c0000000,0x00000000c2f73ce0,0x00000000c4300000)
 Metaspace       used 49369K, committed 50496K, reserved 1114112K
  class space    used 5197K, committed 5696K, reserved 1048576K
}
Event: 15.740 GC heap before
{Heap before GC invocations=32 (full 2):
 PSYoungGen      total 20992K, used 20859K [0x00000000eab00000, 0x00000000ec500000, 0x0000000100000000)
  eden space 18432K, 100% used [0x00000000eab00000,0x00000000ebd00000,0x00000000ebd00000)
  from space 2560K, 94% used [0x00000000ebd00000,0x00000000ebf5ee80,0x00000000ebf80000)
  to   space 4096K, 0% used [0x00000000ec100000,0x00000000ec100000,0x00000000ec500000)
 ParOldGen       total 68608K, used 48591K [0x00000000c0000000, 0x00000000c4300000, 0x00000000eab00000)
  object space 68608K, 70% used [0x00000000c0000000,0x00000000c2f73ce0,0x00000000c4300000)
 Metaspace       used 49923K, committed 51072K, reserved 1114112K
  class space    used 5271K, committed 5760K, reserved 1048576K
}
Event: 15.748 GC heap after
{Heap after GC invocations=32 (full 2):
 PSYoungGen      total 22016K, used 3317K [0x00000000eab00000, 0x00000000ec480000, 0x0000000100000000)
  eden space 18432K, 0% used [0x00000000eab00000,0x00000000eab00000,0x00000000ebd00000)
  from space 3584K, 92% used [0x00000000ec100000,0x00000000ec43d688,0x00000000ec480000)
  to   space 3584K, 0% used [0x00000000ebd80000,0x00000000ebd80000,0x00000000ec100000)
 ParOldGen       total 68608K, used 50884K [0x00000000c0000000, 0x00000000c4300000, 0x00000000eab00000)
  object space 68608K, 74% used [0x00000000c0000000,0x00000000c31b1368,0x00000000c4300000)
 Metaspace       used 49923K, committed 51072K, reserved 1114112K
  class space    used 5271K, committed 5760K, reserved 1048576K
}
Event: 16.574 GC heap before
{Heap before GC invocations=33 (full 2):
 PSYoungGen      total 22016K, used 21749K [0x00000000eab00000, 0x00000000ec480000, 0x0000000100000000)
  eden space 18432K, 100% used [0x00000000eab00000,0x00000000ebd00000,0x00000000ebd00000)
  from space 3584K, 92% used [0x00000000ec100000,0x00000000ec43d688,0x00000000ec480000)
  to   space 3584K, 0% used [0x00000000ebd80000,0x00000000ebd80000,0x00000000ec100000)
 ParOldGen       total 68608K, used 50884K [0x00000000c0000000, 0x00000000c4300000, 0x00000000eab00000)
  object space 68608K, 74% used [0x00000000c0000000,0x00000000c31b1368,0x00000000c4300000)
 Metaspace       used 49923K, committed 51072K, reserved 1114112K
  class space    used 5271K, committed 5760K, reserved 1048576K
}
Event: 16.581 GC heap after
{Heap after GC invocations=33 (full 2):
 PSYoungGen      total 22016K, used 3576K [0x00000000eab00000, 0x00000000ece00000, 0x0000000100000000)
  eden space 18432K, 0% used [0x00000000eab00000,0x00000000eab00000,0x00000000ebd00000)
  from space 3584K, 99% used [0x00000000ebd80000,0x00000000ec0fe198,0x00000000ec100000)
  to   space 8704K, 0% used [0x00000000ec580000,0x00000000ec580000,0x00000000ece00000)
 ParOldGen       total 68608K, used 54831K [0x00000000c0000000, 0x00000000c4300000, 0x00000000eab00000)
  object space 68608K, 79% used [0x00000000c0000000,0x00000000c358bc60,0x00000000c4300000)
 Metaspace       used 49923K, committed 51072K, reserved 1114112K
  class space    used 5271K, committed 5760K, reserved 1048576K
}

Dll operation events (10 events):
Event: 0.020 Loaded shared library c:\Users\User\.vscode\extensions\redhat.java-1.40.0-win32-x64\jre\21.0.6-win32-x86_64\bin\java.dll
Event: 0.201 Loaded shared library c:\Users\User\.vscode\extensions\redhat.java-1.40.0-win32-x64\jre\21.0.6-win32-x86_64\bin\zip.dll
Event: 0.228 Loaded shared library C:\Users\User\.vscode\extensions\redhat.java-1.40.0-win32-x64\jre\21.0.6-win32-x86_64\bin\instrument.dll
Event: 0.233 Loaded shared library C:\Users\User\.vscode\extensions\redhat.java-1.40.0-win32-x64\jre\21.0.6-win32-x86_64\bin\net.dll
Event: 0.236 Loaded shared library C:\Users\User\.vscode\extensions\redhat.java-1.40.0-win32-x64\jre\21.0.6-win32-x86_64\bin\nio.dll
Event: 0.240 Loaded shared library C:\Users\User\.vscode\extensions\redhat.java-1.40.0-win32-x64\jre\21.0.6-win32-x86_64\bin\zip.dll
Event: 0.263 Loaded shared library C:\Users\User\.vscode\extensions\redhat.java-1.40.0-win32-x64\jre\21.0.6-win32-x86_64\bin\jimage.dll
Event: 0.401 Loaded shared library c:\Users\User\.vscode\extensions\redhat.java-1.40.0-win32-x64\jre\21.0.6-win32-x86_64\bin\verify.dll
Event: 2.896 Loaded shared library C:\Users\User\AppData\Roaming\Code\User\globalStorage\redhat.java\1.40.0\config_win\org.eclipse.equinox.launcher\org.eclipse.equinox.launcher.win32.win32.x86_64_1.2.1200.v20250212-0927\eclipse_11909.dll
Event: 6.060 Loaded shared library C:\Users\User\AppData\Local\Temp\jna-2645995\jna9567412641582534286.dll

Deoptimization events (20 events):
Event: 17.042 Thread 0x0000022b4a40a1d0 Uncommon trap: trap_request=0xffffff45 fr.pc=0x0000022b78a7b2c0 relative=0x00000000000000a0
Event: 17.042 Thread 0x0000022b4a40a1d0 Uncommon trap: reason=unstable_if action=reinterpret pc=0x0000022b78a7b2c0 method=com.google.gson.stream.JsonReader.peek()Lcom/google/gson/stream/JsonToken; @ 15 c2
Event: 17.042 Thread 0x0000022b4a40a1d0 DEOPT PACKING pc=0x0000022b78a7b2c0 sp=0x000000e99c5fec60
Event: 17.042 Thread 0x0000022b4a40a1d0 DEOPT UNPACKING pc=0x0000022b78406da2 sp=0x000000e99c5febe8 mode 2
Event: 17.065 Thread 0x0000022b4a40a1d0 Uncommon trap: trap_request=0xffffff45 fr.pc=0x0000022b789a13dc relative=0x000000000000089c
Event: 17.065 Thread 0x0000022b4a40a1d0 Uncommon trap: reason=unstable_if action=reinterpret pc=0x0000022b789a13dc method=com.google.gson.stream.JsonReader.nextQuotedValue(C)Ljava/lang/String; @ 120 c2
Event: 17.065 Thread 0x0000022b4a40a1d0 DEOPT PACKING pc=0x0000022b789a13dc sp=0x000000e99c5fe690
Event: 17.065 Thread 0x0000022b4a40a1d0 DEOPT UNPACKING pc=0x0000022b78406da2 sp=0x000000e99c5fe628 mode 2
Event: 17.114 Thread 0x0000022b4a40a1d0 DEOPT PACKING pc=0x0000022b71148d55 sp=0x000000e99c5fb7b0
Event: 17.114 Thread 0x0000022b4a40a1d0 DEOPT UNPACKING pc=0x0000022b784078e2 sp=0x000000e99c5facb8 mode 0
Event: 17.234 Thread 0x0000022b4a40a1d0 Uncommon trap: trap_request=0xffffff45 fr.pc=0x0000022b78b345f8 relative=0x0000000000001998
Event: 17.234 Thread 0x0000022b4a40a1d0 Uncommon trap: reason=unstable_if action=reinterpret pc=0x0000022b78b345f8 method=sun.nio.cs.StreamDecoder.implRead([CII)I @ 36 c2
Event: 17.234 Thread 0x0000022b4a40a1d0 DEOPT PACKING pc=0x0000022b78b345f8 sp=0x000000e99c5fe400
Event: 17.234 Thread 0x0000022b4a40a1d0 DEOPT UNPACKING pc=0x0000022b78406da2 sp=0x000000e99c5fe348 mode 2
Event: 17.235 Thread 0x0000022b4a40a1d0 Uncommon trap: trap_request=0xffffff45 fr.pc=0x0000022b78b29c74 relative=0x0000000000000694
Event: 17.235 Thread 0x0000022b4a40a1d0 Uncommon trap: reason=unstable_if action=reinterpret pc=0x0000022b78b29c74 method=sun.nio.cs.StreamDecoder.implRead([CII)I @ 36 c2
Event: 17.235 Thread 0x0000022b4a40a1d0 DEOPT PACKING pc=0x0000022b78b29c74 sp=0x000000e99c5fe380
Event: 17.235 Thread 0x0000022b4a40a1d0 DEOPT UNPACKING pc=0x0000022b78406da2 sp=0x000000e99c5fe340 mode 2
Event: 18.104 Thread 0x0000022b48e8a570 DEOPT PACKING pc=0x0000022b71b38a9a sp=0x000000e99b9fe420
Event: 18.104 Thread 0x0000022b48e8a570 DEOPT UNPACKING pc=0x0000022b784078e2 sp=0x000000e99b9fd9a8 mode 0

Classes loaded (20 events):
Event: 13.218 Loading class java/nio/channels/NonWritableChannelException
Event: 13.218 Loading class java/nio/channels/NonWritableChannelException done
Event: 13.367 Loading class java/util/AbstractList$ListItr
Event: 13.368 Loading class java/util/AbstractList$ListItr done
Event: 14.016 Loading class java/util/WeakHashMap$KeyIterator
Event: 14.017 Loading class java/util/WeakHashMap$KeyIterator done
Event: 15.033 Loading class java/util/Vector$1
Event: 15.033 Loading class java/util/Vector$1 done
Event: 15.508 Loading class java/util/regex/Pattern$Caret
Event: 15.509 Loading class java/util/regex/Pattern$Caret done
Event: 15.591 Loading class java/util/stream/ReduceOps$4
Event: 15.592 Loading class java/util/stream/ReduceOps$4 done
Event: 15.595 Loading class java/util/stream/ReduceOps$4ReducingSink
Event: 15.595 Loading class java/util/stream/ReduceOps$4ReducingSink done
Event: 15.597 Loading class java/nio/file/Files$2
Event: 15.597 Loading class java/nio/file/Files$2 done
Event: 15.601 Loading class java/util/concurrent/ArrayBlockingQueue
Event: 15.602 Loading class java/util/concurrent/ArrayBlockingQueue done
Event: 15.614 Loading class java/util/Hashtable$ValueCollection
Event: 15.615 Loading class java/util/Hashtable$ValueCollection done

Classes unloaded (7 events):
Event: 8.017 Thread 0x0000022b4310d6d0 Unloading class 0x0000022b03199c00 'java/lang/invoke/LambdaForm$MH+0x0000022b03199c00'
Event: 8.017 Thread 0x0000022b4310d6d0 Unloading class 0x0000022b03199800 'java/lang/invoke/LambdaForm$MH+0x0000022b03199800'
Event: 8.017 Thread 0x0000022b4310d6d0 Unloading class 0x0000022b03199400 'java/lang/invoke/LambdaForm$MH+0x0000022b03199400'
Event: 8.017 Thread 0x0000022b4310d6d0 Unloading class 0x0000022b03199000 'java/lang/invoke/LambdaForm$MH+0x0000022b03199000'
Event: 8.017 Thread 0x0000022b4310d6d0 Unloading class 0x0000022b03198c00 'java/lang/invoke/LambdaForm$BMH+0x0000022b03198c00'
Event: 8.017 Thread 0x0000022b4310d6d0 Unloading class 0x0000022b03198800 'java/lang/invoke/LambdaForm$DMH+0x0000022b03198800'
Event: 8.018 Thread 0x0000022b4310d6d0 Unloading class 0x0000022b03193400 'java/lang/invoke/LambdaForm$DMH+0x0000022b03193400'

Classes redefined (0 events):
No events

Internal exceptions (20 events):
Event: 13.238 Thread 0x0000022b48e8a570 Exception <a 'java/io/FileNotFoundException'{0x00000000eb4d8770}> (0x00000000eb4d8770) 
thrown [s\src\hotspot\share\prims\jni.cpp, line 520]
Event: 13.238 Thread 0x0000022b48e8a570 Exception <a 'java/io/FileNotFoundException'{0x00000000eb4d99d8}> (0x00000000eb4d99d8) 
thrown [s\src\hotspot\share\prims\jni.cpp, line 520]
Event: 13.241 Thread 0x0000022b48e8a570 Exception <a 'java/lang/NoSuchMethodError'{0x00000000eb5b9e70}: 'java.lang.Object java.lang.invoke.DirectMethodHandle$Holder.newInvokeSpecial(java.lang.Object, java.lang.Object, java.lang.Object, int)'> (0x00000000eb5b9e70) 
thrown [s\src\hotspot\share\interpreter\linkResolver.cpp, line 773]
Event: 13.241 Thread 0x0000022b48e8a570 Exception <a 'java/lang/NoSuchMethodError'{0x00000000eb611c58}: 'java.lang.Object java.lang.invoke.DirectMethodHandle$Holder.invokeSpecial(java.lang.Object, java.lang.Object, java.lang.Object, java.lang.Object, int)'> (0x00000000eb611c58) 
thrown [s\src\hotspot\share\interpreter\linkResolver.cpp, line 773]
Event: 13.241 Thread 0x0000022b48e8a570 Exception <a 'java/lang/NoSuchMethodError'{0x00000000eb615100}: 'java.lang.Object java.lang.invoke.Invokers$Holder.linkToTargetMethod(java.lang.Object, java.lang.Object, int, java.lang.Object)'> (0x00000000eb615100) 
thrown [s\src\hotspot\share\interpreter\linkResolver.cpp, line 773]
Event: 14.020 Thread 0x0000022b48e89850 Exception <a 'java/io/FileNotFoundException'{0x00000000eafffc90}> (0x00000000eafffc90) 
thrown [s\src\hotspot\share\prims\jni.cpp, line 520]
Event: 14.021 Thread 0x0000022b48e89850 Exception <a 'java/io/FileNotFoundException'{0x00000000eb000c88}> (0x00000000eb000c88) 
thrown [s\src\hotspot\share\prims\jni.cpp, line 520]
Event: 14.021 Thread 0x0000022b48e89850 Exception <a 'java/io/FileNotFoundException'{0x00000000eb0019e0}> (0x00000000eb0019e0) 
thrown [s\src\hotspot\share\prims\jni.cpp, line 520]
Event: 14.183 Thread 0x0000022b48e891c0 Exception <a 'java/io/FileNotFoundException'{0x00000000ebb4f708}> (0x00000000ebb4f708) 
thrown [s\src\hotspot\share\prims\jni.cpp, line 520]
Event: 14.183 Thread 0x0000022b48e891c0 Exception <a 'java/io/FileNotFoundException'{0x00000000ebba14e0}> (0x00000000ebba14e0) 
thrown [s\src\hotspot\share\prims\jni.cpp, line 520]
Event: 14.184 Thread 0x0000022b48e891c0 Exception <a 'java/io/FileNotFoundException'{0x00000000ebba2c78}> (0x00000000ebba2c78) 
thrown [s\src\hotspot\share\prims\jni.cpp, line 520]
Event: 14.184 Thread 0x0000022b48e891c0 Exception <a 'java/io/FileNotFoundException'{0x00000000ebba3f30}> (0x00000000ebba3f30) 
thrown [s\src\hotspot\share\prims\jni.cpp, line 520]
Event: 14.184 Thread 0x0000022b48e891c0 Exception <a 'java/io/FileNotFoundException'{0x00000000ebba4f40}> (0x00000000ebba4f40) 
thrown [s\src\hotspot\share\prims\jni.cpp, line 520]
Event: 14.338 Thread 0x0000022b48e8a570 Implicit null exception at 0x0000022b78c0db5a to 0x0000022b78c0dc58
Event: 14.693 Thread 0x0000022b48e891c0 Exception <a 'sun/nio/fs/WindowsException'{0x00000000eba1a5c0}> (0x00000000eba1a5c0) 
thrown [s\src\hotspot\share\prims\jni.cpp, line 520]
Event: 14.700 Thread 0x0000022b48e891c0 Exception <a 'sun/nio/fs/WindowsException'{0x00000000eba620c8}> (0x00000000eba620c8) 
thrown [s\src\hotspot\share\prims\jni.cpp, line 520]
Event: 15.621 Thread 0x0000022b48e891c0 Exception <a 'sun/nio/fs/WindowsException'{0x00000000eb7fde38}> (0x00000000eb7fde38) 
thrown [s\src\hotspot\share\prims\jni.cpp, line 520]
Event: 15.621 Thread 0x0000022b48e891c0 Exception <a 'sun/nio/fs/WindowsException'{0x00000000eb7fe468}> (0x00000000eb7fe468) 
thrown [s\src\hotspot\share\prims\jni.cpp, line 520]
Event: 15.636 Thread 0x0000022b48e891c0 Exception <a 'sun/nio/fs/WindowsException'{0x00000000eb8bc210}> (0x00000000eb8bc210) 
thrown [s\src\hotspot\share\prims\jni.cpp, line 520]
Event: 15.636 Thread 0x0000022b48e891c0 Exception <a 'sun/nio/fs/WindowsException'{0x00000000eb8bc840}> (0x00000000eb8bc840) 
thrown [s\src\hotspot\share\prims\jni.cpp, line 520]

ZGC Phase Switch (0 events):
No events

VM Operations (20 events):
Event: 14.633 Executing VM operation: HandshakeAllThreads (Deoptimize)
Event: 14.634 Executing VM operation: HandshakeAllThreads (Deoptimize) done
Event: 14.788 Executing VM operation: ParallelGCFailedAllocation (Allocation Failure)
Event: 14.792 Executing VM operation: ParallelGCFailedAllocation (Allocation Failure) done
Event: 14.967 Executing VM operation: ParallelGCFailedAllocation (Allocation Failure)
Event: 14.970 Executing VM operation: ParallelGCFailedAllocation (Allocation Failure) done
Event: 15.157 Executing VM operation: ParallelGCFailedAllocation (Allocation Failure)
Event: 15.162 Executing VM operation: ParallelGCFailedAllocation (Allocation Failure) done
Event: 15.388 Executing VM operation: ParallelGCFailedAllocation (Allocation Failure)
Event: 15.401 Executing VM operation: ParallelGCFailedAllocation (Allocation Failure) done
Event: 15.594 Executing VM operation: HandshakeAllThreads (Deoptimize)
Event: 15.594 Executing VM operation: HandshakeAllThreads (Deoptimize) done
Event: 15.740 Executing VM operation: ParallelGCFailedAllocation (Allocation Failure)
Event: 15.748 Executing VM operation: ParallelGCFailedAllocation (Allocation Failure) done
Event: 16.574 Executing VM operation: ParallelGCFailedAllocation (Allocation Failure)
Event: 16.581 Executing VM operation: ParallelGCFailedAllocation (Allocation Failure) done
Event: 17.305 Executing VM operation: HandshakeAllThreads (Deoptimize)
Event: 18.087 Executing VM operation: HandshakeAllThreads (Deoptimize) done
Event: 18.087 Executing VM operation: Cleanup
Event: 18.103 Executing VM operation: Cleanup done

Memory protections (0 events):
No events

Nmethod flushes (20 events):
Event: 10.776 Thread 0x0000022b4310d6d0 flushing  nmethod 0x0000022b71501090
Event: 10.776 Thread 0x0000022b4310d6d0 flushing  nmethod 0x0000022b71502290
Event: 10.776 Thread 0x0000022b4310d6d0 flushing  nmethod 0x0000022b71502a90
Event: 10.776 Thread 0x0000022b4310d6d0 flushing  nmethod 0x0000022b71503210
Event: 10.776 Thread 0x0000022b4310d6d0 flushing  nmethod 0x0000022b71504790
Event: 10.776 Thread 0x0000022b4310d6d0 flushing  nmethod 0x0000022b71504c90
Event: 10.776 Thread 0x0000022b4310d6d0 flushing  nmethod 0x0000022b71505590
Event: 10.776 Thread 0x0000022b4310d6d0 flushing  nmethod 0x0000022b71505a10
Event: 10.776 Thread 0x0000022b4310d6d0 flushing  nmethod 0x0000022b71506590
Event: 10.776 Thread 0x0000022b4310d6d0 flushing  nmethod 0x0000022b71508010
Event: 10.776 Thread 0x0000022b4310d6d0 flushing  nmethod 0x0000022b71508310
Event: 10.776 Thread 0x0000022b4310d6d0 flushing  nmethod 0x0000022b71512a90
Event: 10.776 Thread 0x0000022b4310d6d0 flushing  nmethod 0x0000022b7151c190
Event: 10.776 Thread 0x0000022b4310d6d0 flushing  nmethod 0x0000022b7152f290
Event: 10.776 Thread 0x0000022b4310d6d0 flushing  nmethod 0x0000022b7153fd90
Event: 10.776 Thread 0x0000022b4310d6d0 flushing  nmethod 0x0000022b71544590
Event: 10.776 Thread 0x0000022b4310d6d0 flushing  nmethod 0x0000022b7154b810
Event: 10.776 Thread 0x0000022b4310d6d0 flushing  nmethod 0x0000022b715a3f10
Event: 10.776 Thread 0x0000022b4310d6d0 flushing  nmethod 0x0000022b715dc890
Event: 10.776 Thread 0x0000022b4310d6d0 flushing  nmethod 0x0000022b7161b690

Events (20 events):
Event: 5.212 Thread 0x0000022b4868bc30 Thread added: 0x0000022b48e89ee0
Event: 6.139 Thread 0x0000022b4868bc30 Thread added: 0x0000022b48e8c640
Event: 6.235 Thread 0x0000022b4868bc30 Thread added: 0x0000022b48e8bfb0
Event: 6.296 Thread 0x0000022b48e8bfb0 Thread added: 0x0000022b48e891c0
Event: 8.861 Thread 0x0000022b48e8bfb0 Thread added: 0x0000022b48e89850
Event: 8.951 Thread 0x0000022b48e89850 Thread added: 0x0000022b48e8b920
Event: 9.088 Thread 0x0000022b4868bc30 Thread added: 0x0000022b48e8a570
Event: 10.566 Thread 0x0000022b48e8b920 Thread added: 0x0000022b48e8b290
Event: 10.591 Thread 0x0000022b48e8b290 Thread added: 0x0000022b48e8ac00
Event: 10.748 Thread 0x0000022b6dc80530 Thread added: 0x0000022b4a406030
Event: 10.801 Thread 0x0000022b6dc80530 Thread added: 0x0000022b4a40d650
Event: 10.805 Thread 0x0000022b6dc80530 Thread added: 0x0000022b4a408100
Event: 10.806 Thread 0x0000022b6dc80530 Thread added: 0x0000022b4a4066c0
Event: 10.806 Thread 0x0000022b6dc80530 Thread added: 0x0000022b4a406d50
Event: 10.912 Thread 0x0000022b6dc80530 Thread added: 0x0000022b4a4073e0
Event: 11.114 Thread 0x0000022b6dc80530 Thread added: 0x0000022b4a409b40
Event: 11.121 Thread 0x0000022b6dc80530 Thread added: 0x0000022b4a40a1d0
Event: 12.718 Thread 0x0000022b48a6ecd0 Thread exited: 0x0000022b48a6ecd0
Event: 14.720 Thread 0x0000022b48e891c0 Thread added: 0x0000022b4a40b580
Event: 15.603 Thread 0x0000022b48e891c0 Thread added: 0x0000022b4a407a70


Dynamic libraries:
0x00007ff7606d0000 - 0x00007ff7606de000 	c:\Users\User\.vscode\extensions\redhat.java-1.40.0-win32-x64\jre\21.0.6-win32-x86_64\bin\java.exe
0x00007ffc8ea30000 - 0x00007ffc8ec28000 	C:\Windows\SYSTEM32\ntdll.dll
0x00007ffc8deb0000 - 0x00007ffc8df72000 	C:\Windows\System32\KERNEL32.DLL
0x00007ffc8c170000 - 0x00007ffc8c46f000 	C:\Windows\System32\KERNELBASE.dll
0x00007ffc8c4e0000 - 0x00007ffc8c5e0000 	C:\Windows\System32\ucrtbase.dll
0x00007ffc80890000 - 0x00007ffc808a8000 	c:\Users\User\.vscode\extensions\redhat.java-1.40.0-win32-x64\jre\21.0.6-win32-x86_64\bin\jli.dll
0x00007ffc8caf0000 - 0x00007ffc8cc8d000 	C:\Windows\System32\USER32.dll
0x00007ffc8c780000 - 0x00007ffc8c7a2000 	C:\Windows\System32\win32u.dll
0x00007ffc8e7e0000 - 0x00007ffc8e80b000 	C:\Windows\System32\GDI32.dll
0x00007ffc8c660000 - 0x00007ffc8c77a000 	C:\Windows\System32\gdi32full.dll
0x00007ffc8c0d0000 - 0x00007ffc8c16d000 	C:\Windows\System32\msvcp_win.dll
0x00007ffc54d20000 - 0x00007ffc54d3e000 	c:\Users\User\.vscode\extensions\redhat.java-1.40.0-win32-x64\jre\21.0.6-win32-x86_64\bin\VCRUNTIME140.dll
0x00007ffc6eee0000 - 0x00007ffc6f17a000 	C:\Windows\WinSxS\amd64_microsoft.windows.common-controls_6595b64144ccf1df_6.0.19041.4355_none_60b8b9eb71f62e16\COMCTL32.dll
0x00007ffc8e810000 - 0x00007ffc8e8ae000 	C:\Windows\System32\msvcrt.dll
0x00007ffc8cac0000 - 0x00007ffc8caef000 	C:\Windows\System32\IMM32.DLL
0x00007ffc86840000 - 0x00007ffc8684c000 	c:\Users\User\.vscode\extensions\redhat.java-1.40.0-win32-x64\jre\21.0.6-win32-x86_64\bin\vcruntime140_1.dll
0x00007ffc51d60000 - 0x00007ffc51ded000 	c:\Users\User\.vscode\extensions\redhat.java-1.40.0-win32-x64\jre\21.0.6-win32-x86_64\bin\msvcp140.dll
0x00007ffc50fd0000 - 0x00007ffc51d60000 	c:\Users\User\.vscode\extensions\redhat.java-1.40.0-win32-x64\jre\21.0.6-win32-x86_64\bin\server\jvm.dll
0x00007ffc8e0b0000 - 0x00007ffc8e15f000 	C:\Windows\System32\ADVAPI32.dll
0x00007ffc8e1c0000 - 0x00007ffc8e25f000 	C:\Windows\System32\sechost.dll
0x00007ffc8df80000 - 0x00007ffc8e0a3000 	C:\Windows\System32\RPCRT4.dll
0x00007ffc8c630000 - 0x00007ffc8c657000 	C:\Windows\System32\bcrypt.dll
0x00007ffc8d1d0000 - 0x00007ffc8d23b000 	C:\Windows\System32\WS2_32.dll
0x00007ffc8bf20000 - 0x00007ffc8bf6b000 	C:\Windows\SYSTEM32\POWRPROF.dll
0x00007ffc76eb0000 - 0x00007ffc76ed7000 	C:\Windows\SYSTEM32\WINMM.dll
0x00007ffc812b0000 - 0x00007ffc812ba000 	C:\Windows\SYSTEM32\VERSION.dll
0x00007ffc8bf00000 - 0x00007ffc8bf12000 	C:\Windows\SYSTEM32\UMPDC.dll
0x00007ffc8a8b0000 - 0x00007ffc8a8c2000 	C:\Windows\SYSTEM32\kernel.appcore.dll
0x00007ffc55720000 - 0x00007ffc5572a000 	c:\Users\User\.vscode\extensions\redhat.java-1.40.0-win32-x64\jre\21.0.6-win32-x86_64\bin\jimage.dll
0x00007ffc89e10000 - 0x00007ffc89ff4000 	C:\Windows\SYSTEM32\DBGHELP.DLL
0x00007ffc690e0000 - 0x00007ffc69114000 	C:\Windows\SYSTEM32\dbgcore.DLL
0x00007ffc8c9c0000 - 0x00007ffc8ca42000 	C:\Windows\System32\bcryptPrimitives.dll
0x00007ffc55210000 - 0x00007ffc5521f000 	c:\Users\User\.vscode\extensions\redhat.java-1.40.0-win32-x64\jre\21.0.6-win32-x86_64\bin\instrument.dll
0x00007ffc54ca0000 - 0x00007ffc54cbf000 	c:\Users\User\.vscode\extensions\redhat.java-1.40.0-win32-x64\jre\21.0.6-win32-x86_64\bin\java.dll
0x00007ffc8d6e0000 - 0x00007ffc8de4d000 	C:\Windows\System32\SHELL32.dll
0x00007ffc8a000000 - 0x00007ffc8a7a4000 	C:\Windows\SYSTEM32\windows.storage.dll
0x00007ffc8cd50000 - 0x00007ffc8d0a5000 	C:\Windows\System32\combase.dll
0x00007ffc8ba30000 - 0x00007ffc8ba5f000 	C:\Windows\SYSTEM32\Wldp.dll
0x00007ffc8d2a0000 - 0x00007ffc8d36d000 	C:\Windows\System32\OLEAUT32.dll
0x00007ffc8cca0000 - 0x00007ffc8cd4d000 	C:\Windows\System32\SHCORE.dll
0x00007ffc8d240000 - 0x00007ffc8d295000 	C:\Windows\System32\shlwapi.dll
0x00007ffc8c000000 - 0x00007ffc8c024000 	C:\Windows\SYSTEM32\profapi.dll
0x00007ffc50d50000 - 0x00007ffc50d68000 	c:\Users\User\.vscode\extensions\redhat.java-1.40.0-win32-x64\jre\21.0.6-win32-x86_64\bin\zip.dll
0x00007ffc54d10000 - 0x00007ffc54d20000 	C:\Users\User\.vscode\extensions\redhat.java-1.40.0-win32-x64\jre\21.0.6-win32-x86_64\bin\net.dll
0x00007ffc7e540000 - 0x00007ffc7e64a000 	C:\Windows\SYSTEM32\WINHTTP.dll
0x00007ffc8b790000 - 0x00007ffc8b7fc000 	C:\Windows\system32\mswsock.dll
0x00007ffc50fb0000 - 0x00007ffc50fc6000 	C:\Users\User\.vscode\extensions\redhat.java-1.40.0-win32-x64\jre\21.0.6-win32-x86_64\bin\nio.dll
0x00007ffc54c90000 - 0x00007ffc54ca0000 	c:\Users\User\.vscode\extensions\redhat.java-1.40.0-win32-x64\jre\21.0.6-win32-x86_64\bin\verify.dll
0x00007ffc50d00000 - 0x00007ffc50d45000 	C:\Users\User\AppData\Roaming\Code\User\globalStorage\redhat.java\1.40.0\config_win\org.eclipse.equinox.launcher\org.eclipse.equinox.launcher.win32.win32.x86_64_1.2.1200.v20250212-0927\eclipse_11909.dll
0x00007ffc8d370000 - 0x00007ffc8d49b000 	C:\Windows\System32\ole32.dll
0x00007ffc8b990000 - 0x00007ffc8b9a8000 	C:\Windows\SYSTEM32\CRYPTSP.dll
0x00007ffc8b0b0000 - 0x00007ffc8b0e4000 	C:\Windows\system32\rsaenh.dll
0x00007ffc8bf80000 - 0x00007ffc8bfae000 	C:\Windows\SYSTEM32\USERENV.dll
0x00007ffc8b980000 - 0x00007ffc8b98c000 	C:\Windows\SYSTEM32\CRYPTBASE.dll
0x00007ffc8b470000 - 0x00007ffc8b4ab000 	C:\Windows\SYSTEM32\IPHLPAPI.DLL
0x00007ffc8cc90000 - 0x00007ffc8cc98000 	C:\Windows\System32\NSI.dll
0x00007ffc50e10000 - 0x00007ffc50e59000 	C:\Users\User\AppData\Local\Temp\jna-2645995\jna9567412641582534286.dll
0x00007ffc8ca50000 - 0x00007ffc8ca58000 	C:\Windows\System32\PSAPI.DLL
0x00007ffc7ec90000 - 0x00007ffc7eca7000 	C:\Windows\SYSTEM32\dhcpcsvc6.DLL
0x00007ffc7ec70000 - 0x00007ffc7ec8d000 	C:\Windows\SYSTEM32\dhcpcsvc.DLL

dbghelp: loaded successfully - version: 4.0.5 - missing functions: none
symbol engine: initialized successfully - sym options: 0x614 - pdb path: .;c:\Users\User\.vscode\extensions\redhat.java-1.40.0-win32-x64\jre\21.0.6-win32-x86_64\bin;C:\Windows\SYSTEM32;C:\Windows\WinSxS\amd64_microsoft.windows.common-controls_6595b64144ccf1df_6.0.19041.4355_none_60b8b9eb71f62e16;c:\Users\User\.vscode\extensions\redhat.java-1.40.0-win32-x64\jre\21.0.6-win32-x86_64\bin\server;C:\Users\User\AppData\Roaming\Code\User\globalStorage\redhat.java\1.40.0\config_win\org.eclipse.equinox.launcher\org.eclipse.equinox.launcher.win32.win32.x86_64_1.2.1200.v20250212-0927;C:\Users\User\AppData\Local\Temp\jna-2645995

VM Arguments:
jvm_args: --add-modules=ALL-SYSTEM --add-opens=java.base/java.util=ALL-UNNAMED --add-opens=java.base/java.lang=ALL-UNNAMED --add-opens=java.base/sun.nio.fs=ALL-UNNAMED -Declipse.application=org.eclipse.jdt.ls.core.id1 -Dosgi.bundles.defaultStartLevel=4 -Declipse.product=org.eclipse.jdt.ls.core.product -Djava.import.generatesMetadataFilesAtProjectRoot=false -DDetectVMInstallationsJob.disabled=true -Dfile.encoding=utf8 -XX:+UseParallelGC -XX:GCTimeRatio=4 -XX:AdaptiveSizePolicyWeight=90 -Dsun.zip.disableMemoryMapping=true -Xmx1G -Xms100m -Xlog:disable -javaagent:c:\Users\User\.vscode\extensions\redhat.java-1.40.0-win32-x64\lombok\lombok-1.18.36.jar -XX:+HeapDumpOnOutOfMemoryError -XX:HeapDumpPath=c:\Users\User\AppData\Roaming\Code\User\workspaceStorage\c4408599922379a783a3e01f84d06afc\redhat.java -Daether.dependencyCollector.impl=bf 
java_command: c:\Users\User\.vscode\extensions\redhat.java-1.40.0-win32-x64\server\plugins\org.eclipse.equinox.launcher_1.6.1000.v20250131-0606.jar -configuration c:\Users\User\AppData\Roaming\Code\User\globalStorage\redhat.java\1.40.0\config_win -data c:\Users\User\AppData\Roaming\Code\User\workspaceStorage\c4408599922379a783a3e01f84d06afc\redhat.java\jdt_ws --pipe=\\.\pipe\lsp-89dab120b0d1374eff635cf6d7e12c90-sock
java_class_path (initial): c:\Users\User\.vscode\extensions\redhat.java-1.40.0-win32-x64\server\plugins\org.eclipse.equinox.launcher_1.6.1000.v20250131-0606.jar
Launcher Type: SUN_STANDARD

[Global flags]
    uintx AdaptiveSizePolicyWeight                 = 90                                        {product} {command line}
     intx CICompilerCount                          = 3                                         {product} {ergonomic}
    uintx GCTimeRatio                              = 4                                         {product} {command line}
     bool HeapDumpOnOutOfMemoryError               = true                                   {manageable} {command line}
    ccstr HeapDumpPath                             = c:\Users\User\AppData\Roaming\Code\User\workspaceStorage\c4408599922379a783a3e01f84d06afc\redhat.java         {manageable} {command line}
   size_t InitialHeapSize                          = 104857600                                 {product} {command line}
   size_t MaxHeapSize                              = 1073741824                                {product} {command line}
   size_t MaxNewSize                               = 357564416                                 {product} {ergonomic}
   size_t MinHeapDeltaBytes                        = 524288                                    {product} {ergonomic}
   size_t MinHeapSize                              = 104857600                                 {product} {command line}
   size_t NewSize                                  = 34603008                                  {product} {ergonomic}
    uintx NonNMethodCodeHeapSize                   = 5832780                                {pd product} {ergonomic}
    uintx NonProfiledCodeHeapSize                  = 122912730                              {pd product} {ergonomic}
   size_t OldSize                                  = 70254592                                  {product} {ergonomic}
    uintx ProfiledCodeHeapSize                     = 122912730                              {pd product} {ergonomic}
    uintx ReservedCodeCacheSize                    = 251658240                              {pd product} {ergonomic}
     bool SegmentedCodeCache                       = true                                      {product} {ergonomic}
   size_t SoftMaxHeapSize                          = 1073741824                             {manageable} {ergonomic}
     bool UseCompressedOops                        = true                           {product lp64_product} {ergonomic}
     bool UseLargePagesIndividualAllocation        = false                                  {pd product} {ergonomic}
     bool UseParallelGC                            = true                                      {product} {command line}

Logging:
Log output configuration:
 #0: stdout all=off uptime,level,tags foldmultilines=false
 #1: stderr all=off uptime,level,tags foldmultilines=false

Environment Variables:
JAVA_HOME=C:\Program Files\Java\jdk-19
PATH=C:\Program Files\Eclipse Adoptium\jdk-21.0.6.7-hotspot\bin;C:\Python312\Scripts\;C:\Python312\;C:\Program Files\Common Files\Oracle\Java\javapath;C:\Program Files (x86)\Common Files\Oracle\Java\java8path;C:\Program Files (x86)\Common Files\Oracle\Java\javapath;C:\Windows\system32;C:\Windows;C:\Windows\System32\Wbem;C:\Windows\System32\WindowsPowerShell\v1.0\;C:\Windows\System32\OpenSSH\;C:\Program Files\Java\jdk-19\bin;C:\ProgramData\chocolatey\bin;C:\Program Files\nodejs\;C:\Program Files\Git\cmd;C:\Program Files\Java\jdk-19;C:\Program Files\MySQL\MySQL Shell 8.0\bin\;C:\Users\User\AppData\Local\Microsoft\WindowsApps;C:\Users\User\AppData\Local\Programs\Microsoft VS Code\bin;C:\Users\User\AppData\Roaming\npm;C:\Program Files\sf\bin;C:\Users\User\.bun\bin
USERNAME=User
OS=Windows_NT
PROCESSOR_IDENTIFIER=Intel64 Family 6 Model 126 Stepping 5, GenuineIntel
TMP=C:\Users\User\AppData\Local\Temp
TEMP=C:\Users\User\AppData\Local\Temp




Periodic native trim disabled

---------------  S Y S T E M  ---------------

OS:
 Windows 10 , 64 bit Build 19041 (10.0.19041.5438)
OS uptime: 0 days 11:50 hours

CPU: total 4 (initial active 4) (2 cores per cpu, 2 threads per core) family 6 model 126 stepping 5 microcode 0xa6, cx8, cmov, fxsr, ht, mmx, 3dnowpref, sse, sse2, sse3, ssse3, sse4.1, sse4.2, popcnt, lzcnt, tsc, tscinvbit, avx, avx2, aes, erms, clmul, bmi1, bmi2, adx, avx512f, avx512dq, avx512cd, avx512bw, avx512vl, sha, fma, vzeroupper, avx512_vpopcntdq, avx512_vpclmulqdq, avx512_vaes, avx512_vnni, clflush, clflushopt, avx512_vbmi2, avx512_vbmi, rdtscp, rdpid, fsrm, gfni, avx512_bitalg, f16c, pku, avx512_ifma
Processor Information for the first 4 processors :
  Max Mhz: 1190, Current Mhz: 1190, Mhz Limit: 1190

Memory: 4k page, system-wide physical 3877M (203M free)
TotalPageFile size 15653M (AvailPageFile size 89M)
current process WorkingSet (physical memory assigned to process): 197M, peak: 223M
current process commit charge ("private bytes"): 300M, peak: 305M

vm_info: OpenJDK 64-Bit Server VM (21.0.6+7-LTS) for windows-amd64 JRE (21.0.6+7-LTS), built on 2025-01-21T00:00:00Z by "admin" with MS VC++ 17.7 (VS2022)

END.
